2019-03-17 09:30:28: connect init:286
2019-03-17 09:30:28: select UserCode, password, UserName,UserType FROM PUB_User where UserCode = 'cxc'
2019-03-17 09:30:28: success1
2019-03-17 09:30:28: insert into pub_LogInfo(UserCode,UserName,ModuleName,AccessionNumber,IPAddress,TimeStamp) values('cxc','陈希超','登录','','192.168.0.104',GetDate())
2019-03-17 09:30:28: success1
2019-03-17 09:30:29: select a.StudyDate,b.PatientsName ,b.PatientsID,b.PatientsSex ,a.ExamineName ,a.ExamineDoctor ,a.accessionNumber ,a.Lab ,a.RegDate ,(case a.status when 0 then '未开始' when 1 then '进行中' when 2 then '已完成' end) as myStatus,a.LockUserCode from CISReport a,pub_patients b where a.PatientIndex=b.PatientsIndex and a.StudyDate between '2019-03-17 00:00:00' and '2019-03-17 23:59:59'
2019-03-17 09:30:29: success1
2019-03-17 09:30:31: select c.*,p.*,CAST(p.PatientsDOB as  datetime) as Birthday from CISReport as c ,pub_patients as p  where c.patientIndex=p.PatientsIndex and c.AccessionNumber = 'DSA108'
2019-03-17 09:30:31: success1
2019-03-17 09:30:31: select b.ComboValue,a.ComboType from ComboData as a,ComboDataDetail as b where a.ComboDataIndex=b.ComboDataIndex and a.ComboUID='ssdj_Lab' order by b.ComboValueOrder asc
2019-03-17 09:30:31: success4
2019-03-17 09:30:31: select b.ComboValue,a.ComboType from ComboData as a,ComboDataDetail as b where a.ComboDataIndex=b.ComboDataIndex and a.ComboUID='ssdj_ExamineName' order by b.ComboValueOrder asc
2019-03-17 09:30:31: success2
2019-03-17 09:30:34: select * from pub_patients where patientsID='safd'
2019-03-17 09:30:34: success1
2019-03-17 09:31:11: connect init:144
2019-03-17 09:31:11: select UserCode, password, UserName,UserType FROM PUB_User where UserCode = 'cxc'
2019-03-17 09:31:11: success1
2019-03-17 09:31:11: insert into pub_LogInfo(UserCode,UserName,ModuleName,AccessionNumber,IPAddress,TimeStamp) values('cxc','陈希超','登录','','192.168.0.104',GetDate())
2019-03-17 09:31:11: success1
2019-03-17 09:31:12: select a.StudyDate,b.PatientsName ,b.PatientsID,b.PatientsSex ,a.ExamineName ,a.ExamineDoctor ,a.accessionNumber ,a.Lab ,a.RegDate ,(case a.status when 0 then '未开始' when 1 then '进行中' when 2 then '已完成' end) as myStatus,a.LockUserCode from CISReport a,pub_patients b where a.PatientIndex=b.PatientsIndex and a.StudyDate between '2019-03-17 00:00:00' and '2019-03-17 23:59:59'
2019-03-17 09:31:12: success1
2019-03-17 09:31:14: select c.*,p.*,CAST(p.PatientsDOB as  datetime) as Birthday from CISReport as c ,pub_patients as p  where c.patientIndex=p.PatientsIndex and c.AccessionNumber = 'DSA108'
2019-03-17 09:31:14: success1
2019-03-17 09:31:14: select b.ComboValue,a.ComboType from ComboData as a,ComboDataDetail as b where a.ComboDataIndex=b.ComboDataIndex and a.ComboUID='ssdj_Lab' order by b.ComboValueOrder asc
2019-03-17 09:31:14: success4
2019-03-17 09:31:14: select b.ComboValue,a.ComboType from ComboData as a,ComboDataDetail as b where a.ComboDataIndex=b.ComboDataIndex and a.ComboUID='ssdj_ExamineName' order by b.ComboValueOrder asc
2019-03-17 09:31:14: success2
2019-03-17 09:31:17: select * from pub_patients where patientsID='safd'
2019-03-17 09:31:19: success1
2019-03-17 09:32:19: connect init:59
2019-03-17 09:32:19: select UserCode, password, UserName,UserType FROM PUB_User where UserCode = 'cxc'
2019-03-17 09:32:19: success1
2019-03-17 09:32:20: insert into pub_LogInfo(UserCode,UserName,ModuleName,AccessionNumber,IPAddress,TimeStamp) values('cxc','陈希超','登录','','192.168.0.104',GetDate())
2019-03-17 09:32:20: success1
2019-03-17 09:32:20: select a.StudyDate,b.PatientsName ,b.PatientsID,b.PatientsSex ,a.ExamineName ,a.ExamineDoctor ,a.accessionNumber ,a.Lab ,a.RegDate ,(case a.status when 0 then '未开始' when 1 then '进行中' when 2 then '已完成' end) as myStatus,a.LockUserCode from CISReport a,pub_patients b where a.PatientIndex=b.PatientsIndex and a.StudyDate between '2019-03-17 00:00:00' and '2019-03-17 23:59:59'
2019-03-17 09:32:20: success1
2019-03-17 09:32:23: select c.*,p.*,CAST(p.PatientsDOB as  datetime) as Birthday from CISReport as c ,pub_patients as p  where c.patientIndex=p.PatientsIndex and c.AccessionNumber = 'DSA108'
2019-03-17 09:32:23: success1
2019-03-17 09:32:23: select b.ComboValue,a.ComboType from ComboData as a,ComboDataDetail as b where a.ComboDataIndex=b.ComboDataIndex and a.ComboUID='ssdj_Lab' order by b.ComboValueOrder asc
2019-03-17 09:32:23: success4
2019-03-17 09:32:23: select b.ComboValue,a.ComboType from ComboData as a,ComboDataDetail as b where a.ComboDataIndex=b.ComboDataIndex and a.ComboUID='ssdj_ExamineName' order by b.ComboValueOrder asc
2019-03-17 09:32:23: success2
2019-03-17 09:32:26: select * from pub_patients where patientsID='safd'
2019-03-17 09:32:26: success1
2019-03-17 09:33:30: connect init:119
2019-03-17 09:33:30: select UserCode, password, UserName,UserType FROM PUB_User where UserCode = 'cxc'
2019-03-17 09:33:30: success1
2019-03-17 09:33:30: insert into pub_LogInfo(UserCode,UserName,ModuleName,AccessionNumber,IPAddress,TimeStamp) values('cxc','陈希超','登录','','192.168.0.104',GetDate())
2019-03-17 09:33:31: success1
2019-03-17 09:33:32: select a.StudyDate,b.PatientsName ,b.PatientsID,b.PatientsSex ,a.ExamineName ,a.ExamineDoctor ,a.accessionNumber ,a.Lab ,a.RegDate ,(case a.status when 0 then '未开始' when 1 then '进行中' when 2 then '已完成' end) as myStatus,a.LockUserCode from CISReport a,pub_patients b where a.PatientIndex=b.PatientsIndex and a.StudyDate between '2019-03-17 00:00:00' and '2019-03-17 23:59:59'
2019-03-17 09:33:32: success1
2019-03-17 09:33:34: select c.*,p.*,CAST(p.PatientsDOB as  datetime) as Birthday from CISReport as c ,pub_patients as p  where c.patientIndex=p.PatientsIndex and c.AccessionNumber = 'DSA108'
2019-03-17 09:33:34: success1
2019-03-17 09:33:34: select b.ComboValue,a.ComboType from ComboData as a,ComboDataDetail as b where a.ComboDataIndex=b.ComboDataIndex and a.ComboUID='ssdj_Lab' order by b.ComboValueOrder asc
2019-03-17 09:33:34: success4
2019-03-17 09:33:34: select b.ComboValue,a.ComboType from ComboData as a,ComboDataDetail as b where a.ComboDataIndex=b.ComboDataIndex and a.ComboUID='ssdj_ExamineName' order by b.ComboValueOrder asc
2019-03-17 09:33:34: success2
2019-03-17 09:33:36: select * from pub_patients where patientsID='safd'
2019-03-17 09:33:36: success1
2019-03-17 09:33:36: start UpdateRecord
2019-03-17 09:33:36: Update pub_Patients set PatientsName=@PatientsName,PatientsCertificate=@PatientsCertificate,PatientsSex=@PatientsSex,PatientsDOB=@PatientsDOB,ClinicDiagnose=@ClinicDiagnose,BedNo=@BedNo,SickArea=@SickArea,PatientsPhone=@PatientsPhone,PatientsAddress=@PatientsAddress,PatientsComments=@PatientsComments,PatientsAlias=@PatientsAlias where PatientsID=@PatientsID
2019-03-17 09:33:36: success1
2019-03-17 09:33:36: start getsingle select PatientsIndex from Pub_Patients where patientsID = 'safd'
2019-03-17 09:33:36: start UpdateRecord
2019-03-17 09:33:36: Update CISReport set PatientIndex=@PatientIndex,StudyDate=@StudyDate,RegDate=@RegDate,ExamineType=@ExamineType,Lab=@Lab,PatientAge=@PatientAge,StudyStartDate=@StudyStartDate,StudyEndDate=@StudyEndDate,EnterDate=@EnterDate,LeaveDate=@LeaveDate,ExamineName=@ExamineName,ExamineDoctor=@ExamineDoctor where AccessionNumber=@AccessionNumber
2019-03-17 09:33:36: success1
2019-03-17 09:33:38: select c.*,p.*,CAST(p.PatientsDOB as  datetime) as Birthday from CISReport as c ,pub_patients as p  where c.patientIndex=p.PatientsIndex and c.AccessionNumber = 'DSA108'
2019-03-17 09:33:38: success1
2019-03-17 09:33:38: select b.ComboValue,a.ComboType from ComboData as a,ComboDataDetail as b where a.ComboDataIndex=b.ComboDataIndex and a.ComboUID='ssdj_Lab' order by b.ComboValueOrder asc
2019-03-17 09:33:38: success4
2019-03-17 09:33:38: select b.ComboValue,a.ComboType from ComboData as a,ComboDataDetail as b where a.ComboDataIndex=b.ComboDataIndex and a.ComboUID='ssdj_ExamineName' order by b.ComboValueOrder asc
2019-03-17 09:33:38: success2
2019-03-17 09:33:41: select * from pub_patients where patientsID='safd'
2019-03-17 09:33:41: success1
2019-03-17 09:33:51: connect init:212
2019-03-17 09:33:51: select UserCode, password, UserName,UserType FROM PUB_User where UserCode = 'cxc'
2019-03-17 09:33:51: success1
2019-03-17 09:33:51: insert into pub_LogInfo(UserCode,UserName,ModuleName,AccessionNumber,IPAddress,TimeStamp) values('cxc','陈希超','登录','','192.168.0.104',GetDate())
2019-03-17 09:33:52: success1
2019-03-17 09:33:52: select a.StudyDate,b.PatientsName ,b.PatientsID,b.PatientsSex ,a.ExamineName ,a.ExamineDoctor ,a.accessionNumber ,a.Lab ,a.RegDate ,(case a.status when 0 then '未开始' when 1 then '进行中' when 2 then '已完成' end) as myStatus,a.LockUserCode from CISReport a,pub_patients b where a.PatientIndex=b.PatientsIndex and a.StudyDate between '2019-03-17 00:00:00' and '2019-03-17 23:59:59'
2019-03-17 09:33:53: success1
2019-03-17 09:33:55: select c.*,p.*,CAST(p.PatientsDOB as  datetime) as Birthday from CISReport as c ,pub_patients as p  where c.patientIndex=p.PatientsIndex and c.AccessionNumber = 'DSA108'
2019-03-17 09:33:55: success1
2019-03-17 09:33:55: select b.ComboValue,a.ComboType from ComboData as a,ComboDataDetail as b where a.ComboDataIndex=b.ComboDataIndex and a.ComboUID='ssdj_Lab' order by b.ComboValueOrder asc
2019-03-17 09:33:55: success4
2019-03-17 09:33:55: select b.ComboValue,a.ComboType from ComboData as a,ComboDataDetail as b where a.ComboDataIndex=b.ComboDataIndex and a.ComboUID='ssdj_ExamineName' order by b.ComboValueOrder asc
2019-03-17 09:33:55: success2
2019-03-17 09:33:56: select * from pub_patients where patientsID='safd'
2019-03-17 09:33:56: success1
2019-03-17 09:33:56: start UpdateRecord
2019-03-17 09:33:56: Update pub_Patients set PatientsName=@PatientsName,PatientsCertificate=@PatientsCertificate,PatientsSex=@PatientsSex,PatientsDOB=@PatientsDOB,ClinicDiagnose=@ClinicDiagnose,BedNo=@BedNo,SickArea=@SickArea,PatientsPhone=@PatientsPhone,PatientsAddress=@PatientsAddress,PatientsComments=@PatientsComments,PatientsAlias=@PatientsAlias where PatientsID=@PatientsID
2019-03-17 09:33:56: success1
2019-03-17 09:33:56: start getsingle select PatientsIndex from Pub_Patients where patientsID = 'safd'
2019-03-17 09:33:56: start UpdateRecord
2019-03-17 09:33:56: Update CISReport set PatientIndex=@PatientIndex,StudyDate=@StudyDate,RegDate=@RegDate,ExamineType=@ExamineType,Lab=@Lab,PatientAge=@PatientAge,StudyStartDate=@StudyStartDate,StudyEndDate=@StudyEndDate,EnterDate=@EnterDate,LeaveDate=@LeaveDate,ExamineName=@ExamineName,ExamineDoctor=@ExamineDoctor where AccessionNumber=@AccessionNumber
2019-03-17 09:33:56: success1
2019-03-17 09:33:59: select c.*,p.*,CAST(p.PatientsDOB as  datetime) as Birthday from CISReport as c ,pub_patients as p  where c.patientIndex=p.PatientsIndex and c.AccessionNumber = 'DSA108'
2019-03-17 09:33:59: success1
2019-03-17 09:33:59: select b.ComboValue,a.ComboType from ComboData as a,ComboDataDetail as b where a.ComboDataIndex=b.ComboDataIndex and a.ComboUID='ssdj_Lab' order by b.ComboValueOrder asc
2019-03-17 09:33:59: success4
2019-03-17 09:33:59: select b.ComboValue,a.ComboType from ComboData as a,ComboDataDetail as b where a.ComboDataIndex=b.ComboDataIndex and a.ComboUID='ssdj_ExamineName' order by b.ComboValueOrder asc
2019-03-17 09:33:59: success2
2019-03-17 09:34:01: select * from pub_patients where patientsID='safd'
2019-03-17 09:34:01: success1
2019-03-17 09:39:42: connect init:164
2019-03-17 09:39:42: select UserCode, password, UserName,UserType FROM PUB_User where UserCode = 'cxc'
2019-03-17 09:39:44: success1
2019-03-17 09:39:44: insert into pub_LogInfo(UserCode,UserName,ModuleName,AccessionNumber,IPAddress,TimeStamp) values('cxc','陈希超','登录','','192.168.0.104',GetDate())
2019-03-17 09:39:44: success1
2019-03-17 09:39:45: select a.StudyDate,b.PatientsName ,b.PatientsID,b.PatientsSex ,a.ExamineName ,a.ExamineDoctor ,a.accessionNumber ,a.Lab ,a.RegDate ,(case a.status when 0 then '未开始' when 1 then '进行中' when 2 then '已完成' end) as myStatus,a.LockUserCode from CISReport a,pub_patients b where a.PatientIndex=b.PatientsIndex and a.StudyDate between '2019-03-17 00:00:00' and '2019-03-17 23:59:59'
2019-03-17 09:39:45: success3
2019-03-17 09:39:47: select c.*,p.*,CAST(p.PatientsDOB as  datetime) as Birthday from CISReport as c ,pub_patients as p  where c.patientIndex=p.PatientsIndex and c.AccessionNumber = 'DSA110'
2019-03-17 09:39:47: success1
2019-03-17 09:39:47: select b.ComboValue,a.ComboType from ComboData as a,ComboDataDetail as b where a.ComboDataIndex=b.ComboDataIndex and a.ComboUID='ssdj_Lab' order by b.ComboValueOrder asc
2019-03-17 09:39:47: success4
2019-03-17 09:39:47: select b.ComboValue,a.ComboType from ComboData as a,ComboDataDetail as b where a.ComboDataIndex=b.ComboDataIndex and a.ComboUID='ssdj_ExamineName' order by b.ComboValueOrder asc
2019-03-17 09:39:47: success2
2019-03-17 09:39:49: select * from pub_patients where patientsID='fda'
2019-03-17 09:39:49: success1
2019-03-17 09:39:49: start UpdateRecord
2019-03-17 09:39:49: Update pub_Patients set PatientsName=@PatientsName,PatientsCertificate=@PatientsCertificate,PatientsSex=@PatientsSex,PatientsDOB=@PatientsDOB,ClinicDiagnose=@ClinicDiagnose,BedNo=@BedNo,SickArea=@SickArea,PatientsPhone=@PatientsPhone,PatientsAddress=@PatientsAddress,PatientsComments=@PatientsComments,PatientsAlias=@PatientsAlias where PatientsID=@PatientsID
2019-03-17 09:39:49: success1
2019-03-17 09:39:49: start getsingle select PatientsIndex from Pub_Patients where patientsID = 'fda'
2019-03-17 09:39:49: start UpdateRecord
2019-03-17 09:39:49: Update CISReport set PatientIndex=@PatientIndex,StudyDate=@StudyDate,RegDate=@RegDate,ExamineType=@ExamineType,Lab=@Lab,PatientAge=@PatientAge,StudyStartDate=@StudyStartDate,StudyEndDate=@StudyEndDate,EnterDate=@EnterDate,LeaveDate=@LeaveDate,ExamineName=@ExamineName,ExamineDoctor=@ExamineDoctor where AccessionNumber=@AccessionNumber
2019-03-17 09:39:49: success1
2019-03-17 09:39:51: select c.*,p.*,CAST(p.PatientsDOB as  datetime) as Birthday from CISReport as c ,pub_patients as p  where c.patientIndex=p.PatientsIndex and c.AccessionNumber = 'DSA109'
2019-03-17 09:39:51: success1
2019-03-17 09:39:51: select b.ComboValue,a.ComboType from ComboData as a,ComboDataDetail as b where a.ComboDataIndex=b.ComboDataIndex and a.ComboUID='ssdj_Lab' order by b.ComboValueOrder asc
2019-03-17 09:39:51: success4
2019-03-17 09:39:51: select b.ComboValue,a.ComboType from ComboData as a,ComboDataDetail as b where a.ComboDataIndex=b.ComboDataIndex and a.ComboUID='ssdj_ExamineName' order by b.ComboValueOrder asc
2019-03-17 09:39:51: success2
2019-03-17 09:39:55: select * from pub_patients where patientsID='fdsa'
2019-03-17 09:39:55: success1
2019-03-17 09:39:55: start UpdateRecord
2019-03-17 09:39:55: Update pub_Patients set PatientsName=@PatientsName,PatientsCertificate=@PatientsCertificate,PatientsSex=@PatientsSex,PatientsDOB=@PatientsDOB,ClinicDiagnose=@ClinicDiagnose,BedNo=@BedNo,SickArea=@SickArea,PatientsPhone=@PatientsPhone,PatientsAddress=@PatientsAddress,PatientsComments=@PatientsComments,PatientsAlias=@PatientsAlias where PatientsID=@PatientsID
2019-03-17 09:39:55: success1
2019-03-17 09:39:55: start getsingle select PatientsIndex from Pub_Patients where patientsID = 'fdsa'
2019-03-17 09:39:55: start UpdateRecord
2019-03-17 09:39:55: Update CISReport set PatientIndex=@PatientIndex,StudyDate=@StudyDate,RegDate=@RegDate,ExamineType=@ExamineType,Lab=@Lab,PatientAge=@PatientAge,StudyStartDate=@StudyStartDate,StudyEndDate=@StudyEndDate,EnterDate=@EnterDate,LeaveDate=@LeaveDate,ExamineName=@ExamineName,ExamineDoctor=@ExamineDoctor where AccessionNumber=@AccessionNumber
2019-03-17 09:39:55: success1
2019-03-17 09:39:57: select c.*,p.*,CAST(p.PatientsDOB as  datetime) as Birthday from CISReport as c ,pub_patients as p  where c.patientIndex=p.PatientsIndex and c.AccessionNumber = 'DSA109'
2019-03-17 09:39:57: success1
2019-03-17 09:39:57: select b.ComboValue,a.ComboType from ComboData as a,ComboDataDetail as b where a.ComboDataIndex=b.ComboDataIndex and a.ComboUID='ssdj_Lab' order by b.ComboValueOrder asc
2019-03-17 09:39:57: success4
2019-03-17 09:39:57: select b.ComboValue,a.ComboType from ComboData as a,ComboDataDetail as b where a.ComboDataIndex=b.ComboDataIndex and a.ComboUID='ssdj_ExamineName' order by b.ComboValueOrder asc
2019-03-17 09:39:57: success2
2019-03-17 09:39:58: select * from pub_patients where patientsID='fdsa'
2019-03-17 09:39:58: success1
2019-03-17 09:39:59: start UpdateRecord
2019-03-17 09:39:59: Update pub_Patients set PatientsName=@PatientsName,PatientsCertificate=@PatientsCertificate,PatientsSex=@PatientsSex,PatientsDOB=@PatientsDOB,ClinicDiagnose=@ClinicDiagnose,BedNo=@BedNo,SickArea=@SickArea,PatientsPhone=@PatientsPhone,PatientsAddress=@PatientsAddress,PatientsComments=@PatientsComments,PatientsAlias=@PatientsAlias where PatientsID=@PatientsID
2019-03-17 09:39:59: success1
2019-03-17 09:39:59: start getsingle select PatientsIndex from Pub_Patients where patientsID = 'fdsa'
2019-03-17 09:39:59: start UpdateRecord
2019-03-17 09:39:59: Update CISReport set PatientIndex=@PatientIndex,StudyDate=@StudyDate,RegDate=@RegDate,ExamineType=@ExamineType,Lab=@Lab,PatientAge=@PatientAge,StudyStartDate=@StudyStartDate,StudyEndDate=@StudyEndDate,EnterDate=@EnterDate,LeaveDate=@LeaveDate,ExamineName=@ExamineName,ExamineDoctor=@ExamineDoctor where AccessionNumber=@AccessionNumber
2019-03-17 09:39:59: success1
2019-03-17 09:40:06: connect init:390
2019-03-17 09:40:07: select UserCode, password, UserName,UserType FROM PUB_User where UserCode = 'cxc'
2019-03-17 09:40:07: success1
2019-03-17 09:40:07: insert into pub_LogInfo(UserCode,UserName,ModuleName,AccessionNumber,IPAddress,TimeStamp) values('cxc','陈希超','登录','','192.168.0.104',GetDate())
2019-03-17 09:40:07: success1
2019-03-17 09:40:08: select b.ComboValue,a.ComboType from ComboData as a,ComboDataDetail as b where a.ComboDataIndex=b.ComboDataIndex and a.ComboUID='ssjbxx_Lab'
2019-03-17 09:40:08: success6
2019-03-17 09:40:08: select UserName,UserType from pub_User 
2019-03-17 09:40:08: success32
2019-03-17 09:40:08: select a.StudyDate,b.PatientsName ,b.PatientsID,b.PatientsSex ,a.ExamineName ,a.ExamineDoctor ,a.accessionNumber ,a.Lab ,a.RegDate ,(case a.status when 0 then '未开始' when 1 then '进行中' when 2 then '已完成' end) as myStatus,a.ImportantItem from CISReport a,pub_patients b where a.PatientIndex=b.PatientsIndex and a.StudyDate between '2019-03-17 00:00:00' and '2019-03-17 23:59:59'
2019-03-17 09:40:08: success3
2019-03-17 09:40:12: select a.StudyDate,b.PatientsName ,b.PatientsID,b.PatientsSex ,a.ExamineName ,a.ExamineDoctor ,a.accessionNumber ,a.Lab ,a.RegDate ,(case a.status when 0 then '未开始' when 1 then '进行中' when 2 then '已完成' end) as myStatus,a.ImportantItem from CISReport a,pub_patients b where a.PatientIndex=b.PatientsIndex and a.StudyDate between '2019-03-16 00:00:00' and '2019-03-17 23:59:59'
2019-03-17 09:40:12: success8
2019-03-17 09:40:15: select c.*,p.*,CAST(p.PatientsDOB as  datetime) as Birthday from CISReport as c ,pub_patients as p  where c.patientIndex=p.PatientsIndex and c.AccessionNumber = 'DSA104'
2019-03-17 09:40:15: success1
2019-03-17 09:40:15: insert into pub_LogInfo(UserCode,UserName,ModuleName,AccessionNumber,IPAddress,TimeStamp) values('cxc','陈希超','患者信息','DSA104','192.168.0.104',GetDate())
2019-03-17 09:40:15: success1
2019-03-17 09:40:17: insert into pub_LogInfo(UserCode,UserName,ModuleName,AccessionNumber,IPAddress,TimeStamp) values('cxc','陈希超','冠脉造影','DSA104','192.168.0.104',GetDate())
2019-03-17 09:40:17: success1
2019-03-17 09:40:17: select b.ComboValue,a.ComboType from ComboData as a,ComboDataDetail as b where a.ComboDataIndex=b.ComboDataIndex and a.ComboUID='gmzy_jrzlqk_cyss' order by b.ComboValueOrder asc
2019-03-17 09:40:17: success9
2019-03-17 09:40:17: select b.ComboValue,a.ComboType from ComboData as a,ComboDataDetail as b where a.ComboDataIndex=b.ComboDataIndex and a.ComboUID='gmzy_jrzlqk_bwjr' order by b.ComboValueOrder asc
2019-03-17 09:40:17: success2
2019-03-17 09:40:17: select b.ComboValue,a.ComboType from ComboData as a,ComboDataDetail as b where a.ComboDataIndex=b.ComboDataIndex and a.ComboUID='gmzy_jrzlqk_zlhTIMI' order by b.ComboValueOrder asc
2019-03-17 09:40:17: success4
2019-03-17 09:40:17: select b.ComboValue,a.ComboType from ComboData as a,ComboDataDetail as b where a.ComboDataIndex=b.ComboDataIndex and a.ComboUID='gmzy_jrzlqk_zrzj' order by b.ComboValueOrder asc
2019-03-17 09:40:17: success8
2019-03-17 09:40:17: select b.ComboValue,a.ComboType from ComboData as a,ComboDataDetail as b where a.ComboDataIndex=b.ComboDataIndex and a.ComboUID='gmzy_jrzlqk_szbfz' order by b.ComboValueOrder asc
2019-03-17 09:40:17: success15
2019-03-17 09:40:17: select b.ComboValue,a.ComboType from ComboData as a,ComboDataDetail as b where a.ComboDataIndex=b.ComboDataIndex and a.ComboUID='gmzy_FFR_ty1' order by b.ComboValueOrder asc
2019-03-17 09:40:17: success9
2019-03-17 09:40:17: select b.ComboValue,a.ComboType from ComboData as a,ComboDataDetail as b where a.ComboDataIndex=b.ComboDataIndex and a.ComboUID='gmzy_FFR_ty2' order by b.ComboValueOrder asc
2019-03-17 09:40:17: success9
2019-03-17 09:40:17: select b.ComboValue,a.ComboType from ComboData as a,ComboDataDetail as b where a.ComboDataIndex=b.ComboDataIndex and a.ComboUID='gmzy_IVUS_IVUSsj1' order by b.ComboValueOrder asc
2019-03-17 09:40:17: success12
2019-03-17 09:40:17: select b.ComboValue,a.ComboType from ComboData as a,ComboDataDetail as b where a.ComboDataIndex=b.ComboDataIndex and a.ComboUID='gmzy_IVUS_IVUSsj2' order by b.ComboValueOrder asc
2019-03-17 09:40:17: success7
2019-03-17 09:40:17: select b.ComboValue,a.ComboType from ComboData as a,ComboDataDetail as b where a.ComboDataIndex=b.ComboDataIndex and a.ComboUID='gmzy_OCT_OCTsj1' order by b.ComboValueOrder asc
2019-03-17 09:40:17: success12
2019-03-17 09:40:17: select b.ComboValue,a.ComboType from ComboData as a,ComboDataDetail as b where a.ComboDataIndex=b.ComboDataIndex and a.ComboUID='gmzy_OCT_OCTsj2' order by b.ComboValueOrder asc
2019-03-17 09:40:17: success7
2019-03-17 09:40:17: select b.ComboValue,a.ComboType from ComboData as a,ComboDataDetail as b where a.ComboDataIndex=b.ComboDataIndex and a.ComboUID='gmzy_jbxx_gmysx' order by b.ComboValueOrder asc
2019-03-17 09:40:17: success3
2019-03-17 09:40:17: select b.ComboValue,a.ComboType from ComboData as a,ComboDataDetail as b where a.ComboDataIndex=b.ComboDataIndex and a.ComboUID='gmzy_jbxx_jxgm' order by b.ComboValueOrder asc
2019-03-17 09:40:17: success5
2019-03-17 09:40:17: select b.ComboValue,a.ComboType from ComboData as a,ComboDataDetail as b where a.ComboDataIndex=b.ComboDataIndex and a.ComboUID='gmzy_jbxx_shzd' order by b.ComboValueOrder asc
2019-03-17 09:40:17: success3
2019-03-17 09:40:17: select b.ComboValue,a.ComboType from ComboData as a,ComboDataDetail as b where a.ComboDataIndex=b.ComboDataIndex and a.ComboUID='gmzy_jbxx_bhff' order by b.ComboValueOrder asc
2019-03-17 09:40:17: success5
2019-03-17 09:40:17: select b.ComboValue,a.ComboType from ComboData as a,ComboDataDetail as b where a.ComboDataIndex=b.ComboDataIndex and a.ComboUID='gmzy_jbxx_bfz' order by b.ComboValueOrder asc
2019-03-17 09:40:17: success3
2019-03-17 09:40:17: select b.ComboValue,a.ComboType from ComboData as a,ComboDataDetail as b where a.ComboDataIndex=b.ComboDataIndex and a.ComboUID='gmzy_jbxx_czxg' order by b.ComboValueOrder asc
2019-03-17 09:40:17: success2
2019-03-17 09:40:17: select b.ComboValue,a.ComboType from ComboData as a,ComboDataDetail as b where a.ComboDataIndex=b.ComboDataIndex and a.ComboUID='gmzy_jbxx_zhidong' order by b.ComboValueOrder asc
2019-03-17 09:40:17: success3
2019-03-17 09:40:17: select b.ComboValue,a.ComboType from ComboData as a,ComboDataDetail as b where a.ComboDataIndex=b.ComboDataIndex and a.ComboUID='gmzy_jbxx_cabgs' order by b.ComboValueOrder asc
2019-03-17 09:40:17: success2
2019-03-17 09:40:17: select b.ComboValue,a.ComboType from ComboData as a,ComboDataDetail as b where a.ComboDataIndex=b.ComboDataIndex and a.ComboUID='gmzy_xm_mtdx' order by b.ComboValueOrder asc
2019-03-17 09:40:17: success4
2019-03-17 09:40:17: select b.ComboValue,a.ComboType from ComboData as a,ComboDataDetail as b where a.ComboDataIndex=b.ComboDataIndex and a.ComboUID='gmzy_xm_jkxg' order by b.ComboValueOrder asc
2019-03-17 09:40:18: success2
2019-03-17 09:40:18: select  * from Coronary where AccessionNumber = 'DSA104'
2019-03-17 09:40:18: success1
2019-03-17 09:40:18: select *  from PACSPrint where AccessionNumber='DSA104' order by LesionName
2019-03-17 09:40:18: success2
2019-03-17 09:40:18: select *,(case xzcd when '区间' then  CAST(XzcdValue1 as varchar(4))+'-'+CAST(XzcdValue2 as varchar(4)) else  CAST(XzcdValue1 as varchar(4))  end ) as NewXzcd,(case Bbcd when '区间' then  CAST(BbcdValue1 as varchar(4))+'-'+CAST(BbcdValue2 as varchar(4)) else  CAST(BbcdValue1 as varchar(4))  end ) as NewBbcd   from CoronaryDetail where CoronaryIndex=58
2019-03-17 09:40:18: success5
2019-03-17 09:40:18: select DetailIndex,(Category+' '+EquipmentName+' '+EquipmentType+' '+Brand) as Equipment,number,sysfcg,cast(zxyl as varchar(12)) as zxyl,cast(zdyl as varchar(12)) as zdyl ,cast(sfsj as varchar(12)) as sfsj,bz from CoronaryEquipmentDetail  where CoronaryDetailIndex =126  and (Category like '%球囊%'  or Category like '%支架%' )  union  select DetailIndex,(Category + ' ' + EquipmentName + ' ' +EquipmentType + ' ' + Brand) as Equipment,number,sysfcg,zxyl='/ ',zdyl='/',sfsj='/',bz from CoronaryEquipmentDetail  where CoronaryDetailIndex = 126 and not (Category like '%球囊%')  and not (Category like '%支架%')  
2019-03-17 09:40:18: success0
2019-03-17 09:40:18: select DetailIndex,(Category+' '+EquipmentName+' '+EquipmentType+' '+Brand) as Equipment,number,sysfcg,cast(zxyl as varchar(12)) as zxyl,cast(zdyl as varchar(12)) as zdyl ,cast(sfsj as varchar(12)) as sfsj,bz from CoronaryEquipmentDetail  where CoronaryDetailIndex =126  and (Category like '%球囊%'  or Category like '%支架%' )  union  select DetailIndex,(Category + ' ' + EquipmentName + ' ' +EquipmentType + ' ' + Brand) as Equipment,number,sysfcg,zxyl='/ ',zdyl='/',sfsj='/',bz from CoronaryEquipmentDetail  where CoronaryDetailIndex = 126 and not (Category like '%球囊%')  and not (Category like '%支架%')  
2019-03-17 09:40:18: success0
2019-03-17 09:40:18: insert into StudyOperateList(UserCode,ModuleName,AccessionNumber,IPAddress,EnterDate,OperateType,SoftNodeID,SoftNodeName) values('cxc','冠脉造影','DSA104','192.168.0.104',GetDate(),'编辑','CIS03','3号导管室')
2019-03-17 09:40:18: success1
2019-03-17 09:40:18: select DetailIndex,(Category+' '+EquipmentName+' '+EquipmentType+' '+Brand) as Equipment,number,sysfcg,cast(zxyl as varchar(12)) as zxyl,cast(zdyl as varchar(12)) as zdyl ,cast(sfsj as varchar(12)) as sfsj,bz from CoronaryEquipmentDetail  where CoronaryDetailIndex =126  and (Category like '%球囊%'  or Category like '%支架%' )  union  select DetailIndex,(Category + ' ' + EquipmentName + ' ' +EquipmentType + ' ' + Brand) as Equipment,number,sysfcg,zxyl='/ ',zdyl='/',sfsj='/',bz from CoronaryEquipmentDetail  where CoronaryDetailIndex = 126 and not (Category like '%球囊%')  and not (Category like '%支架%')  
2019-03-17 09:40:18: success0
2019-03-17 09:40:19: select DetailIndex,(Category+' '+EquipmentName+' '+EquipmentType+' '+Brand) as Equipment,number,sysfcg,cast(zxyl as varchar(12)) as zxyl,cast(zdyl as varchar(12)) as zdyl ,cast(sfsj as varchar(12)) as sfsj,bz from CoronaryEquipmentDetail  where CoronaryDetailIndex =126  and (Category like '%球囊%'  or Category like '%支架%' )  union  select DetailIndex,(Category + ' ' + EquipmentName + ' ' +EquipmentType + ' ' + Brand) as Equipment,number,sysfcg,zxyl='/ ',zdyl='/',sfsj='/',bz from CoronaryEquipmentDetail  where CoronaryDetailIndex = 126 and not (Category like '%球囊%')  and not (Category like '%支架%')  
2019-03-17 09:40:19: success0
2019-03-17 09:40:20: select * from CoronaryDetail where DetailIndex=126
2019-03-17 09:40:20: success1
2019-03-17 09:40:20: select b.ComboValue,a.ComboType from ComboData as a,ComboDataDetail as b where a.ComboDataIndex=b.ComboDataIndex and a.ComboUID='gmzy_xgxxlr_bbfx' order by b.ComboValueOrder asc
2019-03-17 09:40:20: success4
2019-03-17 09:40:20: select b.ComboValue,a.ComboType from ComboData as a,ComboDataDetail as b where a.ComboDataIndex=b.ComboDataIndex and a.ComboUID='gmzy_xgxxlr_fzxg' order by b.ComboValueOrder asc
2019-03-17 09:40:20: success3
2019-03-17 09:40:20: select b.ComboValue,a.ComboType from ComboData as a,ComboDataDetail as b where a.ComboDataIndex=b.ComboDataIndex and a.ComboUID='gmzy_xgxxlr_jrzl' order by b.ComboValueOrder asc
2019-03-17 09:40:20: success7
2019-03-17 09:40:20: select b.ComboValue,a.ComboType from ComboData as a,ComboDataDetail as b where a.ComboDataIndex=b.ComboDataIndex and a.ComboUID='gmzy_xgxxlr_jwzj' order by b.ComboValueOrder asc
2019-03-17 09:40:20: success7
2019-03-17 09:40:20: select b.ComboValue,a.ComboType from ComboData as a,ComboDataDetail as b where a.ComboDataIndex=b.ComboDataIndex and a.ComboUID='gmzy_xgxxlr_jwzjlx' order by b.ComboValueOrder asc
2019-03-17 09:40:20: success8
2019-03-17 09:40:20: select b.ComboValue,a.ComboType from ComboData as a,ComboDataDetail as b where a.ComboDataIndex=b.ComboDataIndex and a.ComboUID='gmzy_xgxxlr_bbbw' order by b.ComboValueOrder asc
2019-03-17 09:40:20: success61
2019-03-17 09:40:20: select b.ComboValue,a.ComboType from ComboData as a,ComboDataDetail as b where a.ComboDataIndex=b.ComboDataIndex and a.ComboUID='gmzy_xgxxlr_bbtd' order by b.ComboValueOrder asc
2019-03-17 09:40:20: success16
2019-03-17 09:40:20: select b.ComboValue,a.ComboType from ComboData as a,ComboDataDetail as b where a.ComboDataIndex=b.ComboDataIndex and a.ComboUID='gmzy_xgxxlr_timi' order by b.ComboValueOrder asc
2019-03-17 09:40:20: success4
2019-03-17 09:40:21: start UpdateRecord
2019-03-17 09:40:21: Update CoronaryDetail set CoronaryIndex=@CoronaryIndex,bbbw=@bbbw,bbtd=@bbtd,Timi=@Timi,Bbfx=@Bbfx,Fzxg=@Fzxg,Jrzl=@Jrzl,Jwzj=@Jwzj,Jwzjlx=@Jwzjlx,Clyj=@Clyj,Xzcd=@Xzcd,Bbcd=@Bbcd,XzcdValue1=@XzcdValue1,XzcdValue2=@XzcdValue2,BbcdValue1=@BbcdValue1,BbcdValue2=@BbcdValue2,RecordCode=@RecordCode,RecordName=@RecordName,RecordDate=@RecordDate where DetailIndex=@DetailIndex
2019-03-17 09:40:21: success1
2019-03-17 09:40:21: select *,(case xzcd when '区间' then  CAST(XzcdValue1 as varchar(4))+'-'+CAST(XzcdValue2 as varchar(4)) else  CAST(XzcdValue1 as varchar(4))  end ) as NewXzcd,(case Bbcd when '区间' then  CAST(BbcdValue1 as varchar(4))+'-'+CAST(BbcdValue2 as varchar(4)) else  CAST(BbcdValue1 as varchar(4))  end ) as NewBbcd   from CoronaryDetail where CoronaryIndex=58
2019-03-17 09:40:21: success5
2019-03-17 09:40:21: select DetailIndex,(Category+' '+EquipmentName+' '+EquipmentType+' '+Brand) as Equipment,number,sysfcg,cast(zxyl as varchar(12)) as zxyl,cast(zdyl as varchar(12)) as zdyl ,cast(sfsj as varchar(12)) as sfsj,bz from CoronaryEquipmentDetail  where CoronaryDetailIndex =126  and (Category like '%球囊%'  or Category like '%支架%' )  union  select DetailIndex,(Category + ' ' + EquipmentName + ' ' +EquipmentType + ' ' + Brand) as Equipment,number,sysfcg,zxyl='/ ',zdyl='/',sfsj='/',bz from CoronaryEquipmentDetail  where CoronaryDetailIndex = 126 and not (Category like '%球囊%')  and not (Category like '%支架%')  
2019-03-17 09:40:22: success0
2019-03-17 09:40:23: select DetailIndex,(Category+' '+EquipmentName+' '+EquipmentType+' '+Brand) as Equipment,number,sysfcg,cast(zxyl as varchar(12)) as zxyl,cast(zdyl as varchar(12)) as zdyl ,cast(sfsj as varchar(12)) as sfsj,bz from CoronaryEquipmentDetail  where CoronaryDetailIndex =126  and (Category like '%球囊%'  or Category like '%支架%' )  union  select DetailIndex,(Category + ' ' + EquipmentName + ' ' +EquipmentType + ' ' + Brand) as Equipment,number,sysfcg,zxyl='/ ',zdyl='/',sfsj='/',bz from CoronaryEquipmentDetail  where CoronaryDetailIndex = 126 and not (Category like '%球囊%')  and not (Category like '%支架%')  
2019-03-17 09:40:23: success0
2019-03-17 09:40:23: select DetailIndex,(Category+' '+EquipmentName+' '+EquipmentType+' '+Brand) as Equipment,number,sysfcg,cast(zxyl as varchar(12)) as zxyl,cast(zdyl as varchar(12)) as zdyl ,cast(sfsj as varchar(12)) as sfsj,bz from CoronaryEquipmentDetail  where CoronaryDetailIndex =131  and (Category like '%球囊%'  or Category like '%支架%' )  union  select DetailIndex,(Category + ' ' + EquipmentName + ' ' +EquipmentType + ' ' + Brand) as Equipment,number,sysfcg,zxyl='/ ',zdyl='/',sfsj='/',bz from CoronaryEquipmentDetail  where CoronaryDetailIndex = 131 and not (Category like '%球囊%')  and not (Category like '%支架%')  
2019-03-17 09:40:23: success0
2019-03-17 09:40:23: select * from CoronaryDetail where DetailIndex=131
2019-03-17 09:40:23: success1
2019-03-17 09:40:23: select b.ComboValue,a.ComboType from ComboData as a,ComboDataDetail as b where a.ComboDataIndex=b.ComboDataIndex and a.ComboUID='gmzy_xgxxlr_bbfx' order by b.ComboValueOrder asc
2019-03-17 09:40:23: success4
2019-03-17 09:40:23: select b.ComboValue,a.ComboType from ComboData as a,ComboDataDetail as b where a.ComboDataIndex=b.ComboDataIndex and a.ComboUID='gmzy_xgxxlr_fzxg' order by b.ComboValueOrder asc
2019-03-17 09:40:23: success3
2019-03-17 09:40:23: select b.ComboValue,a.ComboType from ComboData as a,ComboDataDetail as b where a.ComboDataIndex=b.ComboDataIndex and a.ComboUID='gmzy_xgxxlr_jrzl' order by b.ComboValueOrder asc
2019-03-17 09:40:23: success7
2019-03-17 09:40:23: select b.ComboValue,a.ComboType from ComboData as a,ComboDataDetail as b where a.ComboDataIndex=b.ComboDataIndex and a.ComboUID='gmzy_xgxxlr_jwzj' order by b.ComboValueOrder asc
2019-03-17 09:40:23: success7
2019-03-17 09:40:23: select b.ComboValue,a.ComboType from ComboData as a,ComboDataDetail as b where a.ComboDataIndex=b.ComboDataIndex and a.ComboUID='gmzy_xgxxlr_jwzjlx' order by b.ComboValueOrder asc
2019-03-17 09:40:23: success8
2019-03-17 09:40:23: select b.ComboValue,a.ComboType from ComboData as a,ComboDataDetail as b where a.ComboDataIndex=b.ComboDataIndex and a.ComboUID='gmzy_xgxxlr_bbbw' order by b.ComboValueOrder asc
2019-03-17 09:40:23: success61
2019-03-17 09:40:23: select b.ComboValue,a.ComboType from ComboData as a,ComboDataDetail as b where a.ComboDataIndex=b.ComboDataIndex and a.ComboUID='gmzy_xgxxlr_bbtd' order by b.ComboValueOrder asc
2019-03-17 09:40:23: success16
2019-03-17 09:40:23: select b.ComboValue,a.ComboType from ComboData as a,ComboDataDetail as b where a.ComboDataIndex=b.ComboDataIndex and a.ComboUID='gmzy_xgxxlr_timi' order by b.ComboValueOrder asc
2019-03-17 09:40:23: success4
2019-03-17 09:40:25: start UpdateRecord
2019-03-17 09:40:25: Update CoronaryDetail set CoronaryIndex=@CoronaryIndex,bbbw=@bbbw,bbtd=@bbtd,Timi=@Timi,Bbfx=@Bbfx,Fzxg=@Fzxg,Jrzl=@Jrzl,Jwzj=@Jwzj,Jwzjlx=@Jwzjlx,Clyj=@Clyj,Xzcd=@Xzcd,Bbcd=@Bbcd,XzcdValue1=@XzcdValue1,XzcdValue2=@XzcdValue2,BbcdValue1=@BbcdValue1,BbcdValue2=@BbcdValue2,RecordCode=@RecordCode,RecordName=@RecordName,RecordDate=@RecordDate where DetailIndex=@DetailIndex
2019-03-17 09:40:25: success1
2019-03-17 09:40:25: select *,(case xzcd when '区间' then  CAST(XzcdValue1 as varchar(4))+'-'+CAST(XzcdValue2 as varchar(4)) else  CAST(XzcdValue1 as varchar(4))  end ) as NewXzcd,(case Bbcd when '区间' then  CAST(BbcdValue1 as varchar(4))+'-'+CAST(BbcdValue2 as varchar(4)) else  CAST(BbcdValue1 as varchar(4))  end ) as NewBbcd   from CoronaryDetail where CoronaryIndex=58
2019-03-17 09:40:25: success5
2019-03-17 09:40:25: select DetailIndex,(Category+' '+EquipmentName+' '+EquipmentType+' '+Brand) as Equipment,number,sysfcg,cast(zxyl as varchar(12)) as zxyl,cast(zdyl as varchar(12)) as zdyl ,cast(sfsj as varchar(12)) as sfsj,bz from CoronaryEquipmentDetail  where CoronaryDetailIndex =126  and (Category like '%球囊%'  or Category like '%支架%' )  union  select DetailIndex,(Category + ' ' + EquipmentName + ' ' +EquipmentType + ' ' + Brand) as Equipment,number,sysfcg,zxyl='/ ',zdyl='/',sfsj='/',bz from CoronaryEquipmentDetail  where CoronaryDetailIndex = 126 and not (Category like '%球囊%')  and not (Category like '%支架%')  
2019-03-17 09:40:25: success0
2019-03-17 09:40:25: select DetailIndex,(Category+' '+EquipmentName+' '+EquipmentType+' '+Brand) as Equipment,number,sysfcg,cast(zxyl as varchar(12)) as zxyl,cast(zdyl as varchar(12)) as zdyl ,cast(sfsj as varchar(12)) as sfsj,bz from CoronaryEquipmentDetail  where CoronaryDetailIndex =131  and (Category like '%球囊%'  or Category like '%支架%' )  union  select DetailIndex,(Category + ' ' + EquipmentName + ' ' +EquipmentType + ' ' + Brand) as Equipment,number,sysfcg,zxyl='/ ',zdyl='/',sfsj='/',bz from CoronaryEquipmentDetail  where CoronaryDetailIndex = 131 and not (Category like '%球囊%')  and not (Category like '%支架%')  
2019-03-17 09:40:25: success0
2019-03-17 09:40:26: select DetailIndex,(Category+' '+EquipmentName+' '+EquipmentType+' '+Brand) as Equipment,number,sysfcg,cast(zxyl as varchar(12)) as zxyl,cast(zdyl as varchar(12)) as zdyl ,cast(sfsj as varchar(12)) as sfsj,bz from CoronaryEquipmentDetail  where CoronaryDetailIndex =131  and (Category like '%球囊%'  or Category like '%支架%' )  union  select DetailIndex,(Category + ' ' + EquipmentName + ' ' +EquipmentType + ' ' + Brand) as Equipment,number,sysfcg,zxyl='/ ',zdyl='/',sfsj='/',bz from CoronaryEquipmentDetail  where CoronaryDetailIndex = 131 and not (Category like '%球囊%')  and not (Category like '%支架%')  
2019-03-17 09:40:26: success0
2019-03-17 09:40:26: select DetailIndex,(Category+' '+EquipmentName+' '+EquipmentType+' '+Brand) as Equipment,number,sysfcg,cast(zxyl as varchar(12)) as zxyl,cast(zdyl as varchar(12)) as zdyl ,cast(sfsj as varchar(12)) as sfsj,bz from CoronaryEquipmentDetail  where CoronaryDetailIndex =130  and (Category like '%球囊%'  or Category like '%支架%' )  union  select DetailIndex,(Category + ' ' + EquipmentName + ' ' +EquipmentType + ' ' + Brand) as Equipment,number,sysfcg,zxyl='/ ',zdyl='/',sfsj='/',bz from CoronaryEquipmentDetail  where CoronaryDetailIndex = 130 and not (Category like '%球囊%')  and not (Category like '%支架%')  
2019-03-17 09:40:26: success0
2019-03-17 09:40:26: select * from CoronaryDetail where DetailIndex=130
2019-03-17 09:40:26: success1
2019-03-17 09:40:26: select b.ComboValue,a.ComboType from ComboData as a,ComboDataDetail as b where a.ComboDataIndex=b.ComboDataIndex and a.ComboUID='gmzy_xgxxlr_bbfx' order by b.ComboValueOrder asc
2019-03-17 09:40:27: success4
2019-03-17 09:40:27: select b.ComboValue,a.ComboType from ComboData as a,ComboDataDetail as b where a.ComboDataIndex=b.ComboDataIndex and a.ComboUID='gmzy_xgxxlr_fzxg' order by b.ComboValueOrder asc
2019-03-17 09:40:27: success3
2019-03-17 09:40:27: select b.ComboValue,a.ComboType from ComboData as a,ComboDataDetail as b where a.ComboDataIndex=b.ComboDataIndex and a.ComboUID='gmzy_xgxxlr_jrzl' order by b.ComboValueOrder asc
2019-03-17 09:40:27: success7
2019-03-17 09:40:27: select b.ComboValue,a.ComboType from ComboData as a,ComboDataDetail as b where a.ComboDataIndex=b.ComboDataIndex and a.ComboUID='gmzy_xgxxlr_jwzj' order by b.ComboValueOrder asc
2019-03-17 09:40:27: success7
2019-03-17 09:40:27: select b.ComboValue,a.ComboType from ComboData as a,ComboDataDetail as b where a.ComboDataIndex=b.ComboDataIndex and a.ComboUID='gmzy_xgxxlr_jwzjlx' order by b.ComboValueOrder asc
2019-03-17 09:40:27: success8
2019-03-17 09:40:27: select b.ComboValue,a.ComboType from ComboData as a,ComboDataDetail as b where a.ComboDataIndex=b.ComboDataIndex and a.ComboUID='gmzy_xgxxlr_bbbw' order by b.ComboValueOrder asc
2019-03-17 09:40:27: success61
2019-03-17 09:40:27: select b.ComboValue,a.ComboType from ComboData as a,ComboDataDetail as b where a.ComboDataIndex=b.ComboDataIndex and a.ComboUID='gmzy_xgxxlr_bbtd' order by b.ComboValueOrder asc
2019-03-17 09:40:27: success16
2019-03-17 09:40:27: select b.ComboValue,a.ComboType from ComboData as a,ComboDataDetail as b where a.ComboDataIndex=b.ComboDataIndex and a.ComboUID='gmzy_xgxxlr_timi' order by b.ComboValueOrder asc
2019-03-17 09:40:27: success4
2019-03-17 09:40:32: select *,(case xzcd when '区间' then  CAST(XzcdValue1 as varchar(4))+'-'+CAST(XzcdValue2 as varchar(4)) else  CAST(XzcdValue1 as varchar(4))  end ) as NewXzcd,(case Bbcd when '区间' then  CAST(BbcdValue1 as varchar(4))+'-'+CAST(BbcdValue2 as varchar(4)) else  CAST(BbcdValue1 as varchar(4))  end ) as NewBbcd   from CoronaryDetail where CoronaryIndex=58
2019-03-17 09:40:32: success5
2019-03-17 09:40:32: select DetailIndex,(Category+' '+EquipmentName+' '+EquipmentType+' '+Brand) as Equipment,number,sysfcg,cast(zxyl as varchar(12)) as zxyl,cast(zdyl as varchar(12)) as zdyl ,cast(sfsj as varchar(12)) as sfsj,bz from CoronaryEquipmentDetail  where CoronaryDetailIndex =126  and (Category like '%球囊%'  or Category like '%支架%' )  union  select DetailIndex,(Category + ' ' + EquipmentName + ' ' +EquipmentType + ' ' + Brand) as Equipment,number,sysfcg,zxyl='/ ',zdyl='/',sfsj='/',bz from CoronaryEquipmentDetail  where CoronaryDetailIndex = 126 and not (Category like '%球囊%')  and not (Category like '%支架%')  
2019-03-17 09:40:32: success0
2019-03-17 09:40:32: select DetailIndex,(Category+' '+EquipmentName+' '+EquipmentType+' '+Brand) as Equipment,number,sysfcg,cast(zxyl as varchar(12)) as zxyl,cast(zdyl as varchar(12)) as zdyl ,cast(sfsj as varchar(12)) as sfsj,bz from CoronaryEquipmentDetail  where CoronaryDetailIndex =130  and (Category like '%球囊%'  or Category like '%支架%' )  union  select DetailIndex,(Category + ' ' + EquipmentName + ' ' +EquipmentType + ' ' + Brand) as Equipment,number,sysfcg,zxyl='/ ',zdyl='/',sfsj='/',bz from CoronaryEquipmentDetail  where CoronaryDetailIndex = 130 and not (Category like '%球囊%')  and not (Category like '%支架%')  
2019-03-17 09:40:32: success0
2019-03-17 09:40:33: select DetailIndex,(Category+' '+EquipmentName+' '+EquipmentType+' '+Brand) as Equipment,number,sysfcg,cast(zxyl as varchar(12)) as zxyl,cast(zdyl as varchar(12)) as zdyl ,cast(sfsj as varchar(12)) as sfsj,bz from CoronaryEquipmentDetail  where CoronaryDetailIndex =130  and (Category like '%球囊%'  or Category like '%支架%' )  union  select DetailIndex,(Category + ' ' + EquipmentName + ' ' +EquipmentType + ' ' + Brand) as Equipment,number,sysfcg,zxyl='/ ',zdyl='/',sfsj='/',bz from CoronaryEquipmentDetail  where CoronaryDetailIndex = 130 and not (Category like '%球囊%')  and not (Category like '%支架%')  
2019-03-17 09:40:33: success0
2019-03-17 09:40:33: select * from CoronaryDetail where DetailIndex=130
2019-03-17 09:40:33: success1
2019-03-17 09:40:33: select b.ComboValue,a.ComboType from ComboData as a,ComboDataDetail as b where a.ComboDataIndex=b.ComboDataIndex and a.ComboUID='gmzy_xgxxlr_bbfx' order by b.ComboValueOrder asc
2019-03-17 09:40:34: success4
2019-03-17 09:40:34: select b.ComboValue,a.ComboType from ComboData as a,ComboDataDetail as b where a.ComboDataIndex=b.ComboDataIndex and a.ComboUID='gmzy_xgxxlr_fzxg' order by b.ComboValueOrder asc
2019-03-17 09:40:34: success3
2019-03-17 09:40:34: select b.ComboValue,a.ComboType from ComboData as a,ComboDataDetail as b where a.ComboDataIndex=b.ComboDataIndex and a.ComboUID='gmzy_xgxxlr_jrzl' order by b.ComboValueOrder asc
2019-03-17 09:40:34: success7
2019-03-17 09:40:34: select b.ComboValue,a.ComboType from ComboData as a,ComboDataDetail as b where a.ComboDataIndex=b.ComboDataIndex and a.ComboUID='gmzy_xgxxlr_jwzj' order by b.ComboValueOrder asc
2019-03-17 09:40:34: success7
2019-03-17 09:40:34: select b.ComboValue,a.ComboType from ComboData as a,ComboDataDetail as b where a.ComboDataIndex=b.ComboDataIndex and a.ComboUID='gmzy_xgxxlr_jwzjlx' order by b.ComboValueOrder asc
2019-03-17 09:40:34: success8
2019-03-17 09:40:34: select b.ComboValue,a.ComboType from ComboData as a,ComboDataDetail as b where a.ComboDataIndex=b.ComboDataIndex and a.ComboUID='gmzy_xgxxlr_bbbw' order by b.ComboValueOrder asc
2019-03-17 09:40:34: success61
2019-03-17 09:40:34: select b.ComboValue,a.ComboType from ComboData as a,ComboDataDetail as b where a.ComboDataIndex=b.ComboDataIndex and a.ComboUID='gmzy_xgxxlr_bbtd' order by b.ComboValueOrder asc
2019-03-17 09:40:34: success16
2019-03-17 09:40:34: select b.ComboValue,a.ComboType from ComboData as a,ComboDataDetail as b where a.ComboDataIndex=b.ComboDataIndex and a.ComboUID='gmzy_xgxxlr_timi' order by b.ComboValueOrder asc
2019-03-17 09:40:34: success4
2019-03-17 09:40:41: start UpdateRecord
2019-03-17 09:40:41: Update CoronaryDetail set CoronaryIndex=@CoronaryIndex,bbbw=@bbbw,bbtd=@bbtd,Timi=@Timi,Bbfx=@Bbfx,Fzxg=@Fzxg,Jrzl=@Jrzl,Jwzj=@Jwzj,Jwzjlx=@Jwzjlx,Clyj=@Clyj,Xzcd=@Xzcd,Bbcd=@Bbcd,XzcdValue1=@XzcdValue1,XzcdValue2=@XzcdValue2,BbcdValue1=@BbcdValue1,BbcdValue2=@BbcdValue2,RecordCode=@RecordCode,RecordName=@RecordName,RecordDate=@RecordDate where DetailIndex=@DetailIndex
2019-03-17 09:40:41: success1
2019-03-17 09:40:41: select *,(case xzcd when '区间' then  CAST(XzcdValue1 as varchar(4))+'-'+CAST(XzcdValue2 as varchar(4)) else  CAST(XzcdValue1 as varchar(4))  end ) as NewXzcd,(case Bbcd when '区间' then  CAST(BbcdValue1 as varchar(4))+'-'+CAST(BbcdValue2 as varchar(4)) else  CAST(BbcdValue1 as varchar(4))  end ) as NewBbcd   from CoronaryDetail where CoronaryIndex=58
2019-03-17 09:40:41: success5
2019-03-17 09:40:41: select DetailIndex,(Category+' '+EquipmentName+' '+EquipmentType+' '+Brand) as Equipment,number,sysfcg,cast(zxyl as varchar(12)) as zxyl,cast(zdyl as varchar(12)) as zdyl ,cast(sfsj as varchar(12)) as sfsj,bz from CoronaryEquipmentDetail  where CoronaryDetailIndex =126  and (Category like '%球囊%'  or Category like '%支架%' )  union  select DetailIndex,(Category + ' ' + EquipmentName + ' ' +EquipmentType + ' ' + Brand) as Equipment,number,sysfcg,zxyl='/ ',zdyl='/',sfsj='/',bz from CoronaryEquipmentDetail  where CoronaryDetailIndex = 126 and not (Category like '%球囊%')  and not (Category like '%支架%')  
2019-03-17 09:40:41: success0
2019-03-17 09:40:41: select DetailIndex,(Category+' '+EquipmentName+' '+EquipmentType+' '+Brand) as Equipment,number,sysfcg,cast(zxyl as varchar(12)) as zxyl,cast(zdyl as varchar(12)) as zdyl ,cast(sfsj as varchar(12)) as sfsj,bz from CoronaryEquipmentDetail  where CoronaryDetailIndex =130  and (Category like '%球囊%'  or Category like '%支架%' )  union  select DetailIndex,(Category + ' ' + EquipmentName + ' ' +EquipmentType + ' ' + Brand) as Equipment,number,sysfcg,zxyl='/ ',zdyl='/',sfsj='/',bz from CoronaryEquipmentDetail  where CoronaryDetailIndex = 130 and not (Category like '%球囊%')  and not (Category like '%支架%')  
2019-03-17 09:40:41: success0
2019-03-17 09:40:41: select * from CoronaryInterveneDetail where  CoronaryDetailIndex =130
2019-03-17 09:40:41: success0
2019-03-17 09:40:54: Start Insert 
2019-03-17 09:40:54: Insert into CoronaryInterVeneDetail(Cyss,Bwjr,zlhtimi,Zrzj,szbfz,RecordCode,RecordName,RecordDate,ZlhXzcd,ZlhxzcdValue1,ZlhxzcdValue2,CoronaryDetailIndex) Values(@Cyss,@Bwjr,@zlhtimi,@Zrzj,@szbfz,@RecordCode,@RecordName,@RecordDate,@ZlhXzcd,@ZlhxzcdValue1,@ZlhxzcdValue2,@CoronaryDetailIndex)
2019-03-17 09:40:54: success1
2019-03-17 09:40:57: insert into pub_LogInfo(UserCode,UserName,ModuleName,AccessionNumber,IPAddress,TimeStamp) values('cxc','陈希超','图像查看','DSA104','192.168.0.104',GetDate())
2019-03-17 09:40:57: success1
2019-03-17 09:40:57: select cd.* from CoronaryDetail as cd,Coronary as c where cd.CoronaryIndex=c.CoronaryIndex and c.AccessionNumber='DSA104'
2019-03-17 09:40:57: success5
2019-03-17 09:40:57: select * from PACSPrint where AccessionNumber='DSA104' and len(LesionName)<1 
2019-03-17 09:40:57: success2
2019-03-17 09:40:57: select * from PACSPrint where AccessionNumber='DSA104'
2019-03-17 09:40:57: success2
2019-03-17 09:40:57: select * from PACSPrint where AccessionNumber='DSA104'
2019-03-17 09:40:57: success2
2019-03-17 09:40:57: select * from PACSPrint where AccessionNumber='DSA104'
2019-03-17 09:40:57: success2
2019-03-17 09:40:57: select * from PACSPrint where AccessionNumber='DSA104'
2019-03-17 09:40:57: success2
2019-03-17 09:40:57: select * from PACSPrint where AccessionNumber='DSA104'
2019-03-17 09:40:57: success2
2019-03-17 09:41:03: select *  from PACSPrint where AccessionNumber='DSA104' order by LesionName
2019-03-17 09:41:03: success2
2019-03-17 09:41:09: insert into pub_LogInfo(UserCode,UserName,ModuleName,AccessionNumber,IPAddress,TimeStamp) values('cxc','陈希超','报告模板','DSA104','192.168.0.104',GetDate())
2019-03-17 09:41:09: success1
2019-03-17 09:41:10: select * from Cisreport where AccessionNumber='DSA104'
2019-03-17 09:41:10: success1
2019-03-17 09:41:10: select m.*,p.UserCode from pub_Menu as m,pub_userPrivilege as p where m.menucode = p.menucode and p.usercode = 'cxc' and m.MenuName='报告模板'
2019-03-17 09:41:10: success1
2019-03-17 09:41:10:  select * from studyOperateList where Leavedate is  null and OperateType = '编辑' and  AccessionNumber = 'DSA104' and ModuleName='报告模板'
2019-03-17 09:41:10: success0
2019-03-17 09:41:10: select *,del='删除模板',sign='模板签名',preview='打印预览' from ReportTemplate where AccessionNumber='DSA104'
2019-03-17 09:41:10: success1
2019-03-17 09:41:10: select *,Preview='报告预览' from ReportTemplateHistory where TemplateName='正常冠脉造影报告' and AccessionNumber='DSA104'
2019-03-17 09:41:10: success0
2019-03-17 09:41:10: insert into StudyOperateList(UserCode,ModuleName,AccessionNumber,IPAddress,EnterDate,OperateType,SoftNodeID,SoftNodeName) values('cxc','报告模板','DSA104','192.168.0.104',GetDate(),'编辑','CIS03','3号导管室')
2019-03-17 09:41:10: success1
2019-03-17 09:41:10: select *,Preview='报告预览' from ReportTemplateHistory where TemplateName='正常冠脉造影报告' and AccessionNumber='DSA104'
2019-03-17 09:41:10: success0
2019-03-17 09:41:12: select *,Preview='报告预览' from ReportTemplateHistory where TemplateName='正常冠脉造影报告' and AccessionNumber='DSA104'
2019-03-17 09:41:12: success0
2019-03-17 09:41:12: select a.*,b.*,CAST(PatientsDOB as  datetime) as Birthday from CISReport a,pub_patients b where a.PatientIndex=b.PatientsIndex and a.AccessionNumber='DSA104'
2019-03-17 09:41:12: success1
2019-03-17 09:41:12: select * from CisReportDetail where AccessionNumber='DSA104'
2019-03-17 09:41:12: success27
2019-03-17 09:41:12: select * from CisReportDetail where FieldAbbr like 'hsjrzljl_sq_%' and  AccessionNumber='DSA104'
2019-03-17 09:41:12: success2
2019-03-17 09:41:12: select * from CisReportDetail where FieldAbbr like 'hsjrzljl_SQ_sqzd%' and  AccessionNumber='DSA104'
2019-03-17 09:41:12: success0
2019-03-17 09:41:12: select * from CisReportDetail where FieldAbbr like 'hsjrzljl_sh_%' and  AccessionNumber='DSA104'
2019-03-17 09:41:12: success0
2019-03-17 09:41:12: select * from CisReportDetail where FieldGroup = 'yyjl' and  AccessionNumber='DSA104'
2019-03-17 09:41:12: success2
2019-03-17 09:41:12: select * from CisReportDetail where FieldAbbr like 'yyjl%' and  AccessionNumber='DSA104'
2019-03-17 09:41:12: success2
2019-03-17 09:41:12: select * from CisReportDetail where  FieldGroup='hlpg' and FieldAbbr like 'hlpg_xdjh%'  and AccessionNumber='DSA104' and (FieldText  like '%BP%' or FieldText  like '%HR%' or FieldText  like '%RR%' or FieldText  like '%SPO2%')
2019-03-17 09:41:12: success1
2019-03-17 09:41:12: select * from CisReportDetail where  FieldGroup='hlpg'  and AccessionNumber='DSA104' and (FieldText  like '%NRS%' )
2019-03-17 09:41:12: success0
2019-03-17 09:41:12: select * from CisEquipment where category like '%造影导管%' and AccessionNumber='DSA104'
2019-03-17 09:41:12: success0
2019-03-17 09:41:12: select * from Coronary where AccessionNumber='DSA104'
2019-03-17 09:41:12: success1
2019-03-17 09:41:12: select *,(case xzcd when '区间' then  CAST(XzcdValue1 as varchar(4))+'-'+CAST(XzcdValue2 as varchar(4)) else  CAST(XzcdValue1 as varchar(4))  end ) as NewXzcd from CoronaryDetail where CoronaryIndex=58
2019-03-17 09:41:12: success5
2019-03-17 09:41:12: select * from CisEquipment where  AccessionNumber='DSA104'
2019-03-17 09:41:12: success8
2019-03-17 09:41:12: select *  from PACSPrint where AccessionNumber='DSA104'
2019-03-17 09:41:12: success2
2019-03-17 09:41:16: update StudyOperateList set LeaveDate = Getdate() where  UserCode='cxc' and AccessionNumber='DSA104' and IPAddress='192.168.0.104' and  ModuleName = '报告模板'
2019-03-17 09:41:16: success7
2019-03-17 09:41:16: update StudyOperateList set LeaveDate = Getdate() where LeaveDate is null and  UserCode='cxc' and ModuleName='报告模板' and AccessionNumber='DSA104'
2019-03-17 09:41:16: success0
2019-03-17 09:41:16: insert into pub_LogInfo(UserCode,UserName,ModuleName,AccessionNumber,IPAddress,TimeStamp) values('cxc','陈希超','患者信息退出','DSA104','192.168.0.104',GetDate())
2019-03-17 09:41:16: success1
2019-03-17 09:41:18: update StudyOperateList set LeaveDate = Getdate() where LeaveDate is null and   UserCode='cxc' and AccessionNumber='DSA104' and IPAddress='192.168.0.104' and ModuleName='冠脉造影'
2019-03-17 09:41:18: success1
2019-03-17 09:41:18: update StudyOperateList set LeaveDate = Getdate() where LeaveDate is null and  UserCode='cxc' and ModuleName='冠脉造影' and AccessionNumber='DSA104'
2019-03-17 09:41:18: success0
2019-03-17 09:41:18: insert into pub_LogInfo(UserCode,UserName,ModuleName,AccessionNumber,IPAddress,TimeStamp) values('cxc','陈希超','患者信息退出','DSA104','192.168.0.104',GetDate())
2019-03-17 09:41:18: success1
2019-03-17 09:41:18: update StudyOperateList set LeaveDate = Getdate() where leaveDate is null and  UserCode='cxc' and IPAddress='192.168.0.104'
2019-03-17 09:41:18: success0
