2019-03-26 12:20:53: connect init:277
2019-03-26 12:20:53: select UserCode, password, UserName,UserType FROM PUB_User where UserCode = 'ly'
2019-03-26 12:20:53: success1
2019-03-26 12:20:55: insert into pub_LogInfo(UserCode,UserName,ModuleName,AccessionNumber,IPAddress,TimeStamp) values('ly','刘宇','登录','','192.168.1.134',GetDate())
2019-03-26 12:20:55: success1
2019-03-26 12:20:56: select a.StudyDate,b.PatientsName ,b.PatientsID,b.PatientsSex ,a.ExamineName ,a.ExamineDoctor ,a.accessionNumber ,a.Lab ,a.RegDate ,(case a.status when 0 then '未开始' when 1 then '进行中' when 2 then '已完成' end) as myStatus,a.LockUserCode from CISReport a,pub_patients b where a.PatientIndex=b.PatientsIndex and a.StudyDate between '2019-03-26 00:00:00' and '2019-03-26 23:59:59'
2019-03-26 12:20:56: success0
2019-03-26 12:21:23: select b.ComboValue,a.ComboType from ComboData as a,ComboDataDetail as b where a.ComboDataIndex=b.ComboDataIndex and a.ComboUID='ssdj_Lab' order by b.ComboValueOrder asc
2019-03-26 12:21:23: success5
2019-03-26 12:21:23: select b.ComboValue,a.ComboType from ComboData as a,ComboDataDetail as b where a.ComboDataIndex=b.ComboDataIndex and a.ComboUID='ssdj_ExamineName' order by b.ComboValueOrder asc
2019-03-26 12:21:23: success2
2019-03-26 12:22:03: start getsingle select DictCode  from pub_Dict where Dictname='手术名称' and DictLevel=2
2019-03-26 12:22:03: select DictName as 手术名称,dictAbbr  from pub_Dict where ParentDictCode=74 order by DictAbbr asc
2019-03-26 12:22:03: success7
2019-03-26 12:22:04: select UserName as 医生,userAbbr  from pub_User  where UserType=1
2019-03-26 12:22:04: success24
2019-03-26 12:22:10: select * from pub_patients where patientsID='T1903261221'
2019-03-26 12:22:10: success0
2019-03-26 12:22:10: select * from pub_patients where patientsID='T1903261221'
2019-03-26 12:22:10: Failed
2019-03-26 12:22:10: Start Insert 
2019-03-26 12:22:10: Insert into pub_Patients(PatientsName,PatientsCertificate,PatientsSex,PatientsDOB,ClinicDiagnose,BedNo,SickArea,PatientsPhone,PatientsAddress,PatientsComments,PatientsAlias,PatientsID) Values(@PatientsName,@PatientsCertificate,@PatientsSex,@PatientsDOB,@ClinicDiagnose,@BedNo,@SickArea,@PatientsPhone,@PatientsAddress,@PatientsComments,@PatientsAlias,@PatientsID)
2019-03-26 12:22:10: success1
2019-03-26 12:22:10: start getsingle select PatientsIndex from Pub_Patients where patientsID = 'T1903261221'
2019-03-26 12:22:10: Start Insert 
2019-03-26 12:22:10: Insert into CISReport(PatientIndex,StudyDate,RegDate,ExamineType,Lab,PatientAge,StudyStartDate,StudyEndDate,EnterDate,LeaveDate,ExamineName,ExamineDoctor,Status) Values(@PatientIndex,@StudyDate,@RegDate,@ExamineType,@Lab,@PatientAge,@StudyStartDate,@StudyEndDate,@EnterDate,@LeaveDate,@ExamineName,@ExamineDoctor,@Status)
2019-03-26 12:22:10: success1
2019-03-26 12:22:10: select c.ReportIndex from CISReport as c ,pub_patients as p  where c.patientIndex=p.PatientsIndex and (c.AccessionNumber is null or c.AccessionNumber ='') and p.PatientsIndex=146
2019-03-26 12:22:10: success1
2019-03-26 12:22:10: update CisReport set AccessionNumber = 'DSA' + cast(ReportIndex as varchar(16)) where ReportIndex = 116 and (AccessionNumber is null or AccessionNumber ='')
2019-03-26 12:22:10: success1
2019-03-26 12:22:14: select a.StudyDate,b.PatientsName ,b.PatientsID,b.PatientsSex ,a.ExamineName ,a.ExamineDoctor ,a.accessionNumber ,a.Lab ,a.RegDate ,(case a.status when 0 then '未开始' when 1 then '进行中' when 2 then '已完成' end) as myStatus,a.LockUserCode from CISReport a,pub_patients b where a.PatientIndex=b.PatientsIndex and a.StudyDate between '2019-03-26 00:00:00' and '2019-03-26 23:59:59'
2019-03-26 12:22:14: success1
2019-03-26 12:22:40: connect init:13
2019-03-26 12:22:40: select UserCode, password, UserName,UserType FROM PUB_User where UserCode = 'ly'
2019-03-26 12:22:40: success1
2019-03-26 12:22:41: insert into pub_LogInfo(UserCode,UserName,ModuleName,AccessionNumber,IPAddress,TimeStamp) values('ly','刘宇','登录','','192.168.1.134',GetDate())
2019-03-26 12:22:41: success1
2019-03-26 12:22:42: select b.ComboValue,a.ComboType from ComboData as a,ComboDataDetail as b where a.ComboDataIndex=b.ComboDataIndex and a.ComboUID='ssjbxx_Lab'
2019-03-26 12:22:42: success6
2019-03-26 12:22:42: select UserName,UserType from pub_User 
2019-03-26 12:22:42: success32
2019-03-26 12:22:42: select a.StudyDate,b.PatientsName ,b.PatientsID,b.PatientsSex ,a.ExamineName ,a.ExamineDoctor ,a.accessionNumber ,a.Lab ,a.RegDate ,(case a.status when 0 then '未开始' when 1 then '进行中' when 2 then '已完成' end) as myStatus,a.ImportantItem from CISReport a,pub_patients b where a.PatientIndex=b.PatientsIndex and a.StudyDate between '2019-03-26 00:00:00' and '2019-03-26 23:59:59'
2019-03-26 12:22:42: success1
2019-03-26 12:22:45: select c.*,p.*,CAST(p.PatientsDOB as  datetime) as Birthday from CISReport as c ,pub_patients as p  where c.patientIndex=p.PatientsIndex and c.AccessionNumber = 'DSA116'
2019-03-26 12:22:45: success1
2019-03-26 12:22:45: insert into pub_LogInfo(UserCode,UserName,ModuleName,AccessionNumber,IPAddress,TimeStamp) values('ly','刘宇','患者信息','DSA116','192.168.1.134',GetDate())
2019-03-26 12:22:45: success1
2019-03-26 12:22:49: insert into pub_LogInfo(UserCode,UserName,ModuleName,AccessionNumber,IPAddress,TimeStamp) values('ly','刘宇','护理评估','DSA116','192.168.1.134',GetDate())
2019-03-26 12:22:49: success1
2019-03-26 12:22:49: select * from pub_Dict where DictAbbr = 'hlpg' and DictLevel=1 and ParentDictcode>0 order by ParentDictCode asc,DictIndex asc 
2019-03-26 12:22:49: success1
2019-03-26 12:22:49: select * from pub_Dict order by ParentDictCode asc,DictIndex asc 
2019-03-26 12:22:49: success208
2019-03-26 12:22:49: select * from CisReport where status=2 and  AccessionNumber = 'DSA116'
2019-03-26 12:22:49: success0
2019-03-26 12:22:49: select m.*,p.UserCode from pub_Menu as m ,pub_userPrivilege as p where m.menucode = p.menucode and p.usercode = 'ly' and m.MenuName='护理评估'
2019-03-26 12:22:49: success1
2019-03-26 12:22:49:  select * from studyOperateList where Leavedate is  null and OperateType = '编辑' and  AccessionNumber = 'DSA116' and ModuleName='护理评估' and IPAddress='192.168.1.134'
2019-03-26 12:22:49: success0
2019-03-26 12:22:49: insert into StudyOperateList(UserCode,ModuleName,AccessionNumber,IPAddress,EnterDate,OperateType,SoftNodeID,SoftNodeName) values('ly','护理评估','DSA116','192.168.1.134',GetDate(),'编辑','CIS03','3号导管室')
2019-03-26 12:22:49: success1
2019-03-26 12:22:49: select *  from CISReportDetail where FieldAbbr like'hlpg%' and AccessionNumber='DSA116' order by RecordDate asc
2019-03-26 12:22:49: success0
2019-03-26 12:22:51: select c.*,p.* from CISReport as c ,pub_patients as p  where c.patientIndex=p.PatientsIndex and c.AccessionNumber = 'DSA116'
2019-03-26 12:22:51: success1
2019-03-26 12:22:51: select b.ComboValue,a.ComboType from ComboData as a,ComboDataDetail as b where a.ComboDataIndex=b.ComboDataIndex and a.ComboUID='ssjbxx_Lab' order by b.ComboValueOrder asc
2019-03-26 12:22:51: success6
2019-03-26 12:22:51: select b.ComboValue,a.ComboType from ComboData as a,ComboDataDetail as b where a.ComboDataIndex=b.ComboDataIndex and a.ComboUID='ssjbxx_AdmissionType' order by b.ComboValueOrder asc
2019-03-26 12:22:51: success3
2019-03-26 12:22:59: start getsingle select DictCode  from pub_Dict where Dictname='手术名称' and DictLevel=2
2019-03-26 12:22:59: select DictName as 手术名称,dictAbbr  from pub_Dict where ParentDictCode=74 order by DictAbbr asc
2019-03-26 12:22:59: success7
2019-03-26 12:23:12: select UserName as 医生,userAbbr  from pub_User  where UserType=1
2019-03-26 12:23:12: success24
2019-03-26 12:23:14: select UserName as 医生,userAbbr  from pub_User  where UserType=1
2019-03-26 12:23:14: success24
2019-03-26 12:23:18: select UserName as 医生,userAbbr  from pub_User  where UserType=1
2019-03-26 12:23:18: success24
2019-03-26 12:23:53: select UserName as 技师,userAbbr  from pub_User  where UserType=3
2019-03-26 12:23:53: success3
2019-03-26 12:23:56: select UserName as 护士,userAbbr  from pub_User  where UserType=2
2019-03-26 12:23:56: success5
2019-03-26 12:24:05: start getsingle select DictCode  from pub_Dict where Dictname='手术名称' and DictLevel=2
2019-03-26 12:24:05: select DictName as 手术名称,dictAbbr  from pub_Dict where ParentDictCode=74 order by DictAbbr asc
2019-03-26 12:24:05: success7
2019-03-26 12:25:21: select * from pub_patients where PatientsIndex=146
2019-03-26 12:25:21: 146
2019-03-26 12:25:21: start UpdateRecord
2019-03-26 12:25:21: Update pub_Patients set PatientsCertificate=@PatientsCertificate,ClinicDiagnose=@ClinicDiagnose,BedNo=@BedNo,SickArea=@SickArea,PatientsPhone=@PatientsPhone,PatientsAddress=@PatientsAddress,PatientsComments=@PatientsComments where PatientsIndex=@PatientsIndex
2019-03-26 12:25:21: success1
2019-03-26 12:25:21: start UpdateRecord
2019-03-26 12:25:21: Update CISReport set StudyDate=@StudyDate,StudyStartDate=@StudyStartDate,StudyEndDate=@StudyEndDate,EnterDate=@EnterDate,LeaveDate=@LeaveDate,Lab=@Lab,Tech=@Tech,Physician=@Physician,Nurse=@Nurse,Stemi=@Stemi,ExamineName=@ExamineName,ExamineDoctor=@ExamineDoctor where AccessionNumber=@AccessionNumber
2019-03-26 12:25:21: success1
2019-03-26 12:25:21: update CISReport set status=1 where AccessionNumber='DSA116' and status=0
2019-03-26 12:25:21: success1
2019-03-26 12:25:21: select c.*,p.*,CAST(p.PatientsDOB as  datetime) as Birthday from CISReport as c ,pub_patients as p  where c.patientIndex=p.PatientsIndex and c.AccessionNumber = 'DSA116'
2019-03-26 12:25:21: success1
2019-03-26 12:25:52: Start Insert 
2019-03-26 12:25:52: Insert into CISReportDetail(AccessionNumber,FieldGroup,FieldAbbr,FieldText,ModifyCode,RecordCode,ModifyDate,RecordDate) Values(@AccessionNumber,@FieldGroup,@FieldAbbr,@FieldText,@ModifyCode,@RecordCode,@ModifyDate,@RecordDate)
2019-03-26 12:25:52: success1
2019-03-26 12:25:52: update CisReport set Status =1 where AccessionNumber='DSA116' and status=0
2019-03-26 12:25:52: success0
2019-03-26 12:25:52: select *  from CISReportDetail where FieldAbbr like'hlpg%' and AccessionNumber='DSA116' order by RecordDate asc
2019-03-26 12:25:52: success1
2019-03-26 12:25:53: Start Insert 
2019-03-26 12:25:53: Insert into CISReportDetail(AccessionNumber,FieldGroup,FieldAbbr,FieldText,ModifyCode,RecordCode,ModifyDate,RecordDate) Values(@AccessionNumber,@FieldGroup,@FieldAbbr,@FieldText,@ModifyCode,@RecordCode,@ModifyDate,@RecordDate)
2019-03-26 12:25:53: success1
2019-03-26 12:25:53: update CisReport set Status =1 where AccessionNumber='DSA116' and status=0
2019-03-26 12:25:53: success0
2019-03-26 12:25:53: select *  from CISReportDetail where FieldAbbr like'hlpg%' and AccessionNumber='DSA116' order by RecordDate asc
2019-03-26 12:25:53: success2
2019-03-26 12:25:54: Start Insert 
2019-03-26 12:25:54: Insert into CISReportDetail(AccessionNumber,FieldGroup,FieldAbbr,FieldText,ModifyCode,RecordCode,ModifyDate,RecordDate) Values(@AccessionNumber,@FieldGroup,@FieldAbbr,@FieldText,@ModifyCode,@RecordCode,@ModifyDate,@RecordDate)
2019-03-26 12:25:54: success1
2019-03-26 12:25:54: update CisReport set Status =1 where AccessionNumber='DSA116' and status=0
2019-03-26 12:25:54: success0
2019-03-26 12:25:54: select *  from CISReportDetail where FieldAbbr like'hlpg%' and AccessionNumber='DSA116' order by RecordDate asc
2019-03-26 12:25:54: success3
2019-03-26 12:26:02: Start Insert 
2019-03-26 12:26:02: Insert into CISReportDetail(AccessionNumber,FieldGroup,FieldAbbr,FieldText,ModifyCode,RecordCode,ModifyDate,RecordDate) Values(@AccessionNumber,@FieldGroup,@FieldAbbr,@FieldText,@ModifyCode,@RecordCode,@ModifyDate,@RecordDate)
2019-03-26 12:26:02: success1
2019-03-26 12:26:02: update CisReport set Status =1 where AccessionNumber='DSA116' and status=0
2019-03-26 12:26:02: success0
2019-03-26 12:26:02: select *  from CISReportDetail where FieldAbbr like'hlpg%' and AccessionNumber='DSA116' order by RecordDate asc
2019-03-26 12:26:02: success4
2019-03-26 12:26:03: Start Insert 
2019-03-26 12:26:03: Insert into CISReportDetail(AccessionNumber,FieldGroup,FieldAbbr,FieldText,ModifyCode,RecordCode,ModifyDate,RecordDate) Values(@AccessionNumber,@FieldGroup,@FieldAbbr,@FieldText,@ModifyCode,@RecordCode,@ModifyDate,@RecordDate)
2019-03-26 12:26:03: success1
2019-03-26 12:26:03: update CisReport set Status =1 where AccessionNumber='DSA116' and status=0
2019-03-26 12:26:03: success0
2019-03-26 12:26:03: select *  from CISReportDetail where FieldAbbr like'hlpg%' and AccessionNumber='DSA116' order by RecordDate asc
2019-03-26 12:26:03: success5
2019-03-26 12:26:05: delete from CISReportDetail where DetailID=1166
2019-03-26 12:26:05: success1
2019-03-26 12:26:05: select *  from CISReportDetail where FieldAbbr like'hlpg%' and AccessionNumber='DSA116' order by RecordDate asc
2019-03-26 12:26:05: success4
2019-03-26 12:26:06: insert into pub_LogInfo(UserCode,UserName,ModuleName,AccessionNumber,IPAddress,TimeStamp) values('ly','刘宇','用药记录','DSA116','192.168.1.134',GetDate())
2019-03-26 12:26:06: success1
2019-03-26 12:26:06: select * from pub_Dict where DictAbbr = 'yyjl' and DictLevel=1 and ParentDictcode>0 order by ParentDictCode asc,DictIndex asc 
2019-03-26 12:26:06: success1
2019-03-26 12:26:06: select * from pub_Dict order by ParentDictCode asc,DictIndex asc 
2019-03-26 12:26:06: success208
2019-03-26 12:26:06: select * from CisReport where status=2 and  AccessionNumber = 'DSA116'
2019-03-26 12:26:06: success0
2019-03-26 12:26:06: select m.*,p.UserCode from pub_Menu as m ,pub_userPrivilege as p where m.menucode = p.menucode and p.usercode = 'ly' and m.MenuName='用药记录'
2019-03-26 12:26:06: success1
2019-03-26 12:26:06:  select * from studyOperateList where Leavedate is  null and OperateType = '编辑' and  AccessionNumber = 'DSA116' and ModuleName='用药记录' and IPAddress='192.168.1.134'
2019-03-26 12:26:06: success0
2019-03-26 12:26:06: insert into StudyOperateList(UserCode,ModuleName,AccessionNumber,IPAddress,EnterDate,OperateType,SoftNodeID,SoftNodeName) values('ly','用药记录','DSA116','192.168.1.134',GetDate(),'编辑','CIS03','3号导管室')
2019-03-26 12:26:06: success1
2019-03-26 12:26:06: select *  from CISReportDetail where FieldAbbr like'yyjl%' and AccessionNumber='DSA116' order by RecordDate asc
2019-03-26 12:26:06: success0
2019-03-26 12:26:08: select * from pub_Dict where ParentDictCode=101
2019-03-26 12:26:08: success0
2019-03-26 12:26:10: Start Insert 
2019-03-26 12:26:10: Insert into CISReportDetail(AccessionNumber,FieldGroup,FieldAbbr,FieldText,ModifyCode,RecordCode,ModifyDate,RecordDate) Values(@AccessionNumber,@FieldGroup,@FieldAbbr,@FieldText,@ModifyCode,@RecordCode,@ModifyDate,@RecordDate)
2019-03-26 12:26:10: success1
2019-03-26 12:26:10: update CisReport set Status =1 where AccessionNumber='DSA116' and status=0
2019-03-26 12:26:10: success0
2019-03-26 12:26:10: select *  from CISReportDetail where FieldAbbr like'yyjl%' and AccessionNumber='DSA116' order by RecordDate asc
2019-03-26 12:26:10: success1
2019-03-26 12:26:11: Start Insert 
2019-03-26 12:26:11: Insert into CISReportDetail(AccessionNumber,FieldGroup,FieldAbbr,FieldText,ModifyCode,RecordCode,ModifyDate,RecordDate) Values(@AccessionNumber,@FieldGroup,@FieldAbbr,@FieldText,@ModifyCode,@RecordCode,@ModifyDate,@RecordDate)
2019-03-26 12:26:11: success1
2019-03-26 12:26:11: update CisReport set Status =1 where AccessionNumber='DSA116' and status=0
2019-03-26 12:26:11: success0
2019-03-26 12:26:11: select *  from CISReportDetail where FieldAbbr like'yyjl%' and AccessionNumber='DSA116' order by RecordDate asc
2019-03-26 12:26:11: success2
2019-03-26 12:26:13: insert into pub_LogInfo(UserCode,UserName,ModuleName,AccessionNumber,IPAddress,TimeStamp) values('ly','刘宇','耗材记录','DSA116','192.168.1.134',GetDate())
2019-03-26 12:26:13: success1
2019-03-26 12:26:13: select *,cost=Number*price  from CISEquipment where  AccessionNumber='DSA116' order by RecordDate asc
2019-03-26 12:26:13: success0
2019-03-26 12:26:13: select *,cost=Number*price  from CISEquipment where  AccessionNumber='DSA116' order by RecordDate asc
2019-03-26 12:26:13: success0
2019-03-26 12:26:13: select * from CisReport where status=2 and  AccessionNumber = 'DSA116'
2019-03-26 12:26:13: success0
2019-03-26 12:26:13: select m.*,p.UserCode from pub_Menu as m, pub_userPrivilege as p where m.menucode = p.menucode and p.usercode = 'ly' and m.MenuName='耗材记录'
2019-03-26 12:26:13: success1
2019-03-26 12:26:13:  select * from studyOperateList where Leavedate is  null and OperateType = '编辑' and  AccessionNumber = 'DSA116' and ModuleName='耗材记录' and IPAddress='192.168.1.134'
2019-03-26 12:26:13: success0
2019-03-26 12:26:13: insert into StudyOperateList(UserCode,ModuleName,AccessionNumber,IPAddress,EnterDate,OperateType,SoftNodeID,SoftNodeName) values('ly','耗材记录','DSA116','192.168.1.134',GetDate(),'编辑','CIS03','3号导管室')
2019-03-26 12:26:13: success1
2019-03-26 12:26:16: select top 1 e.*,t.* from EquipmentInner as e, EquipmentType as t  where e.EquipmentIndex=t.EquipmentIndex and t.MainBarCode='1'
2019-03-26 12:26:16: success1
2019-03-26 12:26:16: Start Insert 
2019-03-26 12:26:16: Insert into CISEquipment(EquipmentName,EquipmentType,Category,Brand,Provider,Price,Number,AccessionNumber,Source,ExpiryDate,MainBarCode,BatchCode,RecordCode,RecordName) Values(@EquipmentName,@EquipmentType,@Category,@Brand,@Provider,@Price,@Number,@AccessionNumber,@Source,@ExpiryDate,@MainBarCode,@BatchCode,@RecordCode,@RecordName)
2019-03-26 12:26:16: success1
2019-03-26 12:26:16: select *,cost=Number*price  from CISEquipment where  AccessionNumber='DSA116' order by RecordDate asc
2019-03-26 12:26:16: success1
2019-03-26 12:26:18: insert into pub_LogInfo(UserCode,UserName,ModuleName,AccessionNumber,IPAddress,TimeStamp) values('ly','刘宇','护士介入治疗','DSA116','192.168.1.134',GetDate())
2019-03-26 12:26:18: success1
2019-03-26 12:26:18: select * from pub_Dict where DictAbbr = 'hsjrzljl' and DictLevel=1 and ParentDictcode>0 order by ParentDictCode asc,DictIndex asc 
2019-03-26 12:26:18: success1
2019-03-26 12:26:18: select * from pub_Dict order by ParentDictCode asc,DictIndex asc 
2019-03-26 12:26:18: success208
2019-03-26 12:26:18: select * from CisReport where status=2 and  AccessionNumber = 'DSA116'
2019-03-26 12:26:18: success0
2019-03-26 12:26:18: select m.*,p.UserCode from pub_Menu as m ,pub_userPrivilege as p where m.menucode = p.menucode and p.usercode = 'ly' and m.MenuName='护士介入治疗'
2019-03-26 12:26:18: success1
2019-03-26 12:26:18:  select * from studyOperateList where Leavedate is  null and OperateType = '编辑' and  AccessionNumber = 'DSA116' and ModuleName='护士介入治疗' and IPAddress='192.168.1.134'
2019-03-26 12:26:18: success0
2019-03-26 12:26:18: insert into StudyOperateList(UserCode,ModuleName,AccessionNumber,IPAddress,EnterDate,OperateType,SoftNodeID,SoftNodeName) values('ly','护士介入治疗','DSA116','192.168.1.134',GetDate(),'编辑','CIS03','3号导管室')
2019-03-26 12:26:18: success1
2019-03-26 12:26:18: select *  from CISReportDetail where FieldAbbr like'hsjrzljl%' and AccessionNumber='DSA116' order by RecordDate asc
2019-03-26 12:26:18: success0
2019-03-26 12:26:20: Start Insert 
2019-03-26 12:26:20: Insert into CISReportDetail(AccessionNumber,FieldGroup,FieldAbbr,FieldText,ModifyCode,RecordCode,ModifyDate,RecordDate) Values(@AccessionNumber,@FieldGroup,@FieldAbbr,@FieldText,@ModifyCode,@RecordCode,@ModifyDate,@RecordDate)
2019-03-26 12:26:20: success1
2019-03-26 12:26:20: update CisReport set Status =1 where AccessionNumber='DSA116' and status=0
2019-03-26 12:26:20: success0
2019-03-26 12:26:20: select *  from CISReportDetail where FieldAbbr like'hsjrzljl%' and AccessionNumber='DSA116' order by RecordDate asc
2019-03-26 12:26:20: success1
2019-03-26 12:26:20: Start Insert 
2019-03-26 12:26:20: Insert into CISReportDetail(AccessionNumber,FieldGroup,FieldAbbr,FieldText,ModifyCode,RecordCode,ModifyDate,RecordDate) Values(@AccessionNumber,@FieldGroup,@FieldAbbr,@FieldText,@ModifyCode,@RecordCode,@ModifyDate,@RecordDate)
2019-03-26 12:26:20: success1
2019-03-26 12:26:20: update CisReport set Status =1 where AccessionNumber='DSA116' and status=0
2019-03-26 12:26:20: success0
2019-03-26 12:26:20: select *  from CISReportDetail where FieldAbbr like'hsjrzljl%' and AccessionNumber='DSA116' order by RecordDate asc
2019-03-26 12:26:20: success2
2019-03-26 12:26:35: insert into pub_LogInfo(UserCode,UserName,ModuleName,AccessionNumber,IPAddress,TimeStamp) values('ly','刘宇','冠脉造影','DSA116','192.168.1.134',GetDate())
2019-03-26 12:26:35: success1
2019-03-26 12:26:36: select * from CisReport where status=2 and  AccessionNumber = 'DSA116'
2019-03-26 12:26:36: Failed
2019-03-26 12:26:36: select m.*,p.UserCode from pub_Menu as m , pub_userPrivilege as p where m.menucode = p.menucode and p.usercode = 'ly' and m.MenuName='冠脉造影'
2019-03-26 12:26:36: 203
2019-03-26 12:26:36:  select * from studyOperateList where Leavedate is  null and OperateType = '编辑' and  AccessionNumber = 'DSA116' and ModuleName='冠脉造影'
2019-03-26 12:26:36: Failed
2019-03-26 12:26:36: select b.ComboValue,a.ComboType from ComboData as a,ComboDataDetail as b where a.ComboDataIndex=b.ComboDataIndex and a.ComboUID='gmzy_jrzlqk_cyss' order by b.ComboValueOrder asc
2019-03-26 12:26:36: success9
2019-03-26 12:26:36: select b.ComboValue,a.ComboType from ComboData as a,ComboDataDetail as b where a.ComboDataIndex=b.ComboDataIndex and a.ComboUID='gmzy_jrzlqk_bwjr' order by b.ComboValueOrder asc
2019-03-26 12:26:36: success2
2019-03-26 12:26:36: select b.ComboValue,a.ComboType from ComboData as a,ComboDataDetail as b where a.ComboDataIndex=b.ComboDataIndex and a.ComboUID='gmzy_jrzlqk_zlhTIMI' order by b.ComboValueOrder asc
2019-03-26 12:26:36: success4
2019-03-26 12:26:36: select b.ComboValue,a.ComboType from ComboData as a,ComboDataDetail as b where a.ComboDataIndex=b.ComboDataIndex and a.ComboUID='gmzy_jrzlqk_zrzj' order by b.ComboValueOrder asc
2019-03-26 12:26:36: success8
2019-03-26 12:26:36: select b.ComboValue,a.ComboType from ComboData as a,ComboDataDetail as b where a.ComboDataIndex=b.ComboDataIndex and a.ComboUID='gmzy_jrzlqk_szbfz' order by b.ComboValueOrder asc
2019-03-26 12:26:36: success15
2019-03-26 12:26:36: select b.ComboValue,a.ComboType from ComboData as a,ComboDataDetail as b where a.ComboDataIndex=b.ComboDataIndex and a.ComboUID='gmzy_FFR_ty1' order by b.ComboValueOrder asc
2019-03-26 12:26:36: success9
2019-03-26 12:26:36: select b.ComboValue,a.ComboType from ComboData as a,ComboDataDetail as b where a.ComboDataIndex=b.ComboDataIndex and a.ComboUID='gmzy_FFR_ty2' order by b.ComboValueOrder asc
2019-03-26 12:26:36: success9
2019-03-26 12:26:36: select b.ComboValue,a.ComboType from ComboData as a,ComboDataDetail as b where a.ComboDataIndex=b.ComboDataIndex and a.ComboUID='gmzy_IVUS_IVUSsj1' order by b.ComboValueOrder asc
2019-03-26 12:26:36: success12
2019-03-26 12:26:36: select b.ComboValue,a.ComboType from ComboData as a,ComboDataDetail as b where a.ComboDataIndex=b.ComboDataIndex and a.ComboUID='gmzy_IVUS_IVUSsj2' order by b.ComboValueOrder asc
2019-03-26 12:26:36: success7
2019-03-26 12:26:36: select b.ComboValue,a.ComboType from ComboData as a,ComboDataDetail as b where a.ComboDataIndex=b.ComboDataIndex and a.ComboUID='gmzy_OCT_OCTsj1' order by b.ComboValueOrder asc
2019-03-26 12:26:36: success12
2019-03-26 12:26:36: select b.ComboValue,a.ComboType from ComboData as a,ComboDataDetail as b where a.ComboDataIndex=b.ComboDataIndex and a.ComboUID='gmzy_OCT_OCTsj2' order by b.ComboValueOrder asc
2019-03-26 12:26:36: success7
2019-03-26 12:26:36: select b.ComboValue,a.ComboType from ComboData as a,ComboDataDetail as b where a.ComboDataIndex=b.ComboDataIndex and a.ComboUID='gmzy_jbxx_gmysx' order by b.ComboValueOrder asc
2019-03-26 12:26:36: success3
2019-03-26 12:26:36: select b.ComboValue,a.ComboType from ComboData as a,ComboDataDetail as b where a.ComboDataIndex=b.ComboDataIndex and a.ComboUID='gmzy_jbxx_jxgm' order by b.ComboValueOrder asc
2019-03-26 12:26:36: success5
2019-03-26 12:26:36: select b.ComboValue,a.ComboType from ComboData as a,ComboDataDetail as b where a.ComboDataIndex=b.ComboDataIndex and a.ComboUID='gmzy_jbxx_shzd' order by b.ComboValueOrder asc
2019-03-26 12:26:36: success6
2019-03-26 12:26:36: select b.ComboValue,a.ComboType from ComboData as a,ComboDataDetail as b where a.ComboDataIndex=b.ComboDataIndex and a.ComboUID='gmzy_jbxx_bhff' order by b.ComboValueOrder asc
2019-03-26 12:26:36: success5
2019-03-26 12:26:36: select b.ComboValue,a.ComboType from ComboData as a,ComboDataDetail as b where a.ComboDataIndex=b.ComboDataIndex and a.ComboUID='gmzy_jbxx_bfz' order by b.ComboValueOrder asc
2019-03-26 12:26:36: success3
2019-03-26 12:26:36: select b.ComboValue,a.ComboType from ComboData as a,ComboDataDetail as b where a.ComboDataIndex=b.ComboDataIndex and a.ComboUID='gmzy_jbxx_czxg' order by b.ComboValueOrder asc
2019-03-26 12:26:36: success2
2019-03-26 12:26:36: select b.ComboValue,a.ComboType from ComboData as a,ComboDataDetail as b where a.ComboDataIndex=b.ComboDataIndex and a.ComboUID='gmzy_jbxx_zhidong' order by b.ComboValueOrder asc
2019-03-26 12:26:36: success3
2019-03-26 12:26:36: select b.ComboValue,a.ComboType from ComboData as a,ComboDataDetail as b where a.ComboDataIndex=b.ComboDataIndex and a.ComboUID='gmzy_jbxx_cabgs' order by b.ComboValueOrder asc
2019-03-26 12:26:36: success5
2019-03-26 12:26:36: select b.ComboValue,a.ComboType from ComboData as a,ComboDataDetail as b where a.ComboDataIndex=b.ComboDataIndex and a.ComboUID='gmzy_xm_mtdx' order by b.ComboValueOrder asc
2019-03-26 12:26:36: success4
2019-03-26 12:26:36: select b.ComboValue,a.ComboType from ComboData as a,ComboDataDetail as b where a.ComboDataIndex=b.ComboDataIndex and a.ComboUID='gmzy_xm_jkxg' order by b.ComboValueOrder asc
2019-03-26 12:26:36: success2
2019-03-26 12:26:36: select  * from Coronary where AccessionNumber = 'DSA116'
2019-03-26 12:26:36: Failed
2019-03-26 12:26:36: insert into StudyOperateList(UserCode,ModuleName,AccessionNumber,IPAddress,EnterDate,OperateType,SoftNodeID,SoftNodeName) values('ly','冠脉造影','DSA116','192.168.1.134',GetDate(),'编辑','CIS03','3号导管室')
2019-03-26 12:26:36: success1
2019-03-26 12:26:53: select * from Coronary where CoronaryIndex =-1
2019-03-26 12:26:53: Failed
2019-03-26 12:26:53: Start Insert 
2019-03-26 12:26:53: Insert into Coronary(AccessionNumber,gmysx,jxgm,czxg,Cabgs,gmjd,shzd,bgsj,fsjl,bfz,bhff,zhidong,RecordCode,RecordName,RecordDate) Values(@AccessionNumber,@gmysx,@jxgm,@czxg,@Cabgs,@gmjd,@shzd,@bgsj,@fsjl,@bfz,@bhff,@zhidong,@RecordCode,@RecordName,@RecordDate)
2019-03-26 12:26:53: success1
2019-03-26 12:26:53: start getsingle select * from Coronary where accessionNumber ='DSA116'
2019-03-26 12:26:54: update CISReport set status=1 where AccessionNumber='DSA116' and status=0
2019-03-26 12:26:54: success0
2019-03-26 12:26:55: select b.ComboValue,a.ComboType from ComboData as a,ComboDataDetail as b where a.ComboDataIndex=b.ComboDataIndex and a.ComboUID='gmzy_xgxxlr_bbfx' order by b.ComboValueOrder asc
2019-03-26 12:26:55: success4
2019-03-26 12:26:55: select b.ComboValue,a.ComboType from ComboData as a,ComboDataDetail as b where a.ComboDataIndex=b.ComboDataIndex and a.ComboUID='gmzy_xgxxlr_fzxg' order by b.ComboValueOrder asc
2019-03-26 12:26:55: success3
2019-03-26 12:26:55: select b.ComboValue,a.ComboType from ComboData as a,ComboDataDetail as b where a.ComboDataIndex=b.ComboDataIndex and a.ComboUID='gmzy_xgxxlr_jrzl' order by b.ComboValueOrder asc
2019-03-26 12:26:55: success7
2019-03-26 12:26:55: select b.ComboValue,a.ComboType from ComboData as a,ComboDataDetail as b where a.ComboDataIndex=b.ComboDataIndex and a.ComboUID='gmzy_xgxxlr_jwzj' order by b.ComboValueOrder asc
2019-03-26 12:26:55: success7
2019-03-26 12:26:55: select b.ComboValue,a.ComboType from ComboData as a,ComboDataDetail as b where a.ComboDataIndex=b.ComboDataIndex and a.ComboUID='gmzy_xgxxlr_jwzjlx' order by b.ComboValueOrder asc
2019-03-26 12:26:55: success8
2019-03-26 12:26:55: select b.ComboValue,a.ComboType from ComboData as a,ComboDataDetail as b where a.ComboDataIndex=b.ComboDataIndex and a.ComboUID='gmzy_xgxxlr_bbbw' order by b.ComboValueOrder asc
2019-03-26 12:26:55: success61
2019-03-26 12:26:55: select b.ComboValue,a.ComboType from ComboData as a,ComboDataDetail as b where a.ComboDataIndex=b.ComboDataIndex and a.ComboUID='gmzy_xgxxlr_bbtd' order by b.ComboValueOrder asc
2019-03-26 12:26:55: success15
2019-03-26 12:26:55: select b.ComboValue,a.ComboType from ComboData as a,ComboDataDetail as b where a.ComboDataIndex=b.ComboDataIndex and a.ComboUID='gmzy_xgxxlr_timi' order by b.ComboValueOrder asc
2019-03-26 12:26:55: success4
2019-03-26 12:27:12: select * from CoronaryInterveneDetail where  CoronaryDetailIndex =-1
2019-03-26 12:27:12: Failed
2019-03-26 12:27:12: select * from CoronaryFFRDetail where  CoronaryDetailIndex =-1
2019-03-26 12:27:12: Failed
2019-03-26 12:27:12: select * from CoronaryIVUSDetail where  CoronaryDetailIndex =-1
2019-03-26 12:27:12: Failed
2019-03-26 12:27:12: select * from CoronaryOCTDetail where  CoronaryDetailIndex =-1
2019-03-26 12:27:12: Failed
2019-03-26 12:27:12: Start Insert 
2019-03-26 12:27:12: Insert into CoronaryDetail(CoronaryIndex,bbbw,bbtd,Timi,Bbfx,Fzxg,Jrzl,Jwzj,Jwzjlx,Clyj,Xzcd,Bbcd,XzcdValue1,XzcdValue2,BbcdValue1,BbcdValue2,RecordCode,RecordName,RecordDate) Values(@CoronaryIndex,@bbbw,@bbtd,@Timi,@Bbfx,@Fzxg,@Jrzl,@Jwzj,@Jwzjlx,@Clyj,@Xzcd,@Bbcd,@XzcdValue1,@XzcdValue2,@BbcdValue1,@BbcdValue2,@RecordCode,@RecordName,@RecordDate)
2019-03-26 12:27:12: success1
2019-03-26 12:27:12: select *,(case xzcd when '区间' then  CAST(XzcdValue1 as varchar(4))+'-'+CAST(XzcdValue2 as varchar(4)) else  CAST(XzcdValue1 as varchar(4))  end ) as NewXzcd,(case Bbcd when '区间' then  CAST(BbcdValue1 as varchar(4))+'-'+CAST(BbcdValue2 as varchar(4)) else  CAST(BbcdValue1 as varchar(4))  end ) as NewBbcd   from CoronaryDetail where CoronaryIndex=68
2019-03-26 12:27:12: success1
2019-03-26 12:27:12: select DetailIndex,(Category+' '+EquipmentName+' '+EquipmentType+' '+Brand) as Equipment,number,sysfcg,cast(zxyl as varchar(12)) as zxyl,cast(zdyl as varchar(12)) as zdyl ,cast(sfsj as varchar(12)) as sfsj,bz from CoronaryEquipmentDetail  where CoronaryDetailIndex =143  and (Category like '%球囊%'  or Category like '%支架%' )  union  select DetailIndex,(Category + ' ' + EquipmentName + ' ' +EquipmentType + ' ' + Brand) as Equipment,number,sysfcg,zxyl='/ ',zdyl='/',sfsj='/',bz from CoronaryEquipmentDetail  where CoronaryDetailIndex = 143 and not (Category like '%球囊%')  and not (Category like '%支架%')  
2019-03-26 12:27:12: success0
2019-03-26 12:27:12: select * from CoronaryROTADetail where  CoronaryDetailIndex =143
2019-03-26 12:27:12: success0
2019-03-26 12:27:19: Start Insert 
2019-03-26 12:27:19: Insert into CoronaryROTADetail(mtdx,zs,jkxg,CoronaryDetailIndex,RecordCode,RecordName,RecordDate) Values(@mtdx,@zs,@jkxg,@CoronaryDetailIndex,@RecordCode,@RecordName,@RecordDate)
2019-03-26 12:27:19: success1
2019-03-26 12:27:19: select * from CoronaryROTADetail where CoronaryDetailIndex=143
2019-03-26 12:27:19: success1
2019-03-26 12:27:20: select *,cost=Number*price  from CISEquipment where  AccessionNumber='DSA116' order by RecordDate asc
2019-03-26 12:27:20: success1
2019-03-26 12:27:23: Start Insert 
2019-03-26 12:27:23: Insert into CoronaryEquipmentDetail(CoronaryDetailIndex,EquipmentType,EquipmentName,Category,Brand,Provider,Country,Number,source,MainBarCode,BatchCode,ExpireDate,RecordCode,RecordName,sysfcg,zxyl,zdyl,sfsj,bz,EquipmentIndex) Values(@CoronaryDetailIndex,@EquipmentType,@EquipmentName,@Category,@Brand,@Provider,@Country,@Number,@source,@MainBarCode,@BatchCode,@ExpireDate,@RecordCode,@RecordName,@sysfcg,@zxyl,@zdyl,@sfsj,@bz,@EquipmentIndex)
2019-03-26 12:27:23: success1
2019-03-26 12:27:23: select DetailIndex,(Category+' '+EquipmentName+' '+EquipmentType+' '+Brand) as Equipment,number,sysfcg,cast(zxyl as varchar(12)) as zxyl,cast(zdyl as varchar(12)) as zdyl ,cast(sfsj as varchar(12)) as sfsj,bz from CoronaryEquipmentDetail  where CoronaryDetailIndex =143  and (Category like '%球囊%'  or Category like '%支架%' )  union  select DetailIndex,(Category + ' ' + EquipmentName + ' ' +EquipmentType + ' ' + Brand) as Equipment,number,sysfcg,zxyl='/ ',zdyl='/',sfsj='/',bz from CoronaryEquipmentDetail  where CoronaryDetailIndex = 143 and not (Category like '%球囊%')  and not (Category like '%支架%')  
2019-03-26 12:27:23: success1
2019-03-26 12:27:25: select *  from CoronaryEquipmentDetail where  DetailIndex=329
2019-03-26 12:27:25: success1
2019-03-26 12:27:33: start UpdateRecord
2019-03-26 12:27:33: Update CoronaryEquipmentDetail set sysfcg=@sysfcg,zxyl=@zxyl,zdyl=@zdyl,sfsj=@sfsj,Number=@Number,bz=@bz where DetailIndex=@DetailIndex
2019-03-26 12:27:33: success1
2019-03-26 12:27:33: select DetailIndex,(Category+' '+EquipmentName+' '+EquipmentType+' '+Brand) as Equipment,number,sysfcg,cast(zxyl as varchar(12)) as zxyl,cast(zdyl as varchar(12)) as zdyl ,cast(sfsj as varchar(12)) as sfsj,bz from CoronaryEquipmentDetail  where CoronaryDetailIndex =143  and (Category like '%球囊%'  or Category like '%支架%' )  union  select DetailIndex,(Category + ' ' + EquipmentName + ' ' +EquipmentType + ' ' + Brand) as Equipment,number,sysfcg,zxyl='/ ',zdyl='/',sfsj='/',bz from CoronaryEquipmentDetail  where CoronaryDetailIndex = 143 and not (Category like '%球囊%')  and not (Category like '%支架%')  
2019-03-26 12:27:33: success1
2019-03-26 12:27:34: select *  from CoronaryEquipmentDetail where  DetailIndex=329
2019-03-26 12:27:34: success1
2019-03-26 12:27:38: start UpdateRecord
2019-03-26 12:27:38: Update CoronaryEquipmentDetail set sysfcg=@sysfcg,zxyl=@zxyl,zdyl=@zdyl,sfsj=@sfsj,Number=@Number,bz=@bz where DetailIndex=@DetailIndex
2019-03-26 12:27:38: success1
2019-03-26 12:27:38: select DetailIndex,(Category+' '+EquipmentName+' '+EquipmentType+' '+Brand) as Equipment,number,sysfcg,cast(zxyl as varchar(12)) as zxyl,cast(zdyl as varchar(12)) as zdyl ,cast(sfsj as varchar(12)) as sfsj,bz from CoronaryEquipmentDetail  where CoronaryDetailIndex =143  and (Category like '%球囊%'  or Category like '%支架%' )  union  select DetailIndex,(Category + ' ' + EquipmentName + ' ' +EquipmentType + ' ' + Brand) as Equipment,number,sysfcg,zxyl='/ ',zdyl='/',sfsj='/',bz from CoronaryEquipmentDetail  where CoronaryDetailIndex = 143 and not (Category like '%球囊%')  and not (Category like '%支架%')  
2019-03-26 12:27:38: success1
2019-03-26 12:27:40: select * from Coronary where CoronaryIndex =68
2019-03-26 12:27:40: 68
2019-03-26 12:27:40: start UpdateRecord
2019-03-26 12:27:40: Update Coronary set AccessionNumber=@AccessionNumber,gmysx=@gmysx,jxgm=@jxgm,czxg=@czxg,Cabgs=@Cabgs,gmjd=@gmjd,shzd=@shzd,bgsj=@bgsj,fsjl=@fsjl,bfz=@bfz,bhff=@bhff,zhidong=@zhidong,RecordCode=@RecordCode,RecordName=@RecordName,RecordDate=@RecordDate where CoronaryIndex=@CoronaryIndex
2019-03-26 12:27:40: success1
2019-03-26 12:27:41: update CISReport set status=1 where AccessionNumber='DSA116' and status=0
2019-03-26 12:27:41: success0
2019-03-26 12:27:42: select DetailIndex,(Category+' '+EquipmentName+' '+EquipmentType+' '+Brand) as Equipment,number,sysfcg,cast(zxyl as varchar(12)) as zxyl,cast(zdyl as varchar(12)) as zdyl ,cast(sfsj as varchar(12)) as sfsj,bz from CoronaryEquipmentDetail  where CoronaryDetailIndex =143  and (Category like '%球囊%'  or Category like '%支架%' )  union  select DetailIndex,(Category + ' ' + EquipmentName + ' ' +EquipmentType + ' ' + Brand) as Equipment,number,sysfcg,zxyl='/ ',zdyl='/',sfsj='/',bz from CoronaryEquipmentDetail  where CoronaryDetailIndex = 143 and not (Category like '%球囊%')  and not (Category like '%支架%')  
2019-03-26 12:27:42: success1
2019-03-26 12:27:42: select * from CoronaryROTADetail where  CoronaryDetailIndex =143
2019-03-26 12:27:42: success1
2019-03-26 12:27:49: insert into pub_LogInfo(UserCode,UserName,ModuleName,AccessionNumber,IPAddress,TimeStamp) values('ly','刘宇','图像查看','DSA116','192.168.1.134',GetDate())
2019-03-26 12:27:49: success1
2019-03-26 12:27:49: select cd.* from CoronaryDetail as cd,Coronary as c where cd.CoronaryIndex=c.CoronaryIndex and c.AccessionNumber='DSA116'
2019-03-26 12:27:49: success1
2019-03-26 12:27:49: select * from PACSPrint where AccessionNumber='DSA116' and len(LesionName)<1 
2019-03-26 12:27:49: success0
2019-03-26 12:27:49: select * from PACSPrint where AccessionNumber='DSA116'
2019-03-26 12:27:49: success0
2019-03-26 12:28:52: select *  from PACSPrint where AccessionNumber='DSA116' order by LesionName
2019-03-26 12:28:52: success3
2019-03-26 20:34:31: connect init:147
2019-03-26 20:34:31: select UserCode, password, UserName,UserType FROM PUB_User where UserCode = 'ly'
2019-03-26 20:34:32: success1
2019-03-26 20:34:32: insert into pub_LogInfo(UserCode,UserName,ModuleName,AccessionNumber,IPAddress,TimeStamp) values('ly','刘宇','登录','','10.31.206.86',GetDate())
2019-03-26 20:34:32: success1
2019-03-26 20:34:34: select a.StudyDate,b.PatientsName ,b.PatientsID,b.PatientsSex ,a.ExamineName ,a.ExamineDoctor ,a.accessionNumber ,a.Lab ,a.RegDate ,(case a.status when 0 then '未开始' when 1 then '进行中' when 2 then '已完成' end) as myStatus,a.LockUserCode from CISReport a,pub_patients b where a.PatientIndex=b.PatientsIndex and a.StudyDate between '2019-03-26 00:00:00' and '2019-03-26 23:59:59'
2019-03-26 20:34:34: success1
2019-03-26 20:34:38: connect init:22
2019-03-26 20:34:38: select UserCode, password, UserName,UserType FROM PUB_User where UserCode = 'ly'
2019-03-26 20:34:38: success1
2019-03-26 20:34:39: insert into pub_LogInfo(UserCode,UserName,ModuleName,AccessionNumber,IPAddress,TimeStamp) values('ly','刘宇','登录','','10.31.206.86',GetDate())
2019-03-26 20:34:39: success1
2019-03-26 20:34:40: select b.ComboValue,a.ComboType from ComboData as a,ComboDataDetail as b where a.ComboDataIndex=b.ComboDataIndex and a.ComboUID='ssjbxx_Lab'
2019-03-26 20:34:40: success6
2019-03-26 20:34:40: select UserName,UserType from pub_User 
2019-03-26 20:34:40: success32
2019-03-26 20:34:40: select a.StudyDate,b.PatientsName ,b.PatientsID,b.PatientsSex ,a.ExamineName ,a.ExamineDoctor ,a.accessionNumber ,a.Lab ,a.RegDate ,(case a.status when 0 then '未开始' when 1 then '进行中' when 2 then '已完成' end) as myStatus,a.ImportantItem from CISReport a,pub_patients b where a.PatientIndex=b.PatientsIndex and a.StudyDate between '2019-03-26 00:00:00' and '2019-03-26 23:59:59'
2019-03-26 20:34:40: success1
2019-03-26 20:34:52: select c.*,p.*,CAST(p.PatientsDOB as  datetime) as Birthday from CISReport as c ,pub_patients as p  where c.patientIndex=p.PatientsIndex and c.AccessionNumber = 'DSA116'
2019-03-26 20:34:52: success1
2019-03-26 20:34:52: insert into pub_LogInfo(UserCode,UserName,ModuleName,AccessionNumber,IPAddress,TimeStamp) values('ly','刘宇','患者信息','DSA116','10.31.206.86',GetDate())
2019-03-26 20:34:52: success1
2019-03-26 20:34:55: insert into pub_LogInfo(UserCode,UserName,ModuleName,AccessionNumber,IPAddress,TimeStamp) values('ly','刘宇','冠脉造影','DSA116','10.31.206.86',GetDate())
2019-03-26 20:34:55: success1
2019-03-26 20:34:56: select * from CisReport where status=2 and  AccessionNumber = 'DSA116'
2019-03-26 20:34:56: Failed
2019-03-26 20:34:56: select m.*,p.UserCode from pub_Menu as m , pub_userPrivilege as p where m.menucode = p.menucode and p.usercode = 'ly' and m.MenuName='冠脉造影'
2019-03-26 20:34:56: 203
2019-03-26 20:34:56:  select * from studyOperateList where Leavedate is  null and OperateType = '编辑' and  AccessionNumber = 'DSA116' and ModuleName='冠脉造影'
2019-03-26 20:34:56: 2656
2019-03-26 20:34:56: select b.ComboValue,a.ComboType from ComboData as a,ComboDataDetail as b where a.ComboDataIndex=b.ComboDataIndex and a.ComboUID='gmzy_jrzlqk_cyss' order by b.ComboValueOrder asc
2019-03-26 20:34:56: success9
2019-03-26 20:34:56: select b.ComboValue,a.ComboType from ComboData as a,ComboDataDetail as b where a.ComboDataIndex=b.ComboDataIndex and a.ComboUID='gmzy_jrzlqk_bwjr' order by b.ComboValueOrder asc
2019-03-26 20:34:56: success2
2019-03-26 20:34:56: select b.ComboValue,a.ComboType from ComboData as a,ComboDataDetail as b where a.ComboDataIndex=b.ComboDataIndex and a.ComboUID='gmzy_jrzlqk_zlhTIMI' order by b.ComboValueOrder asc
2019-03-26 20:34:56: success4
2019-03-26 20:34:56: select b.ComboValue,a.ComboType from ComboData as a,ComboDataDetail as b where a.ComboDataIndex=b.ComboDataIndex and a.ComboUID='gmzy_jrzlqk_zrzj' order by b.ComboValueOrder asc
2019-03-26 20:34:56: success8
2019-03-26 20:34:56: select b.ComboValue,a.ComboType from ComboData as a,ComboDataDetail as b where a.ComboDataIndex=b.ComboDataIndex and a.ComboUID='gmzy_jrzlqk_szbfz' order by b.ComboValueOrder asc
2019-03-26 20:34:56: success15
2019-03-26 20:34:56: select b.ComboValue,a.ComboType from ComboData as a,ComboDataDetail as b where a.ComboDataIndex=b.ComboDataIndex and a.ComboUID='gmzy_FFR_ty1' order by b.ComboValueOrder asc
2019-03-26 20:34:56: success9
2019-03-26 20:34:56: select b.ComboValue,a.ComboType from ComboData as a,ComboDataDetail as b where a.ComboDataIndex=b.ComboDataIndex and a.ComboUID='gmzy_FFR_ty2' order by b.ComboValueOrder asc
2019-03-26 20:34:56: success9
2019-03-26 20:34:56: select b.ComboValue,a.ComboType from ComboData as a,ComboDataDetail as b where a.ComboDataIndex=b.ComboDataIndex and a.ComboUID='gmzy_IVUS_IVUSsj1' order by b.ComboValueOrder asc
2019-03-26 20:34:56: success12
2019-03-26 20:34:56: select b.ComboValue,a.ComboType from ComboData as a,ComboDataDetail as b where a.ComboDataIndex=b.ComboDataIndex and a.ComboUID='gmzy_IVUS_IVUSsj2' order by b.ComboValueOrder asc
2019-03-26 20:34:56: success7
2019-03-26 20:34:56: select b.ComboValue,a.ComboType from ComboData as a,ComboDataDetail as b where a.ComboDataIndex=b.ComboDataIndex and a.ComboUID='gmzy_OCT_OCTsj1' order by b.ComboValueOrder asc
2019-03-26 20:34:56: success12
2019-03-26 20:34:56: select b.ComboValue,a.ComboType from ComboData as a,ComboDataDetail as b where a.ComboDataIndex=b.ComboDataIndex and a.ComboUID='gmzy_OCT_OCTsj2' order by b.ComboValueOrder asc
2019-03-26 20:34:56: success7
2019-03-26 20:34:56: select b.ComboValue,a.ComboType from ComboData as a,ComboDataDetail as b where a.ComboDataIndex=b.ComboDataIndex and a.ComboUID='gmzy_jbxx_gmysx' order by b.ComboValueOrder asc
2019-03-26 20:34:56: success3
2019-03-26 20:34:56: select b.ComboValue,a.ComboType from ComboData as a,ComboDataDetail as b where a.ComboDataIndex=b.ComboDataIndex and a.ComboUID='gmzy_jbxx_jxgm' order by b.ComboValueOrder asc
2019-03-26 20:34:56: success5
2019-03-26 20:34:56: select b.ComboValue,a.ComboType from ComboData as a,ComboDataDetail as b where a.ComboDataIndex=b.ComboDataIndex and a.ComboUID='gmzy_jbxx_shzd' order by b.ComboValueOrder asc
2019-03-26 20:34:56: success6
2019-03-26 20:34:56: select b.ComboValue,a.ComboType from ComboData as a,ComboDataDetail as b where a.ComboDataIndex=b.ComboDataIndex and a.ComboUID='gmzy_jbxx_bhff' order by b.ComboValueOrder asc
2019-03-26 20:34:56: success5
2019-03-26 20:34:56: select b.ComboValue,a.ComboType from ComboData as a,ComboDataDetail as b where a.ComboDataIndex=b.ComboDataIndex and a.ComboUID='gmzy_jbxx_bfz' order by b.ComboValueOrder asc
2019-03-26 20:34:56: success3
2019-03-26 20:34:56: select b.ComboValue,a.ComboType from ComboData as a,ComboDataDetail as b where a.ComboDataIndex=b.ComboDataIndex and a.ComboUID='gmzy_jbxx_czxg' order by b.ComboValueOrder asc
2019-03-26 20:34:56: success2
2019-03-26 20:34:56: select b.ComboValue,a.ComboType from ComboData as a,ComboDataDetail as b where a.ComboDataIndex=b.ComboDataIndex and a.ComboUID='gmzy_jbxx_zhidong' order by b.ComboValueOrder asc
2019-03-26 20:34:56: success3
2019-03-26 20:34:56: select b.ComboValue,a.ComboType from ComboData as a,ComboDataDetail as b where a.ComboDataIndex=b.ComboDataIndex and a.ComboUID='gmzy_jbxx_cabgs' order by b.ComboValueOrder asc
2019-03-26 20:34:56: success5
2019-03-26 20:34:56: select b.ComboValue,a.ComboType from ComboData as a,ComboDataDetail as b where a.ComboDataIndex=b.ComboDataIndex and a.ComboUID='gmzy_xm_mtdx' order by b.ComboValueOrder asc
2019-03-26 20:34:56: success4
2019-03-26 20:34:56: select b.ComboValue,a.ComboType from ComboData as a,ComboDataDetail as b where a.ComboDataIndex=b.ComboDataIndex and a.ComboUID='gmzy_xm_jkxg' order by b.ComboValueOrder asc
2019-03-26 20:34:56: success2
2019-03-26 20:34:56: select  * from Coronary where AccessionNumber = 'DSA116'
2019-03-26 20:34:56: 68
2019-03-26 20:34:56: select  * from Coronary where AccessionNumber = 'DSA116'
2019-03-26 20:34:56: success1
2019-03-26 20:34:56: select *  from PACSPrint where AccessionNumber='DSA116' order by LesionName
2019-03-26 20:34:56: success3
2019-03-26 20:34:56: select *,(case xzcd when '区间' then  CAST(XzcdValue1 as varchar(4))+'-'+CAST(XzcdValue2 as varchar(4)) else  CAST(XzcdValue1 as varchar(4))  end ) as NewXzcd,(case Bbcd when '区间' then  CAST(BbcdValue1 as varchar(4))+'-'+CAST(BbcdValue2 as varchar(4)) else  CAST(BbcdValue1 as varchar(4))  end ) as NewBbcd   from CoronaryDetail where CoronaryIndex=68
2019-03-26 20:34:56: success1
2019-03-26 20:34:56: select DetailIndex,(Category+' '+EquipmentName+' '+EquipmentType+' '+Brand) as Equipment,number,sysfcg,cast(zxyl as varchar(12)) as zxyl,cast(zdyl as varchar(12)) as zdyl ,cast(sfsj as varchar(12)) as sfsj,bz from CoronaryEquipmentDetail  where CoronaryDetailIndex =143  and (Category like '%球囊%'  or Category like '%支架%' )  union  select DetailIndex,(Category + ' ' + EquipmentName + ' ' +EquipmentType + ' ' + Brand) as Equipment,number,sysfcg,zxyl='/ ',zdyl='/',sfsj='/',bz from CoronaryEquipmentDetail  where CoronaryDetailIndex = 143 and not (Category like '%球囊%')  and not (Category like '%支架%')  
2019-03-26 20:34:56: success1
2019-03-26 20:34:56: select * from CoronaryROTADetail where  CoronaryDetailIndex =143
2019-03-26 20:34:56: success1
2019-03-26 20:34:56: select DetailIndex,(Category+' '+EquipmentName+' '+EquipmentType+' '+Brand) as Equipment,number,sysfcg,cast(zxyl as varchar(12)) as zxyl,cast(zdyl as varchar(12)) as zdyl ,cast(sfsj as varchar(12)) as sfsj,bz from CoronaryEquipmentDetail  where CoronaryDetailIndex =143  and (Category like '%球囊%'  or Category like '%支架%' )  union  select DetailIndex,(Category + ' ' + EquipmentName + ' ' +EquipmentType + ' ' + Brand) as Equipment,number,sysfcg,zxyl='/ ',zdyl='/',sfsj='/',bz from CoronaryEquipmentDetail  where CoronaryDetailIndex = 143 and not (Category like '%球囊%')  and not (Category like '%支架%')  
2019-03-26 20:34:56: success1
2019-03-26 20:34:56: select * from CoronaryROTADetail where  CoronaryDetailIndex =143
2019-03-26 20:34:56: success1
2019-03-26 20:34:56: insert into StudyOperateList(UserCode,ModuleName,AccessionNumber,IPAddress,EnterDate,OperateType,SoftNodeID,SoftNodeName) values('ly','冠脉造影','DSA116','10.31.206.86',GetDate(),'查看','CIS03','3号导管室')
2019-03-26 20:34:56: success1
2019-03-26 20:34:56: select DetailIndex,(Category+' '+EquipmentName+' '+EquipmentType+' '+Brand) as Equipment,number,sysfcg,cast(zxyl as varchar(12)) as zxyl,cast(zdyl as varchar(12)) as zdyl ,cast(sfsj as varchar(12)) as sfsj,bz from CoronaryEquipmentDetail  where CoronaryDetailIndex =143  and (Category like '%球囊%'  or Category like '%支架%' )  union  select DetailIndex,(Category + ' ' + EquipmentName + ' ' +EquipmentType + ' ' + Brand) as Equipment,number,sysfcg,zxyl='/ ',zdyl='/',sfsj='/',bz from CoronaryEquipmentDetail  where CoronaryDetailIndex = 143 and not (Category like '%球囊%')  and not (Category like '%支架%')  
2019-03-26 20:34:56: success1
2019-03-26 20:34:56: select * from CoronaryROTADetail where  CoronaryDetailIndex =143
2019-03-26 20:34:56: success1
2019-03-26 20:35:04: update StudyOperateList set LeaveDate = Getdate() where LeaveDate is null and   UserCode='ly' and AccessionNumber='DSA116' and IPAddress='10.31.206.86' and ModuleName='冠脉造影'
2019-03-26 20:35:04: success1
2019-03-26 20:35:04: update StudyOperateList set LeaveDate = Getdate() where LeaveDate is null and  UserCode='ly' and ModuleName='冠脉造影' and AccessionNumber='DSA116'
2019-03-26 20:35:04: success1
2019-03-26 20:35:04: insert into pub_LogInfo(UserCode,UserName,ModuleName,AccessionNumber,IPAddress,TimeStamp) values('ly','刘宇','患者信息退出','DSA116','10.31.206.86',GetDate())
2019-03-26 20:35:04: success1
2019-03-26 20:35:09: select b.ComboValue,a.ComboType from ComboData as a,ComboDataDetail as b where a.ComboDataIndex=b.ComboDataIndex and a.ComboUID='ssdj_Lab' order by b.ComboValueOrder asc
2019-03-26 20:35:09: success5
2019-03-26 20:35:09: select b.ComboValue,a.ComboType from ComboData as a,ComboDataDetail as b where a.ComboDataIndex=b.ComboDataIndex and a.ComboUID='ssdj_ExamineName' order by b.ComboValueOrder asc
2019-03-26 20:35:09: success2
2019-03-26 20:36:03: start getsingle select DictCode  from pub_Dict where Dictname='手术名称' and DictLevel=2
2019-03-26 20:36:03: select DictName as 手术名称,dictAbbr  from pub_Dict where ParentDictCode=74 order by DictAbbr asc
2019-03-26 20:36:03: success7
2019-03-26 20:36:04: select UserName as 医生,userAbbr  from pub_User  where UserType=1
2019-03-26 20:36:04: success24
2019-03-26 20:36:10: select * from pub_patients where patientsID='T1903262035'
2019-03-26 20:36:10: success0
2019-03-26 20:36:10: select * from pub_patients where patientsID='T1903262035'
2019-03-26 20:36:10: Failed
2019-03-26 20:36:10: Start Insert 
2019-03-26 20:36:10: Insert into pub_Patients(PatientsName,PatientsCertificate,PatientsSex,PatientsDOB,ClinicDiagnose,BedNo,SickArea,PatientsPhone,PatientsAddress,PatientsComments,PatientsAlias,PatientsID) Values(@PatientsName,@PatientsCertificate,@PatientsSex,@PatientsDOB,@ClinicDiagnose,@BedNo,@SickArea,@PatientsPhone,@PatientsAddress,@PatientsComments,@PatientsAlias,@PatientsID)
2019-03-26 20:36:10: success1
2019-03-26 20:36:10: start getsingle select PatientsIndex from Pub_Patients where patientsID = 'T1903262035'
2019-03-26 20:36:10: Start Insert 
2019-03-26 20:36:10: Insert into CISReport(PatientIndex,StudyDate,RegDate,ExamineType,Lab,PatientAge,StudyStartDate,StudyEndDate,EnterDate,LeaveDate,ExamineName,ExamineDoctor,Status) Values(@PatientIndex,@StudyDate,@RegDate,@ExamineType,@Lab,@PatientAge,@StudyStartDate,@StudyEndDate,@EnterDate,@LeaveDate,@ExamineName,@ExamineDoctor,@Status)
2019-03-26 20:36:10: success1
2019-03-26 20:36:10: select c.ReportIndex from CISReport as c ,pub_patients as p  where c.patientIndex=p.PatientsIndex and (c.AccessionNumber is null or c.AccessionNumber ='') and p.PatientsIndex=147
2019-03-26 20:36:10: success1
2019-03-26 20:36:10: update CisReport set AccessionNumber = 'DSA' + cast(ReportIndex as varchar(16)) where ReportIndex = 117 and (AccessionNumber is null or AccessionNumber ='')
2019-03-26 20:36:10: success1
2019-03-26 20:36:14: update StudyOperateList set LeaveDate = Getdate() where leaveDate is null and  UserCode='ly' and IPAddress='10.31.206.86'
2019-03-26 20:36:14: success0
2019-03-26 20:36:14: update StudyOperateList set LeaveDate = Getdate() where leaveDate is null and  UserCode='ly' and IPAddress='10.31.206.86'
2019-03-26 20:36:14: success0
2019-03-26 20:36:17: select a.StudyDate,b.PatientsName ,b.PatientsID,b.PatientsSex ,a.ExamineName ,a.ExamineDoctor ,a.accessionNumber ,a.Lab ,a.RegDate ,(case a.status when 0 then '未开始' when 1 then '进行中' when 2 then '已完成' end) as myStatus,a.ImportantItem from CISReport a,pub_patients b where a.PatientIndex=b.PatientsIndex and a.StudyDate between '2019-03-26 00:00:00' and '2019-03-26 23:59:59'
2019-03-26 20:36:17: success2
2019-03-26 20:36:19: select c.*,p.*,CAST(p.PatientsDOB as  datetime) as Birthday from CISReport as c ,pub_patients as p  where c.patientIndex=p.PatientsIndex and c.AccessionNumber = 'DSA117'
2019-03-26 20:36:19: success1
2019-03-26 20:36:20: insert into pub_LogInfo(UserCode,UserName,ModuleName,AccessionNumber,IPAddress,TimeStamp) values('ly','刘宇','患者信息','DSA117','10.31.206.86',GetDate())
2019-03-26 20:36:20: success1
2019-03-26 20:36:21: insert into pub_LogInfo(UserCode,UserName,ModuleName,AccessionNumber,IPAddress,TimeStamp) values('ly','刘宇','冠脉造影','DSA117','10.31.206.86',GetDate())
2019-03-26 20:36:21: success1
2019-03-26 20:36:21: select * from CisReport where status=2 and  AccessionNumber = 'DSA117'
2019-03-26 20:36:21: Failed
2019-03-26 20:36:21: select m.*,p.UserCode from pub_Menu as m , pub_userPrivilege as p where m.menucode = p.menucode and p.usercode = 'ly' and m.MenuName='冠脉造影'
2019-03-26 20:36:21: 203
2019-03-26 20:36:21:  select * from studyOperateList where Leavedate is  null and OperateType = '编辑' and  AccessionNumber = 'DSA117' and ModuleName='冠脉造影'
2019-03-26 20:36:21: Failed
2019-03-26 20:36:21: select b.ComboValue,a.ComboType from ComboData as a,ComboDataDetail as b where a.ComboDataIndex=b.ComboDataIndex and a.ComboUID='gmzy_jrzlqk_cyss' order by b.ComboValueOrder asc
2019-03-26 20:36:21: success9
2019-03-26 20:36:21: select b.ComboValue,a.ComboType from ComboData as a,ComboDataDetail as b where a.ComboDataIndex=b.ComboDataIndex and a.ComboUID='gmzy_jrzlqk_bwjr' order by b.ComboValueOrder asc
2019-03-26 20:36:21: success2
2019-03-26 20:36:21: select b.ComboValue,a.ComboType from ComboData as a,ComboDataDetail as b where a.ComboDataIndex=b.ComboDataIndex and a.ComboUID='gmzy_jrzlqk_zlhTIMI' order by b.ComboValueOrder asc
2019-03-26 20:36:21: success4
2019-03-26 20:36:21: select b.ComboValue,a.ComboType from ComboData as a,ComboDataDetail as b where a.ComboDataIndex=b.ComboDataIndex and a.ComboUID='gmzy_jrzlqk_zrzj' order by b.ComboValueOrder asc
2019-03-26 20:36:21: success8
2019-03-26 20:36:21: select b.ComboValue,a.ComboType from ComboData as a,ComboDataDetail as b where a.ComboDataIndex=b.ComboDataIndex and a.ComboUID='gmzy_jrzlqk_szbfz' order by b.ComboValueOrder asc
2019-03-26 20:36:21: success15
2019-03-26 20:36:21: select b.ComboValue,a.ComboType from ComboData as a,ComboDataDetail as b where a.ComboDataIndex=b.ComboDataIndex and a.ComboUID='gmzy_FFR_ty1' order by b.ComboValueOrder asc
2019-03-26 20:36:21: success9
2019-03-26 20:36:21: select b.ComboValue,a.ComboType from ComboData as a,ComboDataDetail as b where a.ComboDataIndex=b.ComboDataIndex and a.ComboUID='gmzy_FFR_ty2' order by b.ComboValueOrder asc
2019-03-26 20:36:21: success9
2019-03-26 20:36:21: select b.ComboValue,a.ComboType from ComboData as a,ComboDataDetail as b where a.ComboDataIndex=b.ComboDataIndex and a.ComboUID='gmzy_IVUS_IVUSsj1' order by b.ComboValueOrder asc
2019-03-26 20:36:21: success12
2019-03-26 20:36:21: select b.ComboValue,a.ComboType from ComboData as a,ComboDataDetail as b where a.ComboDataIndex=b.ComboDataIndex and a.ComboUID='gmzy_IVUS_IVUSsj2' order by b.ComboValueOrder asc
2019-03-26 20:36:21: success7
2019-03-26 20:36:21: select b.ComboValue,a.ComboType from ComboData as a,ComboDataDetail as b where a.ComboDataIndex=b.ComboDataIndex and a.ComboUID='gmzy_OCT_OCTsj1' order by b.ComboValueOrder asc
2019-03-26 20:36:21: success12
2019-03-26 20:36:21: select b.ComboValue,a.ComboType from ComboData as a,ComboDataDetail as b where a.ComboDataIndex=b.ComboDataIndex and a.ComboUID='gmzy_OCT_OCTsj2' order by b.ComboValueOrder asc
2019-03-26 20:36:21: success7
2019-03-26 20:36:21: select b.ComboValue,a.ComboType from ComboData as a,ComboDataDetail as b where a.ComboDataIndex=b.ComboDataIndex and a.ComboUID='gmzy_jbxx_gmysx' order by b.ComboValueOrder asc
2019-03-26 20:36:21: success3
2019-03-26 20:36:21: select b.ComboValue,a.ComboType from ComboData as a,ComboDataDetail as b where a.ComboDataIndex=b.ComboDataIndex and a.ComboUID='gmzy_jbxx_jxgm' order by b.ComboValueOrder asc
2019-03-26 20:36:21: success5
2019-03-26 20:36:21: select b.ComboValue,a.ComboType from ComboData as a,ComboDataDetail as b where a.ComboDataIndex=b.ComboDataIndex and a.ComboUID='gmzy_jbxx_shzd' order by b.ComboValueOrder asc
2019-03-26 20:36:21: success6
2019-03-26 20:36:21: select b.ComboValue,a.ComboType from ComboData as a,ComboDataDetail as b where a.ComboDataIndex=b.ComboDataIndex and a.ComboUID='gmzy_jbxx_bhff' order by b.ComboValueOrder asc
2019-03-26 20:36:21: success5
2019-03-26 20:36:21: select b.ComboValue,a.ComboType from ComboData as a,ComboDataDetail as b where a.ComboDataIndex=b.ComboDataIndex and a.ComboUID='gmzy_jbxx_bfz' order by b.ComboValueOrder asc
2019-03-26 20:36:21: success3
2019-03-26 20:36:21: select b.ComboValue,a.ComboType from ComboData as a,ComboDataDetail as b where a.ComboDataIndex=b.ComboDataIndex and a.ComboUID='gmzy_jbxx_czxg' order by b.ComboValueOrder asc
2019-03-26 20:36:21: success2
2019-03-26 20:36:21: select b.ComboValue,a.ComboType from ComboData as a,ComboDataDetail as b where a.ComboDataIndex=b.ComboDataIndex and a.ComboUID='gmzy_jbxx_zhidong' order by b.ComboValueOrder asc
2019-03-26 20:36:21: success3
2019-03-26 20:36:21: select b.ComboValue,a.ComboType from ComboData as a,ComboDataDetail as b where a.ComboDataIndex=b.ComboDataIndex and a.ComboUID='gmzy_jbxx_cabgs' order by b.ComboValueOrder asc
2019-03-26 20:36:21: success5
2019-03-26 20:36:21: select b.ComboValue,a.ComboType from ComboData as a,ComboDataDetail as b where a.ComboDataIndex=b.ComboDataIndex and a.ComboUID='gmzy_xm_mtdx' order by b.ComboValueOrder asc
2019-03-26 20:36:21: success4
2019-03-26 20:36:21: select b.ComboValue,a.ComboType from ComboData as a,ComboDataDetail as b where a.ComboDataIndex=b.ComboDataIndex and a.ComboUID='gmzy_xm_jkxg' order by b.ComboValueOrder asc
2019-03-26 20:36:21: success2
2019-03-26 20:36:21: select  * from Coronary where AccessionNumber = 'DSA117'
2019-03-26 20:36:21: Failed
2019-03-26 20:36:21: insert into StudyOperateList(UserCode,ModuleName,AccessionNumber,IPAddress,EnterDate,OperateType,SoftNodeID,SoftNodeName) values('ly','冠脉造影','DSA117','10.31.206.86',GetDate(),'编辑','CIS03','3号导管室')
2019-03-26 20:36:21: success1
2019-03-26 20:36:25: select * from Coronary where CoronaryIndex =-1
2019-03-26 20:36:25: Failed
2019-03-26 20:36:25: Start Insert 
2019-03-26 20:36:25: Insert into Coronary(AccessionNumber,gmysx,jxgm,czxg,Cabgs,gmjd,shzd,bgsj,fsjl,bfz,bhff,zhidong,RecordCode,RecordName,RecordDate) Values(@AccessionNumber,@gmysx,@jxgm,@czxg,@Cabgs,@gmjd,@shzd,@bgsj,@fsjl,@bfz,@bhff,@zhidong,@RecordCode,@RecordName,@RecordDate)
2019-03-26 20:36:25: success1
2019-03-26 20:36:25: start getsingle select * from Coronary where accessionNumber ='DSA117'
2019-03-26 20:36:26: update CISReport set status=1 where AccessionNumber='DSA117' and status=0
2019-03-26 20:36:26: success1
2019-03-26 20:36:27: select b.ComboValue,a.ComboType from ComboData as a,ComboDataDetail as b where a.ComboDataIndex=b.ComboDataIndex and a.ComboUID='gmzy_xgxxlr_bbfx' order by b.ComboValueOrder asc
2019-03-26 20:36:27: success4
2019-03-26 20:36:27: select b.ComboValue,a.ComboType from ComboData as a,ComboDataDetail as b where a.ComboDataIndex=b.ComboDataIndex and a.ComboUID='gmzy_xgxxlr_fzxg' order by b.ComboValueOrder asc
2019-03-26 20:36:27: success3
2019-03-26 20:36:27: select b.ComboValue,a.ComboType from ComboData as a,ComboDataDetail as b where a.ComboDataIndex=b.ComboDataIndex and a.ComboUID='gmzy_xgxxlr_jrzl' order by b.ComboValueOrder asc
2019-03-26 20:36:27: success7
2019-03-26 20:36:27: select b.ComboValue,a.ComboType from ComboData as a,ComboDataDetail as b where a.ComboDataIndex=b.ComboDataIndex and a.ComboUID='gmzy_xgxxlr_jwzj' order by b.ComboValueOrder asc
2019-03-26 20:36:27: success7
2019-03-26 20:36:27: select b.ComboValue,a.ComboType from ComboData as a,ComboDataDetail as b where a.ComboDataIndex=b.ComboDataIndex and a.ComboUID='gmzy_xgxxlr_jwzjlx' order by b.ComboValueOrder asc
2019-03-26 20:36:27: success8
2019-03-26 20:36:27: select b.ComboValue,a.ComboType from ComboData as a,ComboDataDetail as b where a.ComboDataIndex=b.ComboDataIndex and a.ComboUID='gmzy_xgxxlr_bbbw' order by b.ComboValueOrder asc
2019-03-26 20:36:27: success61
2019-03-26 20:36:27: select b.ComboValue,a.ComboType from ComboData as a,ComboDataDetail as b where a.ComboDataIndex=b.ComboDataIndex and a.ComboUID='gmzy_xgxxlr_bbtd' order by b.ComboValueOrder asc
2019-03-26 20:36:27: success15
2019-03-26 20:36:27: select b.ComboValue,a.ComboType from ComboData as a,ComboDataDetail as b where a.ComboDataIndex=b.ComboDataIndex and a.ComboUID='gmzy_xgxxlr_timi' order by b.ComboValueOrder asc
2019-03-26 20:36:28: success4
2019-03-26 20:36:47: Start Insert 
2019-03-26 20:36:47: Insert into CoronaryDetail(CoronaryIndex,bbbw,bbtd,Timi,Bbfx,Fzxg,Jrzl,Jwzj,Jwzjlx,Clyj,Xzcd,Bbcd,XzcdValue1,XzcdValue2,BbcdValue1,BbcdValue2,RecordCode,RecordName,RecordDate) Values(@CoronaryIndex,@bbbw,@bbtd,@Timi,@Bbfx,@Fzxg,@Jrzl,@Jwzj,@Jwzjlx,@Clyj,@Xzcd,@Bbcd,@XzcdValue1,@XzcdValue2,@BbcdValue1,@BbcdValue2,@RecordCode,@RecordName,@RecordDate)
2019-03-26 20:36:47: success1
2019-03-26 20:36:47: select *,(case xzcd when '区间' then  CAST(XzcdValue1 as varchar(4))+'-'+CAST(XzcdValue2 as varchar(4)) else  CAST(XzcdValue1 as varchar(4))  end ) as NewXzcd,(case Bbcd when '区间' then  CAST(BbcdValue1 as varchar(4))+'-'+CAST(BbcdValue2 as varchar(4)) else  CAST(BbcdValue1 as varchar(4))  end ) as NewBbcd   from CoronaryDetail where CoronaryIndex=69
2019-03-26 20:36:47: success1
2019-03-26 20:36:47: select DetailIndex,(Category+' '+EquipmentName+' '+EquipmentType+' '+Brand) as Equipment,number,sysfcg,cast(zxyl as varchar(12)) as zxyl,cast(zdyl as varchar(12)) as zdyl ,cast(sfsj as varchar(12)) as sfsj,bz from CoronaryEquipmentDetail  where CoronaryDetailIndex =144  and (Category like '%球囊%'  or Category like '%支架%' )  union  select DetailIndex,(Category + ' ' + EquipmentName + ' ' +EquipmentType + ' ' + Brand) as Equipment,number,sysfcg,zxyl='/ ',zdyl='/',sfsj='/',bz from CoronaryEquipmentDetail  where CoronaryDetailIndex = 144 and not (Category like '%球囊%')  and not (Category like '%支架%')  
2019-03-26 20:36:47: success0
2019-03-26 20:36:47: select * from CoronaryInterveneDetail where  CoronaryDetailIndex =144
2019-03-26 20:36:47: success0
2019-03-26 20:36:47: select * from CoronaryFFRDetail where  CoronaryDetailIndex =144
2019-03-26 20:36:47: success0
2019-03-26 20:36:47: select * from CoronaryIVUSDetail where  CoronaryDetailIndex =144
2019-03-26 20:36:47: success0
2019-03-26 20:36:48: select b.ComboValue,a.ComboType from ComboData as a,ComboDataDetail as b where a.ComboDataIndex=b.ComboDataIndex and a.ComboUID='gmzy_IVUS_IVUSsj1' order by b.ComboValueOrder asc
2019-03-26 20:36:48: success12
2019-03-26 20:36:48: select * from CoronaryOCTDetail where  CoronaryDetailIndex =144
2019-03-26 20:36:48: success0
2019-03-26 20:36:48: select * from CoronaryROTADetail where  CoronaryDetailIndex =144
2019-03-26 20:36:48: success0
2019-03-26 20:36:48: select DetailIndex,(Category+' '+EquipmentName+' '+EquipmentType+' '+Brand) as Equipment,number,sysfcg,cast(zxyl as varchar(12)) as zxyl,cast(zdyl as varchar(12)) as zdyl ,cast(sfsj as varchar(12)) as sfsj,bz from CoronaryEquipmentDetail  where CoronaryDetailIndex =144  and (Category like '%球囊%'  or Category like '%支架%' )  union  select DetailIndex,(Category + ' ' + EquipmentName + ' ' +EquipmentType + ' ' + Brand) as Equipment,number,sysfcg,zxyl='/ ',zdyl='/',sfsj='/',bz from CoronaryEquipmentDetail  where CoronaryDetailIndex = 144 and not (Category like '%球囊%')  and not (Category like '%支架%')  
2019-03-26 20:36:48: success0
2019-03-26 20:36:48: select * from CoronaryInterveneDetail where  CoronaryDetailIndex =144
2019-03-26 20:36:48: success0
2019-03-26 20:36:48: select * from CoronaryFFRDetail where  CoronaryDetailIndex =144
2019-03-26 20:36:48: success0
2019-03-26 20:36:48: select * from CoronaryIVUSDetail where  CoronaryDetailIndex =144
2019-03-26 20:36:48: success0
2019-03-26 20:36:48: select b.ComboValue,a.ComboType from ComboData as a,ComboDataDetail as b where a.ComboDataIndex=b.ComboDataIndex and a.ComboUID='gmzy_IVUS_IVUSsj1' order by b.ComboValueOrder asc
2019-03-26 20:36:48: success12
2019-03-26 20:36:48: select * from CoronaryOCTDetail where  CoronaryDetailIndex =144
2019-03-26 20:36:48: success0
2019-03-26 20:36:48: select * from CoronaryROTADetail where  CoronaryDetailIndex =144
2019-03-26 20:36:48: success0
2019-03-26 20:37:07: select * from  CoronaryInterveneDetail where  CoronaryDetailIndex =144
2019-03-26 20:37:07: Failed
2019-03-26 20:37:07: Start Insert 
2019-03-26 20:37:07: Insert into CoronaryInterVeneDetail(Cyss,Bwjr,zlhtimi,Zrzj,szbfz,RecordCode,RecordName,RecordDate,ZlhXzcd,ZlhxzcdValue1,ZlhxzcdValue2,CoronaryDetailIndex) Values(@Cyss,@Bwjr,@zlhtimi,@Zrzj,@szbfz,@RecordCode,@RecordName,@RecordDate,@ZlhXzcd,@ZlhxzcdValue1,@ZlhxzcdValue2,@CoronaryDetailIndex)
2019-03-26 20:37:07: success1
2019-03-26 20:37:17: select * from  CoronaryFFRDetail where  CoronaryDetailIndex =144
2019-03-26 20:37:17: Failed
2019-03-26 20:37:17: Start Insert 
2019-03-26 20:37:17: Insert into CoronaryFFRDetail(FFR1,FFR2,ty1,ty2,CoronaryDetailIndex) Values(@FFR1,@FFR2,@ty1,@ty2,@CoronaryDetailIndex)
2019-03-26 20:37:17: success1
2019-03-26 20:37:25: select * from  CoronaryIVUSDetail where  CoronaryDetailIndex =144
2019-03-26 20:37:25: Failed
2019-03-26 20:37:25: Start Insert 
2019-03-26 20:37:25: Insert into CoronaryIVUSDetail(gqzxzj1,gqzxzj2,gqzdzj1,gqzdzj2,gqzxmj1,gqzxmj2,EEMzxzj1,EEMzxzj2,EEMZdzj1,EEMZdzj2,EEMMj1,EEMMj2,bkfh1,bkfh2,IVUSsj1,IVUSsj2,RecordCode,RecordName,CoronaryDetailIndex) Values(@gqzxzj1,@gqzxzj2,@gqzdzj1,@gqzdzj2,@gqzxmj1,@gqzxmj2,@EEMzxzj1,@EEMzxzj2,@EEMZdzj1,@EEMZdzj2,@EEMMj1,@EEMMj2,@bkfh1,@bkfh2,@IVUSsj1,@IVUSsj2,@RecordCode,@RecordName,@CoronaryDetailIndex)
2019-03-26 20:37:25: success1
2019-03-26 20:37:33: select * from  CoronaryOCTDetail where  CoronaryDetailIndex =144
2019-03-26 20:37:33: Failed
2019-03-26 20:37:33: Start Insert 
2019-03-26 20:37:33: Insert into CoronaryOCTDetail(gqzxzj1,gqzxzj2,gqzdzj1,gqzdzj2,gqzxmj1,gqzxmj2,EEMzxzj1,EEMzxzj2,EEMZdzj1,EEMZdzj2,EEMMj1,EEMMj2,bkfh1,bkfh2,OCTsj1,OCTsj2,RecordCode,RecordName,CoronaryDetailIndex) Values(@gqzxzj1,@gqzxzj2,@gqzdzj1,@gqzdzj2,@gqzxmj1,@gqzxmj2,@EEMzxzj1,@EEMzxzj2,@EEMZdzj1,@EEMZdzj2,@EEMMj1,@EEMMj2,@bkfh1,@bkfh2,@OCTsj1,@OCTsj2,@RecordCode,@RecordName,@CoronaryDetailIndex)
2019-03-26 20:37:33: success1
2019-03-26 20:37:40: Start Insert 
2019-03-26 20:37:40: Insert into CoronaryROTADetail(mtdx,zs,jkxg,CoronaryDetailIndex,RecordCode,RecordName,RecordDate) Values(@mtdx,@zs,@jkxg,@CoronaryDetailIndex,@RecordCode,@RecordName,@RecordDate)
2019-03-26 20:37:40: success1
2019-03-26 20:37:40: select * from CoronaryROTADetail where CoronaryDetailIndex=144
2019-03-26 20:37:40: success1
2019-03-26 20:37:43: insert into pub_LogInfo(UserCode,UserName,ModuleName,AccessionNumber,IPAddress,TimeStamp) values('ly','刘宇','图像查看','DSA117','10.31.206.86',GetDate())
2019-03-26 20:37:43: success1
2019-03-26 20:37:43: select cd.* from CoronaryDetail as cd,Coronary as c where cd.CoronaryIndex=c.CoronaryIndex and c.AccessionNumber='DSA117'
2019-03-26 20:37:43: success1
2019-03-26 20:37:43: select * from PACSPrint where AccessionNumber='DSA117' and len(LesionName)<1 
2019-03-26 20:37:43: success0
2019-03-26 20:37:43: select * from PACSPrint where AccessionNumber='DSA117'
2019-03-26 20:37:43: success0
2019-03-26 20:38:27: select *  from PACSPrint where AccessionNumber='DSA117' order by LesionName
2019-03-26 20:38:27: success11
2019-03-26 20:38:44: insert into pub_LogInfo(UserCode,UserName,ModuleName,AccessionNumber,IPAddress,TimeStamp) values('ly','刘宇','帧图像处理','DSA117','10.31.206.86',GetDate())
2019-03-26 20:38:44: success1
2019-03-26 20:38:44: select cd.* from CoronaryDetail as cd,Coronary as c where cd.CoronaryIndex=c.CoronaryIndex and c.AccessionNumber='DSA117'
2019-03-26 20:38:44: success1
2019-03-26 20:38:44: select * from PACSPrint where AccessionNumber='DSA117' and len(LesionName)<1 
2019-03-26 20:38:44: success2
2019-03-26 20:38:44: select * from PACSPrint where AccessionNumber='DSA117'
2019-03-26 20:38:44: success11
2019-03-26 20:39:04: insert into pub_LogInfo(UserCode,UserName,ModuleName,AccessionNumber,IPAddress,TimeStamp) values('ly','刘宇','报告模板','DSA117','10.31.206.86',GetDate())
2019-03-26 20:39:04: success1
2019-03-26 20:39:05: select * from Cisreport where AccessionNumber='DSA117'
2019-03-26 20:39:05: success1
2019-03-26 20:39:05: select m.*,p.UserCode from pub_Menu as m,pub_userPrivilege as p where m.menucode = p.menucode and p.usercode = 'ly' and m.MenuName='报告模板'
2019-03-26 20:39:05: success1
2019-03-26 20:39:05:  select * from studyOperateList where Leavedate is  null and OperateType = '编辑' and  AccessionNumber = 'DSA117' and ModuleName='报告模板'
2019-03-26 20:39:05: success0
2019-03-26 20:39:05: select *,del='删除模板',sign='模板签名',preview='打印预览' from ReportTemplate where AccessionNumber='DSA117'
2019-03-26 20:39:05: success0
2019-03-26 20:39:05: insert into StudyOperateList(UserCode,ModuleName,AccessionNumber,IPAddress,EnterDate,OperateType,SoftNodeID,SoftNodeName) values('ly','报告模板','DSA117','10.31.206.86',GetDate(),'编辑','CIS03','3号导管室')
2019-03-26 20:39:05: success1
2019-03-26 20:39:08: Start Insert 
2019-03-26 20:39:08: Insert into ReportTemplate(RecordCode,RecordName,TemplateName,PdfFileName,AccessionNumber) Values(@RecordCode,@RecordName,@TemplateName,@PdfFileName,@AccessionNumber)
2019-03-26 20:39:08: success1
2019-03-26 20:39:08: select *,del='删除模板',sign='模板签名',preview='打印预览' from ReportTemplate where AccessionNumber='DSA117'
2019-03-26 20:39:08: success1
2019-03-26 20:39:08: select *,Preview='报告预览' from ReportTemplateHistory where TemplateName='正常冠脉造影报告' and AccessionNumber='DSA117'
2019-03-26 20:39:08: success0
2019-03-26 20:39:09: select *,Preview='报告预览' from ReportTemplateHistory where TemplateName='正常冠脉造影报告' and AccessionNumber='DSA117'
2019-03-26 20:39:09: success0
2019-03-26 20:39:10: select a.*,b.*,CAST(PatientsDOB as  datetime) as Birthday from CISReport a,pub_patients b where a.PatientIndex=b.PatientsIndex and a.AccessionNumber='DSA117'
2019-03-26 20:39:10: success1
2019-03-26 20:39:10: select * from CisReportDetail where AccessionNumber='DSA117'
2019-03-26 20:39:10: success0
2019-03-26 20:39:10: select * from CisReportDetail where FieldAbbr like 'hsjrzljl_sq_%' and  AccessionNumber='DSA117'
2019-03-26 20:39:10: success0
2019-03-26 20:39:10: select * from CisReportDetail where FieldAbbr like 'hsjrzljl_SQ_sqzd%' and  AccessionNumber='DSA117'
2019-03-26 20:39:10: success0
2019-03-26 20:39:10: select * from CisReportDetail where FieldAbbr like 'hsjrzljl_sh_%' and  AccessionNumber='DSA117'
2019-03-26 20:39:10: success0
2019-03-26 20:39:10: select * from CisReportDetail where FieldGroup = 'yyjl' and  AccessionNumber='DSA117'
2019-03-26 20:39:10: success0
2019-03-26 20:39:10: select * from CisReportDetail where FieldAbbr like 'yyjl%' and  AccessionNumber='DSA117'
2019-03-26 20:39:10: success0
2019-03-26 20:39:10: select * from CisReportDetail where  FieldGroup='hlpg' and FieldAbbr like 'hlpg_xdjh%'  and AccessionNumber='DSA117' and (FieldText  like '%BP%' or FieldText  like '%HR%' or FieldText  like '%RR%' or FieldText  like '%SPO2%')
2019-03-26 20:39:10: success0
2019-03-26 20:39:10: select * from CisReportDetail where  FieldGroup='hlpg'  and AccessionNumber='DSA117' and (FieldText  like '%NRS%' )
2019-03-26 20:39:10: success0
2019-03-26 20:39:10: select * from CisEquipment where category like '%造影导管%' and AccessionNumber='DSA117'
2019-03-26 20:39:10: success0
2019-03-26 20:39:10: select * from Coronary where AccessionNumber='DSA117'
2019-03-26 20:39:10: success1
2019-03-26 20:39:10: select *,(case xzcd when '区间' then  CAST(XzcdValue1 as varchar(4))+'-'+CAST(XzcdValue2 as varchar(4)) else  CAST(XzcdValue1 as varchar(4))  end ) as NewXzcd from CoronaryDetail where  clyj like '%本次治疗%' and CoronaryIndex=69
2019-03-26 20:39:10: success1
2019-03-26 20:39:10: select *,(case xzcd when '区间' then  CAST(XzcdValue1 as varchar(4))+'-'+CAST(XzcdValue2 as varchar(4)) else  CAST(XzcdValue1 as varchar(4))  end ) as NewXzcd from CoronaryDetail where CoronaryIndex=69
2019-03-26 20:39:10: success1
2019-03-26 20:39:10: select * from CisEquipment where  AccessionNumber='DSA117'
2019-03-26 20:39:10: success0
2019-03-26 20:39:10: select *  from PACSPrint where AccessionNumber='DSA117'
2019-03-26 20:39:10: success11
2019-03-26 20:39:20: insert into pub_LogInfo(UserCode,UserName,ModuleName,AccessionNumber,IPAddress,TimeStamp) values('ly','刘宇','图像查看','DSA117','10.31.206.86',GetDate())
2019-03-26 20:39:20: success1
2019-03-26 20:39:20: select cd.* from CoronaryDetail as cd,Coronary as c where cd.CoronaryIndex=c.CoronaryIndex and c.AccessionNumber='DSA117'
2019-03-26 20:39:20: success1
2019-03-26 20:39:20: select * from PACSPrint where AccessionNumber='DSA117' and len(LesionName)<1 
2019-03-26 20:39:20: success2
2019-03-26 20:39:20: select * from PACSPrint where AccessionNumber='DSA117'
2019-03-26 20:39:20: success11
2019-03-26 20:40:47: select c.*,p.*,CAST(p.PatientsDOB as  datetime) as Birthday from CISReport as c ,pub_patients as p  where c.patientIndex=p.PatientsIndex and c.AccessionNumber = 'DSA116'
2019-03-26 20:40:47: success1
2019-03-26 20:40:47: select b.ComboValue,a.ComboType from ComboData as a,ComboDataDetail as b where a.ComboDataIndex=b.ComboDataIndex and a.ComboUID='ssdj_Lab' order by b.ComboValueOrder asc
2019-03-26 20:40:47: success5
2019-03-26 20:40:47: select b.ComboValue,a.ComboType from ComboData as a,ComboDataDetail as b where a.ComboDataIndex=b.ComboDataIndex and a.ComboUID='ssdj_ExamineName' order by b.ComboValueOrder asc
2019-03-26 20:40:47: success2
2019-03-26 20:40:55: connect init:29
2019-03-26 20:40:55: select UserCode, password, UserName,UserType FROM PUB_User where UserCode = 'ly'
2019-03-26 20:40:55: success1
2019-03-26 20:40:56: insert into pub_LogInfo(UserCode,UserName,ModuleName,AccessionNumber,IPAddress,TimeStamp) values('ly','刘宇','登录','','10.31.206.86',GetDate())
2019-03-26 20:40:56: success1
2019-03-26 20:40:57: select b.ComboValue,a.ComboType from ComboData as a,ComboDataDetail as b where a.ComboDataIndex=b.ComboDataIndex and a.ComboUID='ssjbxx_Lab'
2019-03-26 20:40:57: success6
2019-03-26 20:40:57: select UserName,UserType from pub_User 
2019-03-26 20:40:57: success32
2019-03-26 20:40:57: select a.StudyDate,b.PatientsName ,b.PatientsID,b.PatientsSex ,a.ExamineName ,a.ExamineDoctor ,a.accessionNumber ,a.Lab ,a.RegDate ,(case a.status when 0 then '未开始' when 1 then '进行中' when 2 then '已完成' end) as myStatus,a.ImportantItem from CISReport a,pub_patients b where a.PatientIndex=b.PatientsIndex and a.StudyDate between '2019-03-26 00:00:00' and '2019-03-26 23:59:59'
2019-03-26 20:40:57: success2
2019-03-26 20:41:00: select c.*,p.*,CAST(p.PatientsDOB as  datetime) as Birthday from CISReport as c ,pub_patients as p  where c.patientIndex=p.PatientsIndex and c.AccessionNumber = 'DSA117'
2019-03-26 20:41:00: success1
2019-03-26 20:41:00: insert into pub_LogInfo(UserCode,UserName,ModuleName,AccessionNumber,IPAddress,TimeStamp) values('ly','刘宇','患者信息','DSA117','10.31.206.86',GetDate())
2019-03-26 20:41:00: success1
2019-03-26 20:41:02: insert into pub_LogInfo(UserCode,UserName,ModuleName,AccessionNumber,IPAddress,TimeStamp) values('ly','刘宇','图像查看','DSA117','10.31.206.86',GetDate())
2019-03-26 20:41:02: success1
2019-03-26 20:41:02: select cd.* from CoronaryDetail as cd,Coronary as c where cd.CoronaryIndex=c.CoronaryIndex and c.AccessionNumber='DSA117'
2019-03-26 20:41:02: success1
2019-03-26 20:41:02: select * from PACSPrint where AccessionNumber='DSA117' and len(LesionName)<1 
2019-03-26 20:41:02: success2
2019-03-26 20:41:02: select * from PACSPrint where AccessionNumber='DSA117'
2019-03-26 20:41:02: success11
2019-03-26 20:41:11: insert into pub_LogInfo(UserCode,UserName,ModuleName,AccessionNumber,IPAddress,TimeStamp) values('ly','刘宇','帧图像处理','DSA117','10.31.206.86',GetDate())
2019-03-26 20:41:11: success1
2019-03-26 20:41:11: select cd.* from CoronaryDetail as cd,Coronary as c where cd.CoronaryIndex=c.CoronaryIndex and c.AccessionNumber='DSA117'
2019-03-26 20:41:11: success1
2019-03-26 20:41:11: select * from PACSPrint where AccessionNumber='DSA117' and len(LesionName)<1 
2019-03-26 20:41:11: success2
2019-03-26 20:41:11: select * from PACSPrint where AccessionNumber='DSA117'
2019-03-26 20:41:11: success11
2019-03-26 20:41:19: insert into pub_LogInfo(UserCode,UserName,ModuleName,AccessionNumber,IPAddress,TimeStamp) values('ly','刘宇','帧图像处理','DSA117','10.31.206.86',GetDate())
2019-03-26 20:41:19: success1
2019-03-26 20:41:19: select cd.* from CoronaryDetail as cd,Coronary as c where cd.CoronaryIndex=c.CoronaryIndex and c.AccessionNumber='DSA117'
2019-03-26 20:41:19: success1
2019-03-26 20:41:19: select * from PACSPrint where AccessionNumber='DSA117' and len(LesionName)<1 
2019-03-26 20:41:19: success2
2019-03-26 20:41:19: select * from PACSPrint where AccessionNumber='DSA117'
2019-03-26 20:41:19: success11
2019-03-26 20:41:32: insert into pub_LogInfo(UserCode,UserName,ModuleName,AccessionNumber,IPAddress,TimeStamp) values('ly','刘宇','报告模板','DSA117','10.31.206.86',GetDate())
2019-03-26 20:41:32: success1
2019-03-26 20:41:32: select * from Cisreport where AccessionNumber='DSA117'
2019-03-26 20:41:32: success1
2019-03-26 20:41:32: select m.*,p.UserCode from pub_Menu as m,pub_userPrivilege as p where m.menucode = p.menucode and p.usercode = 'ly' and m.MenuName='报告模板'
2019-03-26 20:41:32: success1
2019-03-26 20:41:32:  select * from studyOperateList where Leavedate is  null and OperateType = '编辑' and  AccessionNumber = 'DSA117' and ModuleName='报告模板'
2019-03-26 20:41:32: success1
2019-03-26 20:41:32: select *,del='删除模板',sign='模板签名',preview='打印预览' from ReportTemplate where AccessionNumber='DSA117'
2019-03-26 20:41:32: success1
2019-03-26 20:41:32: select *,Preview='报告预览' from ReportTemplateHistory where TemplateName='正常冠脉造影报告' and AccessionNumber='DSA117'
2019-03-26 20:41:32: success0
2019-03-26 20:41:32: select *,Preview='报告预览' from ReportTemplateHistory where TemplateName='正常冠脉造影报告' and AccessionNumber='DSA117'
2019-03-26 20:41:32: success0
2019-03-26 20:41:32: insert into StudyOperateList(UserCode,ModuleName,AccessionNumber,IPAddress,EnterDate,OperateType,SoftNodeID,SoftNodeName) values('ly','报告模板','DSA117','10.31.206.86',GetDate(),'查看','CIS03','3号导管室')
2019-03-26 20:41:32: success1
2019-03-26 20:41:32: select *,Preview='报告预览' from ReportTemplateHistory where TemplateName='正常冠脉造影报告' and AccessionNumber='DSA117'
2019-03-26 20:41:32: success0
2019-03-26 20:41:34: select *,Preview='报告预览' from ReportTemplateHistory where TemplateName='正常冠脉造影报告' and AccessionNumber='DSA117'
2019-03-26 20:41:34: success0
2019-03-26 20:41:34: select a.*,b.*,CAST(PatientsDOB as  datetime) as Birthday from CISReport a,pub_patients b where a.PatientIndex=b.PatientsIndex and a.AccessionNumber='DSA117'
2019-03-26 20:41:34: success1
2019-03-26 20:41:34: select * from CisReportDetail where AccessionNumber='DSA117'
2019-03-26 20:41:34: success0
2019-03-26 20:41:34: select * from CisReportDetail where FieldAbbr like 'hsjrzljl_sq_%' and  AccessionNumber='DSA117'
2019-03-26 20:41:34: success0
2019-03-26 20:41:34: select * from CisReportDetail where FieldAbbr like 'hsjrzljl_SQ_sqzd%' and  AccessionNumber='DSA117'
2019-03-26 20:41:34: success0
2019-03-26 20:41:34: select * from CisReportDetail where FieldAbbr like 'hsjrzljl_sh_%' and  AccessionNumber='DSA117'
2019-03-26 20:41:34: success0
2019-03-26 20:41:34: select * from CisReportDetail where FieldGroup = 'yyjl' and  AccessionNumber='DSA117'
2019-03-26 20:41:34: success0
2019-03-26 20:41:34: select * from CisReportDetail where FieldAbbr like 'yyjl%' and  AccessionNumber='DSA117'
2019-03-26 20:41:34: success0
2019-03-26 20:41:34: select * from CisReportDetail where  FieldGroup='hlpg' and FieldAbbr like 'hlpg_xdjh%'  and AccessionNumber='DSA117' and (FieldText  like '%BP%' or FieldText  like '%HR%' or FieldText  like '%RR%' or FieldText  like '%SPO2%')
2019-03-26 20:41:34: success0
2019-03-26 20:41:34: select * from CisReportDetail where  FieldGroup='hlpg'  and AccessionNumber='DSA117' and (FieldText  like '%NRS%' )
2019-03-26 20:41:34: success0
2019-03-26 20:41:34: select * from CisEquipment where category like '%造影导管%' and AccessionNumber='DSA117'
2019-03-26 20:41:34: success0
2019-03-26 20:41:34: select * from Coronary where AccessionNumber='DSA117'
2019-03-26 20:41:34: success1
2019-03-26 20:41:34: select *,(case xzcd when '区间' then  CAST(XzcdValue1 as varchar(4))+'-'+CAST(XzcdValue2 as varchar(4)) else  CAST(XzcdValue1 as varchar(4))  end ) as NewXzcd from CoronaryDetail where  clyj like '%本次治疗%' and CoronaryIndex=69
2019-03-26 20:41:34: success1
2019-03-26 20:41:34: select *,(case xzcd when '区间' then  CAST(XzcdValue1 as varchar(4))+'-'+CAST(XzcdValue2 as varchar(4)) else  CAST(XzcdValue1 as varchar(4))  end ) as NewXzcd from CoronaryDetail where CoronaryIndex=69
2019-03-26 20:41:34: success1
2019-03-26 20:41:34: select * from CisEquipment where  AccessionNumber='DSA117'
2019-03-26 20:41:34: success0
2019-03-26 20:41:34: select *  from PACSPrint where AccessionNumber='DSA117'
2019-03-26 20:41:34: success11
2019-03-26 20:41:43: insert into pub_LogInfo(UserCode,UserName,ModuleName,AccessionNumber,IPAddress,TimeStamp) values('ly','刘宇','冠脉造影','DSA117','10.31.206.86',GetDate())
2019-03-26 20:41:43: success1
2019-03-26 20:41:43: select * from CisReport where status=2 and  AccessionNumber = 'DSA117'
2019-03-26 20:41:43: Failed
2019-03-26 20:41:43: select m.*,p.UserCode from pub_Menu as m , pub_userPrivilege as p where m.menucode = p.menucode and p.usercode = 'ly' and m.MenuName='冠脉造影'
2019-03-26 20:41:43: 203
2019-03-26 20:41:43:  select * from studyOperateList where Leavedate is  null and OperateType = '编辑' and  AccessionNumber = 'DSA117' and ModuleName='冠脉造影'
2019-03-26 20:41:43: 2658
2019-03-26 20:41:43: select b.ComboValue,a.ComboType from ComboData as a,ComboDataDetail as b where a.ComboDataIndex=b.ComboDataIndex and a.ComboUID='gmzy_jrzlqk_cyss' order by b.ComboValueOrder asc
2019-03-26 20:41:43: success9
2019-03-26 20:41:43: select b.ComboValue,a.ComboType from ComboData as a,ComboDataDetail as b where a.ComboDataIndex=b.ComboDataIndex and a.ComboUID='gmzy_jrzlqk_bwjr' order by b.ComboValueOrder asc
2019-03-26 20:41:43: success2
2019-03-26 20:41:43: select b.ComboValue,a.ComboType from ComboData as a,ComboDataDetail as b where a.ComboDataIndex=b.ComboDataIndex and a.ComboUID='gmzy_jrzlqk_zlhTIMI' order by b.ComboValueOrder asc
2019-03-26 20:41:43: success4
2019-03-26 20:41:43: select b.ComboValue,a.ComboType from ComboData as a,ComboDataDetail as b where a.ComboDataIndex=b.ComboDataIndex and a.ComboUID='gmzy_jrzlqk_zrzj' order by b.ComboValueOrder asc
2019-03-26 20:41:43: success8
2019-03-26 20:41:43: select b.ComboValue,a.ComboType from ComboData as a,ComboDataDetail as b where a.ComboDataIndex=b.ComboDataIndex and a.ComboUID='gmzy_jrzlqk_szbfz' order by b.ComboValueOrder asc
2019-03-26 20:41:43: success15
2019-03-26 20:41:43: select b.ComboValue,a.ComboType from ComboData as a,ComboDataDetail as b where a.ComboDataIndex=b.ComboDataIndex and a.ComboUID='gmzy_FFR_ty1' order by b.ComboValueOrder asc
2019-03-26 20:41:43: success9
2019-03-26 20:41:43: select b.ComboValue,a.ComboType from ComboData as a,ComboDataDetail as b where a.ComboDataIndex=b.ComboDataIndex and a.ComboUID='gmzy_FFR_ty2' order by b.ComboValueOrder asc
2019-03-26 20:41:43: success9
2019-03-26 20:41:43: select b.ComboValue,a.ComboType from ComboData as a,ComboDataDetail as b where a.ComboDataIndex=b.ComboDataIndex and a.ComboUID='gmzy_IVUS_IVUSsj1' order by b.ComboValueOrder asc
2019-03-26 20:41:43: success12
2019-03-26 20:41:43: select b.ComboValue,a.ComboType from ComboData as a,ComboDataDetail as b where a.ComboDataIndex=b.ComboDataIndex and a.ComboUID='gmzy_IVUS_IVUSsj2' order by b.ComboValueOrder asc
2019-03-26 20:41:43: success7
2019-03-26 20:41:43: select b.ComboValue,a.ComboType from ComboData as a,ComboDataDetail as b where a.ComboDataIndex=b.ComboDataIndex and a.ComboUID='gmzy_OCT_OCTsj1' order by b.ComboValueOrder asc
2019-03-26 20:41:43: success12
2019-03-26 20:41:43: select b.ComboValue,a.ComboType from ComboData as a,ComboDataDetail as b where a.ComboDataIndex=b.ComboDataIndex and a.ComboUID='gmzy_OCT_OCTsj2' order by b.ComboValueOrder asc
2019-03-26 20:41:43: success7
2019-03-26 20:41:43: select b.ComboValue,a.ComboType from ComboData as a,ComboDataDetail as b where a.ComboDataIndex=b.ComboDataIndex and a.ComboUID='gmzy_jbxx_gmysx' order by b.ComboValueOrder asc
2019-03-26 20:41:43: success3
2019-03-26 20:41:43: select b.ComboValue,a.ComboType from ComboData as a,ComboDataDetail as b where a.ComboDataIndex=b.ComboDataIndex and a.ComboUID='gmzy_jbxx_jxgm' order by b.ComboValueOrder asc
2019-03-26 20:41:43: success5
2019-03-26 20:41:43: select b.ComboValue,a.ComboType from ComboData as a,ComboDataDetail as b where a.ComboDataIndex=b.ComboDataIndex and a.ComboUID='gmzy_jbxx_shzd' order by b.ComboValueOrder asc
2019-03-26 20:41:43: success6
2019-03-26 20:41:43: select b.ComboValue,a.ComboType from ComboData as a,ComboDataDetail as b where a.ComboDataIndex=b.ComboDataIndex and a.ComboUID='gmzy_jbxx_bhff' order by b.ComboValueOrder asc
2019-03-26 20:41:43: success5
2019-03-26 20:41:43: select b.ComboValue,a.ComboType from ComboData as a,ComboDataDetail as b where a.ComboDataIndex=b.ComboDataIndex and a.ComboUID='gmzy_jbxx_bfz' order by b.ComboValueOrder asc
2019-03-26 20:41:43: success3
2019-03-26 20:41:43: select b.ComboValue,a.ComboType from ComboData as a,ComboDataDetail as b where a.ComboDataIndex=b.ComboDataIndex and a.ComboUID='gmzy_jbxx_czxg' order by b.ComboValueOrder asc
2019-03-26 20:41:43: success2
2019-03-26 20:41:43: select b.ComboValue,a.ComboType from ComboData as a,ComboDataDetail as b where a.ComboDataIndex=b.ComboDataIndex and a.ComboUID='gmzy_jbxx_zhidong' order by b.ComboValueOrder asc
2019-03-26 20:41:43: success3
2019-03-26 20:41:43: select b.ComboValue,a.ComboType from ComboData as a,ComboDataDetail as b where a.ComboDataIndex=b.ComboDataIndex and a.ComboUID='gmzy_jbxx_cabgs' order by b.ComboValueOrder asc
2019-03-26 20:41:43: success5
2019-03-26 20:41:43: select b.ComboValue,a.ComboType from ComboData as a,ComboDataDetail as b where a.ComboDataIndex=b.ComboDataIndex and a.ComboUID='gmzy_xm_mtdx' order by b.ComboValueOrder asc
2019-03-26 20:41:43: success4
2019-03-26 20:41:43: select b.ComboValue,a.ComboType from ComboData as a,ComboDataDetail as b where a.ComboDataIndex=b.ComboDataIndex and a.ComboUID='gmzy_xm_jkxg' order by b.ComboValueOrder asc
2019-03-26 20:41:43: success2
2019-03-26 20:41:43: select  * from Coronary where AccessionNumber = 'DSA117'
2019-03-26 20:41:43: 69
2019-03-26 20:41:43: select  * from Coronary where AccessionNumber = 'DSA117'
2019-03-26 20:41:43: success1
2019-03-26 20:41:43: select *  from PACSPrint where AccessionNumber='DSA117' order by LesionName
2019-03-26 20:41:43: success11
2019-03-26 20:41:43: select *,(case xzcd when '区间' then  CAST(XzcdValue1 as varchar(4))+'-'+CAST(XzcdValue2 as varchar(4)) else  CAST(XzcdValue1 as varchar(4))  end ) as NewXzcd,(case Bbcd when '区间' then  CAST(BbcdValue1 as varchar(4))+'-'+CAST(BbcdValue2 as varchar(4)) else  CAST(BbcdValue1 as varchar(4))  end ) as NewBbcd   from CoronaryDetail where CoronaryIndex=69
2019-03-26 20:41:43: success1
2019-03-26 20:41:43: select DetailIndex,(Category+' '+EquipmentName+' '+EquipmentType+' '+Brand) as Equipment,number,sysfcg,cast(zxyl as varchar(12)) as zxyl,cast(zdyl as varchar(12)) as zdyl ,cast(sfsj as varchar(12)) as sfsj,bz from CoronaryEquipmentDetail  where CoronaryDetailIndex =144  and (Category like '%球囊%'  or Category like '%支架%' )  union  select DetailIndex,(Category + ' ' + EquipmentName + ' ' +EquipmentType + ' ' + Brand) as Equipment,number,sysfcg,zxyl='/ ',zdyl='/',sfsj='/',bz from CoronaryEquipmentDetail  where CoronaryDetailIndex = 144 and not (Category like '%球囊%')  and not (Category like '%支架%')  
2019-03-26 20:41:43: success0
2019-03-26 20:41:43: select * from CoronaryInterveneDetail where  CoronaryDetailIndex =144
2019-03-26 20:41:43: success1
2019-03-26 20:41:43: select * from CoronaryFFRDetail where  CoronaryDetailIndex =144
2019-03-26 20:41:43: success1
2019-03-26 20:41:43: select * from CoronaryIVUSDetail where  CoronaryDetailIndex =144
2019-03-26 20:41:43: success1
2019-03-26 20:41:43: select b.ComboValue,a.ComboType from ComboData as a,ComboDataDetail as b where a.ComboDataIndex=b.ComboDataIndex and a.ComboUID='gmzy_IVUS_IVUSsj1' order by b.ComboValueOrder asc
2019-03-26 20:41:43: success12
2019-03-26 20:41:43: select * from CoronaryOCTDetail where  CoronaryDetailIndex =144
2019-03-26 20:41:43: success1
2019-03-26 20:41:43: select * from CoronaryROTADetail where  CoronaryDetailIndex =144
2019-03-26 20:41:43: success1
2019-03-26 20:41:43: insert into StudyOperateList(UserCode,ModuleName,AccessionNumber,IPAddress,EnterDate,OperateType,SoftNodeID,SoftNodeName) values('ly','冠脉造影','DSA117','10.31.206.86',GetDate(),'查看','CIS03','3号导管室')
2019-03-26 20:41:43: success1
2019-03-26 20:41:43: select DetailIndex,(Category+' '+EquipmentName+' '+EquipmentType+' '+Brand) as Equipment,number,sysfcg,cast(zxyl as varchar(12)) as zxyl,cast(zdyl as varchar(12)) as zdyl ,cast(sfsj as varchar(12)) as sfsj,bz from CoronaryEquipmentDetail  where CoronaryDetailIndex =144  and (Category like '%球囊%'  or Category like '%支架%' )  union  select DetailIndex,(Category + ' ' + EquipmentName + ' ' +EquipmentType + ' ' + Brand) as Equipment,number,sysfcg,zxyl='/ ',zdyl='/',sfsj='/',bz from CoronaryEquipmentDetail  where CoronaryDetailIndex = 144 and not (Category like '%球囊%')  and not (Category like '%支架%')  
2019-03-26 20:41:43: success0
2019-03-26 20:41:43: select * from CoronaryInterveneDetail where  CoronaryDetailIndex =144
2019-03-26 20:41:43: success1
2019-03-26 20:41:43: select * from CoronaryFFRDetail where  CoronaryDetailIndex =144
2019-03-26 20:41:43: success1
2019-03-26 20:41:43: select * from CoronaryIVUSDetail where  CoronaryDetailIndex =144
2019-03-26 20:41:43: success1
2019-03-26 20:41:43: select b.ComboValue,a.ComboType from ComboData as a,ComboDataDetail as b where a.ComboDataIndex=b.ComboDataIndex and a.ComboUID='gmzy_IVUS_IVUSsj1' order by b.ComboValueOrder asc
2019-03-26 20:41:43: success12
2019-03-26 20:41:43: select * from CoronaryOCTDetail where  CoronaryDetailIndex =144
2019-03-26 20:41:43: success1
2019-03-26 20:41:43: select * from CoronaryROTADetail where  CoronaryDetailIndex =144
2019-03-26 20:41:43: success1
2019-03-26 20:41:44: select DetailIndex,(Category+' '+EquipmentName+' '+EquipmentType+' '+Brand) as Equipment,number,sysfcg,cast(zxyl as varchar(12)) as zxyl,cast(zdyl as varchar(12)) as zdyl ,cast(sfsj as varchar(12)) as sfsj,bz from CoronaryEquipmentDetail  where CoronaryDetailIndex =144  and (Category like '%球囊%'  or Category like '%支架%' )  union  select DetailIndex,(Category + ' ' + EquipmentName + ' ' +EquipmentType + ' ' + Brand) as Equipment,number,sysfcg,zxyl='/ ',zdyl='/',sfsj='/',bz from CoronaryEquipmentDetail  where CoronaryDetailIndex = 144 and not (Category like '%球囊%')  and not (Category like '%支架%')  
2019-03-26 20:41:44: success0
2019-03-26 20:41:44: select * from CoronaryInterveneDetail where  CoronaryDetailIndex =144
2019-03-26 20:41:44: success1
2019-03-26 20:41:44: select * from CoronaryFFRDetail where  CoronaryDetailIndex =144
2019-03-26 20:41:44: success1
2019-03-26 20:41:44: select * from CoronaryIVUSDetail where  CoronaryDetailIndex =144
2019-03-26 20:41:44: success1
2019-03-26 20:41:44: select b.ComboValue,a.ComboType from ComboData as a,ComboDataDetail as b where a.ComboDataIndex=b.ComboDataIndex and a.ComboUID='gmzy_IVUS_IVUSsj1' order by b.ComboValueOrder asc
2019-03-26 20:41:44: success12
2019-03-26 20:41:44: select * from CoronaryOCTDetail where  CoronaryDetailIndex =144
2019-03-26 20:41:44: success1
2019-03-26 20:41:44: select * from CoronaryROTADetail where  CoronaryDetailIndex =144
2019-03-26 20:41:44: success1
2019-03-26 20:49:47: insert into pub_LogInfo(UserCode,UserName,ModuleName,AccessionNumber,IPAddress,TimeStamp) values('ly','刘宇','图像查看','DSA117','10.31.206.86',GetDate())
2019-03-26 20:49:47: success1
2019-03-26 20:49:47: select cd.* from CoronaryDetail as cd,Coronary as c where cd.CoronaryIndex=c.CoronaryIndex and c.AccessionNumber='DSA117'
2019-03-26 20:49:47: success1
2019-03-26 20:49:47: select * from PACSPrint where AccessionNumber='DSA117' and len(LesionName)<1 
2019-03-26 20:49:47: success2
2019-03-26 20:49:47: select * from PACSPrint where AccessionNumber='DSA117'
2019-03-26 20:49:47: success11
2019-03-26 20:50:07: insert into pub_LogInfo(UserCode,UserName,ModuleName,AccessionNumber,IPAddress,TimeStamp) values('ly','刘宇','帧图像处理','DSA117','10.31.206.86',GetDate())
2019-03-26 20:50:07: success1
2019-03-26 20:50:07: select cd.* from CoronaryDetail as cd,Coronary as c where cd.CoronaryIndex=c.CoronaryIndex and c.AccessionNumber='DSA117'
2019-03-26 20:50:07: success1
2019-03-26 20:50:07: select * from PACSPrint where AccessionNumber='DSA117' and len(LesionName)<1 
2019-03-26 20:50:07: success2
2019-03-26 20:50:07: select * from PACSPrint where AccessionNumber='DSA117'
2019-03-26 20:50:07: success11
