2019-03-21 10:29:55: connect init:105
2019-03-21 10:29:55: select UserCode, password, UserName,UserType FROM PUB_User where UserCode = 'cxc'
2019-03-21 10:30:47: connect init:62
2019-03-21 10:30:47: select UserCode, password, UserName,UserType FROM PUB_User where UserCode = 'cxc'
2019-03-21 10:31:21: connect init:105
2019-03-21 10:31:21: select UserCode, password, UserName,UserType FROM PUB_User where UserCode = 'cxc'
2019-03-21 10:31:21: success1
2019-03-21 10:31:21: insert into pub_LogInfo(UserCode,UserName,ModuleName,AccessionNumber,IPAddress,TimeStamp) values('cxc','陈希超','登录','','192.168.0.104',GetDate())
2019-03-21 10:31:21: success1
2019-03-21 10:31:22: select b.ComboValue,a.ComboType from ComboData as a,ComboDataDetail as b where a.ComboDataIndex=b.ComboDataIndex and a.ComboUID='ssjbxx_Lab'
2019-03-21 10:31:22: success6
2019-03-21 10:31:22: select UserName,UserType from pub_User 
2019-03-21 10:31:22: success32
2019-03-21 10:31:22: select a.StudyDate,b.PatientsName ,b.PatientsID,b.PatientsSex ,a.ExamineName ,a.ExamineDoctor ,a.accessionNumber ,a.Lab ,a.RegDate ,(case a.status when 0 then '未开始' when 1 then '进行中' when 2 then '已完成' end) as myStatus,a.ImportantItem from CISReport a,pub_patients b where a.PatientIndex=b.PatientsIndex and a.StudyDate between '2019-03-21 00:00:00' and '2019-03-21 23:59:59'
2019-03-21 10:31:22: success0
2019-03-21 10:31:25: select a.StudyDate,b.PatientsName ,b.PatientsID,b.PatientsSex ,a.ExamineName ,a.ExamineDoctor ,a.accessionNumber ,a.Lab ,a.RegDate ,(case a.status when 0 then '未开始' when 1 then '进行中' when 2 then '已完成' end) as myStatus,a.ImportantItem from CISReport a,pub_patients b where a.PatientIndex=b.PatientsIndex and a.StudyDate between '2019-02-21 00:00:00' and '2019-03-21 23:59:59'
2019-03-21 10:31:25: success42
2019-03-21 10:31:28: select c.*,p.*,CAST(p.PatientsDOB as  datetime) as Birthday from CISReport as c ,pub_patients as p  where c.patientIndex=p.PatientsIndex and c.AccessionNumber = 'DSA254'
2019-03-21 10:31:28: success1
2019-03-21 10:31:28: insert into pub_LogInfo(UserCode,UserName,ModuleName,AccessionNumber,IPAddress,TimeStamp) values('cxc','陈希超','患者信息','DSA254','192.168.0.104',GetDate())
2019-03-21 10:31:28: success1
2019-03-21 10:31:30: insert into pub_LogInfo(UserCode,UserName,ModuleName,AccessionNumber,IPAddress,TimeStamp) values('cxc','陈希超','图像查看','DSA254','192.168.0.104',GetDate())
2019-03-21 10:31:30: success1
2019-03-21 10:31:30: select cd.* from CoronaryDetail as cd,Coronary as c where cd.CoronaryIndex=c.CoronaryIndex and c.AccessionNumber='DSA254'
2019-03-21 10:31:30: success2
2019-03-21 10:31:30: select * from PACSPrint where AccessionNumber='DSA254' and len(LesionName)<1 
2019-03-21 10:31:30: success4
2019-03-21 10:31:30: select * from PACSPrint where AccessionNumber='DSA254'
2019-03-21 10:31:30: success14
2019-03-21 10:31:30: select * from PACSPrint where AccessionNumber='DSA254'
2019-03-21 10:31:30: success14
2019-03-21 10:31:40: insert into pub_LogInfo(UserCode,UserName,ModuleName,AccessionNumber,IPAddress,TimeStamp) values('cxc','陈希超','冠脉造影','DSA254','192.168.0.104',GetDate())
2019-03-21 10:31:40: success1
2019-03-21 10:31:41: select b.ComboValue,a.ComboType from ComboData as a,ComboDataDetail as b where a.ComboDataIndex=b.ComboDataIndex and a.ComboUID='gmzy_jrzlqk_cyss' order by b.ComboValueOrder asc
2019-03-21 10:31:41: success9
2019-03-21 10:31:41: select b.ComboValue,a.ComboType from ComboData as a,ComboDataDetail as b where a.ComboDataIndex=b.ComboDataIndex and a.ComboUID='gmzy_jrzlqk_bwjr' order by b.ComboValueOrder asc
2019-03-21 10:31:41: success2
2019-03-21 10:31:41: select b.ComboValue,a.ComboType from ComboData as a,ComboDataDetail as b where a.ComboDataIndex=b.ComboDataIndex and a.ComboUID='gmzy_jrzlqk_zlhTIMI' order by b.ComboValueOrder asc
2019-03-21 10:31:41: success4
2019-03-21 10:31:41: select b.ComboValue,a.ComboType from ComboData as a,ComboDataDetail as b where a.ComboDataIndex=b.ComboDataIndex and a.ComboUID='gmzy_jrzlqk_zrzj' order by b.ComboValueOrder asc
2019-03-21 10:31:41: success8
2019-03-21 10:31:41: select b.ComboValue,a.ComboType from ComboData as a,ComboDataDetail as b where a.ComboDataIndex=b.ComboDataIndex and a.ComboUID='gmzy_jrzlqk_szbfz' order by b.ComboValueOrder asc
2019-03-21 10:31:41: success15
2019-03-21 10:31:41: select b.ComboValue,a.ComboType from ComboData as a,ComboDataDetail as b where a.ComboDataIndex=b.ComboDataIndex and a.ComboUID='gmzy_FFR_ty1' order by b.ComboValueOrder asc
2019-03-21 10:31:41: success9
2019-03-21 10:31:41: select b.ComboValue,a.ComboType from ComboData as a,ComboDataDetail as b where a.ComboDataIndex=b.ComboDataIndex and a.ComboUID='gmzy_FFR_ty2' order by b.ComboValueOrder asc
2019-03-21 10:31:41: success9
2019-03-21 10:31:41: select b.ComboValue,a.ComboType from ComboData as a,ComboDataDetail as b where a.ComboDataIndex=b.ComboDataIndex and a.ComboUID='gmzy_IVUS_IVUSsj1' order by b.ComboValueOrder asc
2019-03-21 10:31:41: success12
2019-03-21 10:31:41: select b.ComboValue,a.ComboType from ComboData as a,ComboDataDetail as b where a.ComboDataIndex=b.ComboDataIndex and a.ComboUID='gmzy_IVUS_IVUSsj2' order by b.ComboValueOrder asc
2019-03-21 10:31:41: success7
2019-03-21 10:31:41: select b.ComboValue,a.ComboType from ComboData as a,ComboDataDetail as b where a.ComboDataIndex=b.ComboDataIndex and a.ComboUID='gmzy_OCT_OCTsj1' order by b.ComboValueOrder asc
2019-03-21 10:31:41: success12
2019-03-21 10:31:41: select b.ComboValue,a.ComboType from ComboData as a,ComboDataDetail as b where a.ComboDataIndex=b.ComboDataIndex and a.ComboUID='gmzy_OCT_OCTsj2' order by b.ComboValueOrder asc
2019-03-21 10:31:41: success7
2019-03-21 10:31:41: select b.ComboValue,a.ComboType from ComboData as a,ComboDataDetail as b where a.ComboDataIndex=b.ComboDataIndex and a.ComboUID='gmzy_jbxx_gmysx' order by b.ComboValueOrder asc
2019-03-21 10:31:41: success3
2019-03-21 10:31:41: select b.ComboValue,a.ComboType from ComboData as a,ComboDataDetail as b where a.ComboDataIndex=b.ComboDataIndex and a.ComboUID='gmzy_jbxx_jxgm' order by b.ComboValueOrder asc
2019-03-21 10:31:41: success5
2019-03-21 10:31:41: select b.ComboValue,a.ComboType from ComboData as a,ComboDataDetail as b where a.ComboDataIndex=b.ComboDataIndex and a.ComboUID='gmzy_jbxx_shzd' order by b.ComboValueOrder asc
2019-03-21 10:31:41: success3
2019-03-21 10:31:41: select b.ComboValue,a.ComboType from ComboData as a,ComboDataDetail as b where a.ComboDataIndex=b.ComboDataIndex and a.ComboUID='gmzy_jbxx_bhff' order by b.ComboValueOrder asc
2019-03-21 10:31:41: success5
2019-03-21 10:31:41: select b.ComboValue,a.ComboType from ComboData as a,ComboDataDetail as b where a.ComboDataIndex=b.ComboDataIndex and a.ComboUID='gmzy_jbxx_bfz' order by b.ComboValueOrder asc
2019-03-21 10:31:41: success3
2019-03-21 10:31:41: select b.ComboValue,a.ComboType from ComboData as a,ComboDataDetail as b where a.ComboDataIndex=b.ComboDataIndex and a.ComboUID='gmzy_jbxx_czxg' order by b.ComboValueOrder asc
2019-03-21 10:31:41: success2
2019-03-21 10:31:41: select b.ComboValue,a.ComboType from ComboData as a,ComboDataDetail as b where a.ComboDataIndex=b.ComboDataIndex and a.ComboUID='gmzy_jbxx_zhidong' order by b.ComboValueOrder asc
2019-03-21 10:31:41: success3
2019-03-21 10:31:41: select b.ComboValue,a.ComboType from ComboData as a,ComboDataDetail as b where a.ComboDataIndex=b.ComboDataIndex and a.ComboUID='gmzy_jbxx_cabgs' order by b.ComboValueOrder asc
2019-03-21 10:31:41: success2
2019-03-21 10:31:41: select b.ComboValue,a.ComboType from ComboData as a,ComboDataDetail as b where a.ComboDataIndex=b.ComboDataIndex and a.ComboUID='gmzy_xm_mtdx' order by b.ComboValueOrder asc
2019-03-21 10:31:41: success4
2019-03-21 10:31:41: select b.ComboValue,a.ComboType from ComboData as a,ComboDataDetail as b where a.ComboDataIndex=b.ComboDataIndex and a.ComboUID='gmzy_xm_jkxg' order by b.ComboValueOrder asc
2019-03-21 10:31:41: success2
2019-03-21 10:31:41: select  * from Coronary where AccessionNumber = 'DSA254'
2019-03-21 10:31:41: success1
2019-03-21 10:31:41: select *  from PACSPrint where AccessionNumber='DSA254' order by LesionName
2019-03-21 10:31:41: success4
2019-03-21 10:31:41: select *,(case xzcd when '区间' then  CAST(XzcdValue1 as varchar(4))+'-'+CAST(XzcdValue2 as varchar(4)) else  CAST(XzcdValue1 as varchar(4))  end ) as NewXzcd,(case Bbcd when '区间' then  CAST(BbcdValue1 as varchar(4))+'-'+CAST(BbcdValue2 as varchar(4)) else  CAST(BbcdValue1 as varchar(4))  end ) as NewBbcd   from CoronaryDetail where CoronaryIndex=36
2019-03-21 10:31:41: success2
2019-03-21 10:31:41: select DetailIndex,(Category+' '+EquipmentName+' '+EquipmentType+' '+Brand) as Equipment,number,sysfcg,cast(zxyl as varchar(12)) as zxyl,cast(zdyl as varchar(12)) as zdyl ,cast(sfsj as varchar(12)) as sfsj,bz from CoronaryEquipmentDetail  where CoronaryDetailIndex =92  and (Category like '%球囊%'  or Category like '%支架%' )  union  select DetailIndex,(Category + ' ' + EquipmentName + ' ' +EquipmentType + ' ' + Brand) as Equipment,number,sysfcg,zxyl='/ ',zdyl='/',sfsj='/',bz from CoronaryEquipmentDetail  where CoronaryDetailIndex = 92 and not (Category like '%球囊%')  and not (Category like '%支架%')  
2019-03-21 10:31:41: success2
2019-03-21 10:31:41: select * from CoronaryInterveneDetail where  CoronaryDetailIndex =92
2019-03-21 10:31:41: success1
2019-03-21 10:31:41: select * from CoronaryFFRDetail where  CoronaryDetailIndex =92
2019-03-21 10:31:41: success1
2019-03-21 10:31:41: select * from CoronaryIVUSDetail where  CoronaryDetailIndex =92
2019-03-21 10:31:41: success1
2019-03-21 10:31:41: select b.ComboValue,a.ComboType from ComboData as a,ComboDataDetail as b where a.ComboDataIndex=b.ComboDataIndex and a.ComboUID='gmzy_IVUS_IVUSsj1' order by b.ComboValueOrder asc
2019-03-21 10:31:41: success12
2019-03-21 10:31:41: select * from CoronaryOCTDetail where  CoronaryDetailIndex =92
2019-03-21 10:31:41: success0
2019-03-21 10:31:41: select * from CoronaryROTADetail where  CoronaryDetailIndex =92
2019-03-21 10:31:41: success0
2019-03-21 10:31:41: select DetailIndex,(Category+' '+EquipmentName+' '+EquipmentType+' '+Brand) as Equipment,number,sysfcg,cast(zxyl as varchar(12)) as zxyl,cast(zdyl as varchar(12)) as zdyl ,cast(sfsj as varchar(12)) as sfsj,bz from CoronaryEquipmentDetail  where CoronaryDetailIndex =92  and (Category like '%球囊%'  or Category like '%支架%' )  union  select DetailIndex,(Category + ' ' + EquipmentName + ' ' +EquipmentType + ' ' + Brand) as Equipment,number,sysfcg,zxyl='/ ',zdyl='/',sfsj='/',bz from CoronaryEquipmentDetail  where CoronaryDetailIndex = 92 and not (Category like '%球囊%')  and not (Category like '%支架%')  
2019-03-21 10:31:41: success2
2019-03-21 10:31:41: select * from CoronaryInterveneDetail where  CoronaryDetailIndex =92
2019-03-21 10:31:41: success1
2019-03-21 10:31:41: select * from CoronaryFFRDetail where  CoronaryDetailIndex =92
2019-03-21 10:31:41: success1
2019-03-21 10:31:41: select * from CoronaryIVUSDetail where  CoronaryDetailIndex =92
2019-03-21 10:31:41: success1
2019-03-21 10:31:41: select b.ComboValue,a.ComboType from ComboData as a,ComboDataDetail as b where a.ComboDataIndex=b.ComboDataIndex and a.ComboUID='gmzy_IVUS_IVUSsj1' order by b.ComboValueOrder asc
2019-03-21 10:31:41: success12
2019-03-21 10:31:41: select * from CoronaryOCTDetail where  CoronaryDetailIndex =92
2019-03-21 10:31:41: success0
2019-03-21 10:31:41: select * from CoronaryROTADetail where  CoronaryDetailIndex =92
2019-03-21 10:31:41: success0
2019-03-21 10:31:41: insert into StudyOperateList(UserCode,ModuleName,AccessionNumber,IPAddress,EnterDate,OperateType,SoftNodeID,SoftNodeName) values('cxc','冠脉造影','DSA254','192.168.0.104',GetDate(),'查看','CIS03','3号导管室')
2019-03-21 10:31:41: success1
2019-03-21 10:31:41: select DetailIndex,(Category+' '+EquipmentName+' '+EquipmentType+' '+Brand) as Equipment,number,sysfcg,cast(zxyl as varchar(12)) as zxyl,cast(zdyl as varchar(12)) as zdyl ,cast(sfsj as varchar(12)) as sfsj,bz from CoronaryEquipmentDetail  where CoronaryDetailIndex =92  and (Category like '%球囊%'  or Category like '%支架%' )  union  select DetailIndex,(Category + ' ' + EquipmentName + ' ' +EquipmentType + ' ' + Brand) as Equipment,number,sysfcg,zxyl='/ ',zdyl='/',sfsj='/',bz from CoronaryEquipmentDetail  where CoronaryDetailIndex = 92 and not (Category like '%球囊%')  and not (Category like '%支架%')  
2019-03-21 10:31:42: success2
2019-03-21 10:31:42: select * from CoronaryInterveneDetail where  CoronaryDetailIndex =92
2019-03-21 10:31:42: success1
2019-03-21 10:31:42: select * from CoronaryFFRDetail where  CoronaryDetailIndex =92
2019-03-21 10:31:42: success1
2019-03-21 10:31:42: select * from CoronaryIVUSDetail where  CoronaryDetailIndex =92
2019-03-21 10:31:42: success1
2019-03-21 10:31:42: select b.ComboValue,a.ComboType from ComboData as a,ComboDataDetail as b where a.ComboDataIndex=b.ComboDataIndex and a.ComboUID='gmzy_IVUS_IVUSsj1' order by b.ComboValueOrder asc
2019-03-21 10:31:42: success12
2019-03-21 10:31:42: select * from CoronaryOCTDetail where  CoronaryDetailIndex =92
2019-03-21 10:31:42: success0
2019-03-21 10:31:42: select * from CoronaryROTADetail where  CoronaryDetailIndex =92
2019-03-21 10:31:42: success0
2019-03-21 10:31:42: insert into pub_LogInfo(UserCode,UserName,ModuleName,AccessionNumber,IPAddress,TimeStamp) values('cxc','陈希超','报告模板','DSA254','192.168.0.104',GetDate())
2019-03-21 10:31:42: success1
2019-03-21 10:31:42: select * from Cisreport where AccessionNumber='DSA254'
2019-03-21 10:31:42: success1
2019-03-21 10:31:42: select m.*,p.UserCode from pub_Menu as m,pub_userPrivilege as p where m.menucode = p.menucode and p.usercode = 'cxc' and m.MenuName='报告模板'
2019-03-21 10:31:42: success1
2019-03-21 10:31:42:  select * from studyOperateList where Leavedate is  null and OperateType = '编辑' and  AccessionNumber = 'DSA254' and ModuleName='报告模板'
2019-03-21 10:31:42: success0
2019-03-21 10:31:42: select *,del='删除模板',sign='模板签名',preview='打印预览' from ReportTemplate where AccessionNumber='DSA254'
2019-03-21 10:31:42: success2
2019-03-21 10:31:42: select *,Preview='报告预览' from ReportTemplateHistory where TemplateName='正常冠脉造影报告' and AccessionNumber='DSA254'
2019-03-21 10:31:42: success5
2019-03-21 10:31:42: insert into StudyOperateList(UserCode,ModuleName,AccessionNumber,IPAddress,EnterDate,OperateType,SoftNodeID,SoftNodeName) values('cxc','报告模板','DSA254','192.168.0.104',GetDate(),'编辑','CIS03','3号导管室')
2019-03-21 10:31:42: success1
2019-03-21 10:31:42: select *,Preview='报告预览' from ReportTemplateHistory where TemplateName='正常冠脉造影报告' and AccessionNumber='DSA254'
2019-03-21 10:31:42: success5
2019-03-21 10:31:46: select *,Preview='报告预览' from ReportTemplateHistory where TemplateName='正常冠脉造影报告' and AccessionNumber='DSA254'
2019-03-21 10:31:46: success5
2019-03-21 10:31:50: select *,Preview='报告预览' from ReportTemplateHistory where TemplateName='正常护理报告' and AccessionNumber='DSA254'
2019-03-21 10:31:50: success0
2019-03-21 10:31:51: select *,Preview='报告预览' from ReportTemplateHistory where TemplateName='正常冠脉造影报告' and AccessionNumber='DSA254'
2019-03-21 10:31:51: success5
2019-03-21 10:31:56: update StudyOperateList set LeaveDate = Getdate() where  UserCode='cxc' and AccessionNumber='DSA254' and IPAddress='192.168.0.104' and  ModuleName = '报告模板'
2019-03-21 10:31:56: success4
2019-03-21 10:31:56: update StudyOperateList set LeaveDate = Getdate() where LeaveDate is null and  UserCode='cxc' and ModuleName='报告模板' and AccessionNumber='DSA254'
2019-03-21 10:31:56: success0
2019-03-21 10:31:56: insert into pub_LogInfo(UserCode,UserName,ModuleName,AccessionNumber,IPAddress,TimeStamp) values('cxc','陈希超','患者信息退出','DSA254','192.168.0.104',GetDate())
2019-03-21 10:31:56: success1
2019-03-21 10:31:58: update StudyOperateList set LeaveDate = Getdate() where LeaveDate is null and   UserCode='cxc' and AccessionNumber='DSA254' and IPAddress='192.168.0.104' and ModuleName='冠脉造影'
2019-03-21 10:31:58: success1
2019-03-21 10:31:58: update StudyOperateList set LeaveDate = Getdate() where LeaveDate is null and  UserCode='cxc' and ModuleName='冠脉造影' and AccessionNumber='DSA254'
2019-03-21 10:31:58: success0
2019-03-21 10:31:58: insert into pub_LogInfo(UserCode,UserName,ModuleName,AccessionNumber,IPAddress,TimeStamp) values('cxc','陈希超','患者信息退出','DSA254','192.168.0.104',GetDate())
2019-03-21 10:31:58: success1
2019-03-21 10:31:58: update StudyOperateList set LeaveDate = Getdate() where leaveDate is null and  UserCode='cxc' and IPAddress='192.168.0.104'
2019-03-21 10:31:58: success0
2019-03-21 10:32:00: select c.*,p.*,CAST(p.PatientsDOB as  datetime) as Birthday from CISReport as c ,pub_patients as p  where c.patientIndex=p.PatientsIndex and c.AccessionNumber = 'DSA75'
2019-03-21 10:32:00: success1
2019-03-21 10:32:00: insert into pub_LogInfo(UserCode,UserName,ModuleName,AccessionNumber,IPAddress,TimeStamp) values('cxc','陈希超','患者信息','DSA75','192.168.0.104',GetDate())
2019-03-21 10:32:00: success1
2019-03-21 10:32:02: insert into pub_LogInfo(UserCode,UserName,ModuleName,AccessionNumber,IPAddress,TimeStamp) values('cxc','陈希超','报告模板','DSA75','192.168.0.104',GetDate())
2019-03-21 10:32:02: success1
2019-03-21 10:32:02: select * from Cisreport where AccessionNumber='DSA75'
2019-03-21 10:32:02: success1
2019-03-21 10:32:02: select m.*,p.UserCode from pub_Menu as m,pub_userPrivilege as p where m.menucode = p.menucode and p.usercode = 'cxc' and m.MenuName='报告模板'
2019-03-21 10:32:02: success1
2019-03-21 10:32:02:  select * from studyOperateList where Leavedate is  null and OperateType = '编辑' and  AccessionNumber = 'DSA75' and ModuleName='报告模板'
2019-03-21 10:32:02: success0
2019-03-21 10:32:02: select *,del='删除模板',sign='模板签名',preview='打印预览' from ReportTemplate where AccessionNumber='DSA75'
2019-03-21 10:32:02: success0
2019-03-21 10:32:02: insert into StudyOperateList(UserCode,ModuleName,AccessionNumber,IPAddress,EnterDate,OperateType,SoftNodeID,SoftNodeName) values('cxc','报告模板','DSA75','192.168.0.104',GetDate(),'编辑','CIS03','3号导管室')
2019-03-21 10:32:02: success1
2019-03-21 10:32:04: update StudyOperateList set LeaveDate = Getdate() where  UserCode='cxc' and AccessionNumber='DSA75' and IPAddress='192.168.0.104' and  ModuleName = '报告模板'
2019-03-21 10:32:04: success1
2019-03-21 10:32:04: update StudyOperateList set LeaveDate = Getdate() where LeaveDate is null and  UserCode='cxc' and ModuleName='报告模板' and AccessionNumber='DSA75'
2019-03-21 10:32:04: success0
2019-03-21 10:32:04: insert into pub_LogInfo(UserCode,UserName,ModuleName,AccessionNumber,IPAddress,TimeStamp) values('cxc','陈希超','患者信息退出','DSA75','192.168.0.104',GetDate())
2019-03-21 10:32:05: success1
2019-03-21 10:32:06: insert into pub_LogInfo(UserCode,UserName,ModuleName,AccessionNumber,IPAddress,TimeStamp) values('cxc','陈希超','报告模板','DSA75','192.168.0.104',GetDate())
2019-03-21 10:32:06: success1
2019-03-21 10:32:06: select * from Cisreport where AccessionNumber='DSA75'
2019-03-21 10:32:06: success1
2019-03-21 10:32:06: select m.*,p.UserCode from pub_Menu as m,pub_userPrivilege as p where m.menucode = p.menucode and p.usercode = 'cxc' and m.MenuName='报告模板'
2019-03-21 10:32:06: success1
2019-03-21 10:32:06:  select * from studyOperateList where Leavedate is  null and OperateType = '编辑' and  AccessionNumber = 'DSA75' and ModuleName='报告模板'
2019-03-21 10:32:06: success0
2019-03-21 10:32:06: select *,del='删除模板',sign='模板签名',preview='打印预览' from ReportTemplate where AccessionNumber='DSA75'
2019-03-21 10:32:06: success0
2019-03-21 10:32:06: insert into StudyOperateList(UserCode,ModuleName,AccessionNumber,IPAddress,EnterDate,OperateType,SoftNodeID,SoftNodeName) values('cxc','报告模板','DSA75','192.168.0.104',GetDate(),'编辑','CIS03','3号导管室')
2019-03-21 10:32:06: success1
2019-03-21 10:32:07: update StudyOperateList set LeaveDate = Getdate() where  UserCode='cxc' and AccessionNumber='DSA75' and IPAddress='192.168.0.104' and  ModuleName = '报告模板'
2019-03-21 10:32:07: success2
2019-03-21 10:32:07: update StudyOperateList set LeaveDate = Getdate() where LeaveDate is null and  UserCode='cxc' and ModuleName='报告模板' and AccessionNumber='DSA75'
2019-03-21 10:32:07: success0
2019-03-21 10:32:07: insert into pub_LogInfo(UserCode,UserName,ModuleName,AccessionNumber,IPAddress,TimeStamp) values('cxc','陈希超','患者信息退出','DSA75','192.168.0.104',GetDate())
2019-03-21 10:32:07: success1
2019-03-21 10:32:08: update StudyOperateList set LeaveDate = Getdate() where leaveDate is null and  UserCode='cxc' and IPAddress='192.168.0.104'
2019-03-21 10:32:08: success0
2019-03-21 10:32:09: update StudyOperateList set LeaveDate = Getdate() where leaveDate is null and  UserCode='cxc' and IPAddress='192.168.0.104'
2019-03-21 10:32:09: success0
2019-03-21 10:32:10: select c.*,p.*,CAST(p.PatientsDOB as  datetime) as Birthday from CISReport as c ,pub_patients as p  where c.patientIndex=p.PatientsIndex and c.AccessionNumber = 'DSA216'
2019-03-21 10:32:10: success1
2019-03-21 10:32:10: insert into pub_LogInfo(UserCode,UserName,ModuleName,AccessionNumber,IPAddress,TimeStamp) values('cxc','陈希超','患者信息','DSA216','192.168.0.104',GetDate())
2019-03-21 10:32:10: success1
2019-03-21 10:32:11: insert into pub_LogInfo(UserCode,UserName,ModuleName,AccessionNumber,IPAddress,TimeStamp) values('cxc','陈希超','报告模板','DSA216','192.168.0.104',GetDate())
2019-03-21 10:32:11: success1
2019-03-21 10:32:11: select * from Cisreport where AccessionNumber='DSA216'
2019-03-21 10:32:11: success1
2019-03-21 10:32:11: select m.*,p.UserCode from pub_Menu as m,pub_userPrivilege as p where m.menucode = p.menucode and p.usercode = 'cxc' and m.MenuName='报告模板'
2019-03-21 10:32:11: success1
2019-03-21 10:32:11:  select * from studyOperateList where Leavedate is  null and OperateType = '编辑' and  AccessionNumber = 'DSA216' and ModuleName='报告模板'
2019-03-21 10:32:11: success0
2019-03-21 10:32:11: select *,del='删除模板',sign='模板签名',preview='打印预览' from ReportTemplate where AccessionNumber='DSA216'
2019-03-21 10:32:11: success2
2019-03-21 10:32:11: select *,Preview='报告预览' from ReportTemplateHistory where TemplateName='正常冠脉造影报告' and AccessionNumber='DSA216'
2019-03-21 10:32:11: success0
2019-03-21 10:32:11: select *,Preview='报告预览' from ReportTemplateHistory where TemplateName='正常冠脉造影报告' and AccessionNumber='DSA216'
2019-03-21 10:32:11: success0
2019-03-21 10:32:11: insert into StudyOperateList(UserCode,ModuleName,AccessionNumber,IPAddress,EnterDate,OperateType,SoftNodeID,SoftNodeName) values('cxc','报告模板','DSA216','192.168.0.104',GetDate(),'编辑','CIS03','3号导管室')
2019-03-21 10:32:11: success1
2019-03-21 10:32:11: select *,Preview='报告预览' from ReportTemplateHistory where TemplateName='正常冠脉造影报告' and AccessionNumber='DSA216'
2019-03-21 10:32:11: success0
2019-03-21 10:32:13: select *,Preview='报告预览' from ReportTemplateHistory where TemplateName='正常冠脉造影报告' and AccessionNumber='DSA216'
2019-03-21 10:32:13: success0
2019-03-21 10:32:14: select a.*,b.*,CAST(PatientsDOB as  datetime) as Birthday from CISReport a,pub_patients b where a.PatientIndex=b.PatientsIndex and a.AccessionNumber='DSA216'
2019-03-21 10:32:14: success1
2019-03-21 10:32:14: select * from CisReportDetail where AccessionNumber='DSA216'
2019-03-21 10:32:14: success33
2019-03-21 10:32:14: select * from CisReportDetail where FieldAbbr like 'hsjrzljl_sq_%' and  AccessionNumber='DSA216'
2019-03-21 10:32:14: success7
2019-03-21 10:32:14: select * from CisReportDetail where FieldAbbr like 'hsjrzljl_SQ_sqzd%' and  AccessionNumber='DSA216'
2019-03-21 10:32:14: success0
2019-03-21 10:32:14: select * from CisReportDetail where FieldAbbr like 'hsjrzljl_sh_%' and  AccessionNumber='DSA216'
2019-03-21 10:32:14: success2
2019-03-21 10:32:14: select * from CisReportDetail where FieldGroup = 'yyjl' and  AccessionNumber='DSA216'
2019-03-21 10:32:14: success3
2019-03-21 10:32:14: select * from CisReportDetail where FieldAbbr like 'yyjl%' and  AccessionNumber='DSA216'
2019-03-21 10:32:14: success3
2019-03-21 10:32:14: select * from CisReportDetail where  FieldGroup='hlpg' and FieldAbbr like 'hlpg_xdjh%'  and AccessionNumber='DSA216' and (FieldText  like '%BP%' or FieldText  like '%HR%' or FieldText  like '%RR%' or FieldText  like '%SPO2%')
2019-03-21 10:32:14: success0
2019-03-21 10:32:14: select * from CisReportDetail where  FieldGroup='hlpg'  and AccessionNumber='DSA216' and (FieldText  like '%NRS%' )
2019-03-21 10:32:14: success1
2019-03-21 10:32:14: select * from CisEquipment where category like '%造影导管%' and AccessionNumber='DSA216'
2019-03-21 10:32:14: success1
2019-03-21 10:32:14: select * from Coronary where AccessionNumber='DSA216'
2019-03-21 10:32:14: success1
2019-03-21 10:32:14: select *,(case xzcd when '区间' then  CAST(XzcdValue1 as varchar(4))+'-'+CAST(XzcdValue2 as varchar(4)) else  CAST(XzcdValue1 as varchar(4))  end ) as NewXzcd from CoronaryDetail where CoronaryIndex=13
2019-03-21 10:32:14: success2
2019-03-21 10:32:14: select * from CisEquipment where  AccessionNumber='DSA216'
2019-03-21 10:32:14: success3
2019-03-21 10:32:14: select *  from PACSPrint where AccessionNumber='DSA216'
2019-03-21 10:32:14: success5
2019-03-21 10:32:18: update StudyOperateList set LeaveDate = Getdate() where  UserCode='cxc' and AccessionNumber='DSA216' and IPAddress='192.168.0.104' and  ModuleName = '报告模板'
2019-03-21 10:32:18: success16
2019-03-21 10:32:18: update StudyOperateList set LeaveDate = Getdate() where LeaveDate is null and  UserCode='cxc' and ModuleName='报告模板' and AccessionNumber='DSA216'
2019-03-21 10:32:18: success0
2019-03-21 10:32:18: insert into pub_LogInfo(UserCode,UserName,ModuleName,AccessionNumber,IPAddress,TimeStamp) values('cxc','陈希超','患者信息退出','DSA216','192.168.0.104',GetDate())
2019-03-21 10:32:18: success1
2019-03-21 10:32:20: insert into pub_LogInfo(UserCode,UserName,ModuleName,AccessionNumber,IPAddress,TimeStamp) values('cxc','陈希超','图像查看','DSA216','192.168.0.104',GetDate())
2019-03-21 10:32:20: success1
2019-03-21 10:32:20: select cd.* from CoronaryDetail as cd,Coronary as c where cd.CoronaryIndex=c.CoronaryIndex and c.AccessionNumber='DSA216'
2019-03-21 10:32:20: success2
2019-03-21 10:32:20: select * from PACSPrint where AccessionNumber='DSA216' and len(LesionName)<1 
2019-03-21 10:32:20: success2
2019-03-21 10:32:20: select * from PACSPrint where AccessionNumber='DSA216'
2019-03-21 10:32:20: success5
2019-03-21 10:32:20: select * from PACSPrint where AccessionNumber='DSA216'
2019-03-21 10:32:20: success5
2019-03-21 10:32:27: insert into pub_LogInfo(UserCode,UserName,ModuleName,AccessionNumber,IPAddress,TimeStamp) values('cxc','陈希超','报告模板','DSA216','192.168.0.104',GetDate())
2019-03-21 10:32:28: success1
2019-03-21 10:32:28: select * from Cisreport where AccessionNumber='DSA216'
2019-03-21 10:32:28: success1
2019-03-21 10:32:28: select m.*,p.UserCode from pub_Menu as m,pub_userPrivilege as p where m.menucode = p.menucode and p.usercode = 'cxc' and m.MenuName='报告模板'
2019-03-21 10:32:28: success1
2019-03-21 10:32:28:  select * from studyOperateList where Leavedate is  null and OperateType = '编辑' and  AccessionNumber = 'DSA216' and ModuleName='报告模板'
2019-03-21 10:32:28: success0
2019-03-21 10:32:28: select *,del='删除模板',sign='模板签名',preview='打印预览' from ReportTemplate where AccessionNumber='DSA216'
2019-03-21 10:32:28: success2
2019-03-21 10:32:28: select *,Preview='报告预览' from ReportTemplateHistory where TemplateName='正常冠脉造影报告' and AccessionNumber='DSA216'
2019-03-21 10:32:28: success0
2019-03-21 10:32:28: insert into StudyOperateList(UserCode,ModuleName,AccessionNumber,IPAddress,EnterDate,OperateType,SoftNodeID,SoftNodeName) values('cxc','报告模板','DSA216','192.168.0.104',GetDate(),'编辑','CIS03','3号导管室')
2019-03-21 10:32:28: success1
2019-03-21 10:32:28: select *,Preview='报告预览' from ReportTemplateHistory where TemplateName='正常冠脉造影报告' and AccessionNumber='DSA216'
2019-03-21 10:32:28: success0
2019-03-21 10:32:29: select *,Preview='报告预览' from ReportTemplateHistory where TemplateName='正常冠脉造影报告' and AccessionNumber='DSA216'
2019-03-21 10:32:29: success0
2019-03-21 10:32:29: select a.*,b.*,CAST(PatientsDOB as  datetime) as Birthday from CISReport a,pub_patients b where a.PatientIndex=b.PatientsIndex and a.AccessionNumber='DSA216'
2019-03-21 10:32:29: success1
2019-03-21 10:32:29: select * from CisReportDetail where AccessionNumber='DSA216'
2019-03-21 10:32:29: success33
2019-03-21 10:32:29: select * from CisReportDetail where FieldAbbr like 'hsjrzljl_sq_%' and  AccessionNumber='DSA216'
2019-03-21 10:32:29: success7
2019-03-21 10:32:29: select * from CisReportDetail where FieldAbbr like 'hsjrzljl_SQ_sqzd%' and  AccessionNumber='DSA216'
2019-03-21 10:32:29: success0
2019-03-21 10:32:29: select * from CisReportDetail where FieldAbbr like 'hsjrzljl_sh_%' and  AccessionNumber='DSA216'
2019-03-21 10:32:29: success2
2019-03-21 10:32:29: select * from CisReportDetail where FieldGroup = 'yyjl' and  AccessionNumber='DSA216'
2019-03-21 10:32:29: success3
2019-03-21 10:32:29: select * from CisReportDetail where FieldAbbr like 'yyjl%' and  AccessionNumber='DSA216'
2019-03-21 10:32:29: success3
2019-03-21 10:32:29: select * from CisReportDetail where  FieldGroup='hlpg' and FieldAbbr like 'hlpg_xdjh%'  and AccessionNumber='DSA216' and (FieldText  like '%BP%' or FieldText  like '%HR%' or FieldText  like '%RR%' or FieldText  like '%SPO2%')
2019-03-21 10:32:29: success0
2019-03-21 10:32:29: select * from CisReportDetail where  FieldGroup='hlpg'  and AccessionNumber='DSA216' and (FieldText  like '%NRS%' )
2019-03-21 10:32:29: success1
2019-03-21 10:32:29: select * from CisEquipment where category like '%造影导管%' and AccessionNumber='DSA216'
2019-03-21 10:32:29: success1
2019-03-21 10:32:29: select * from Coronary where AccessionNumber='DSA216'
2019-03-21 10:32:29: success1
2019-03-21 10:32:29: select *,(case xzcd when '区间' then  CAST(XzcdValue1 as varchar(4))+'-'+CAST(XzcdValue2 as varchar(4)) else  CAST(XzcdValue1 as varchar(4))  end ) as NewXzcd from CoronaryDetail where CoronaryIndex=13
2019-03-21 10:32:29: success2
2019-03-21 10:32:30: select * from CisEquipment where  AccessionNumber='DSA216'
2019-03-21 10:32:30: success3
2019-03-21 10:32:30: select *  from PACSPrint where AccessionNumber='DSA216'
2019-03-21 10:32:30: success5
2019-03-21 10:33:02: update StudyOperateList set LeaveDate = Getdate() where  UserCode='cxc' and AccessionNumber='DSA216' and IPAddress='192.168.0.104' and  ModuleName = '报告模板'
2019-03-21 10:33:02: success17
2019-03-21 10:33:02: update StudyOperateList set LeaveDate = Getdate() where LeaveDate is null and  UserCode='cxc' and ModuleName='报告模板' and AccessionNumber='DSA216'
2019-03-21 10:33:02: success0
2019-03-21 10:33:02: insert into pub_LogInfo(UserCode,UserName,ModuleName,AccessionNumber,IPAddress,TimeStamp) values('cxc','陈希超','患者信息退出','DSA216','192.168.0.104',GetDate())
2019-03-21 10:33:02: success1
2019-03-21 10:33:03: insert into pub_LogInfo(UserCode,UserName,ModuleName,AccessionNumber,IPAddress,TimeStamp) values('cxc','陈希超','报告模板','DSA216','192.168.0.104',GetDate())
2019-03-21 10:33:03: success1
2019-03-21 10:33:03: select * from Cisreport where AccessionNumber='DSA216'
2019-03-21 10:33:04: success1
2019-03-21 10:33:04: select m.*,p.UserCode from pub_Menu as m,pub_userPrivilege as p where m.menucode = p.menucode and p.usercode = 'cxc' and m.MenuName='报告模板'
2019-03-21 10:33:04: success1
2019-03-21 10:33:04:  select * from studyOperateList where Leavedate is  null and OperateType = '编辑' and  AccessionNumber = 'DSA216' and ModuleName='报告模板'
2019-03-21 10:33:04: success0
2019-03-21 10:33:04: select *,del='删除模板',sign='模板签名',preview='打印预览' from ReportTemplate where AccessionNumber='DSA216'
2019-03-21 10:33:04: success2
2019-03-21 10:33:04: select *,Preview='报告预览' from ReportTemplateHistory where TemplateName='正常冠脉造影报告' and AccessionNumber='DSA216'
2019-03-21 10:33:04: success0
2019-03-21 10:33:04: insert into StudyOperateList(UserCode,ModuleName,AccessionNumber,IPAddress,EnterDate,OperateType,SoftNodeID,SoftNodeName) values('cxc','报告模板','DSA216','192.168.0.104',GetDate(),'编辑','CIS03','3号导管室')
2019-03-21 10:33:04: success1
2019-03-21 10:33:04: select *,Preview='报告预览' from ReportTemplateHistory where TemplateName='正常冠脉造影报告' and AccessionNumber='DSA216'
2019-03-21 10:33:04: success0
2019-03-21 10:33:05: select UserCode, password, UserName,UserType,SignPassword FROM PUB_User where UserCode = 'cxc'
2019-03-21 10:33:05: success1
2019-03-21 10:33:07: update CisReport set status =1 where AccessionNumber='DSA216' and status=2
2019-03-21 10:33:07: success1
2019-03-21 10:33:08: insert into pub_LogInfo(UserCode,UserName,ModuleName,AccessionNumber,IPAddress,TimeStamp) values('cxc','陈希超','冠脉造影','DSA216','192.168.0.104',GetDate())
2019-03-21 10:33:08: success1
2019-03-21 10:33:09: select b.ComboValue,a.ComboType from ComboData as a,ComboDataDetail as b where a.ComboDataIndex=b.ComboDataIndex and a.ComboUID='gmzy_jrzlqk_cyss' order by b.ComboValueOrder asc
2019-03-21 10:33:09: success9
2019-03-21 10:33:09: select b.ComboValue,a.ComboType from ComboData as a,ComboDataDetail as b where a.ComboDataIndex=b.ComboDataIndex and a.ComboUID='gmzy_jrzlqk_bwjr' order by b.ComboValueOrder asc
2019-03-21 10:33:09: success2
2019-03-21 10:33:09: select b.ComboValue,a.ComboType from ComboData as a,ComboDataDetail as b where a.ComboDataIndex=b.ComboDataIndex and a.ComboUID='gmzy_jrzlqk_zlhTIMI' order by b.ComboValueOrder asc
2019-03-21 10:33:09: success4
2019-03-21 10:33:09: select b.ComboValue,a.ComboType from ComboData as a,ComboDataDetail as b where a.ComboDataIndex=b.ComboDataIndex and a.ComboUID='gmzy_jrzlqk_zrzj' order by b.ComboValueOrder asc
2019-03-21 10:33:09: success8
2019-03-21 10:33:09: select b.ComboValue,a.ComboType from ComboData as a,ComboDataDetail as b where a.ComboDataIndex=b.ComboDataIndex and a.ComboUID='gmzy_jrzlqk_szbfz' order by b.ComboValueOrder asc
2019-03-21 10:33:09: success15
2019-03-21 10:33:09: select b.ComboValue,a.ComboType from ComboData as a,ComboDataDetail as b where a.ComboDataIndex=b.ComboDataIndex and a.ComboUID='gmzy_FFR_ty1' order by b.ComboValueOrder asc
2019-03-21 10:33:09: success9
2019-03-21 10:33:09: select b.ComboValue,a.ComboType from ComboData as a,ComboDataDetail as b where a.ComboDataIndex=b.ComboDataIndex and a.ComboUID='gmzy_FFR_ty2' order by b.ComboValueOrder asc
2019-03-21 10:33:09: success9
2019-03-21 10:33:09: select b.ComboValue,a.ComboType from ComboData as a,ComboDataDetail as b where a.ComboDataIndex=b.ComboDataIndex and a.ComboUID='gmzy_IVUS_IVUSsj1' order by b.ComboValueOrder asc
2019-03-21 10:33:09: success12
2019-03-21 10:33:09: select b.ComboValue,a.ComboType from ComboData as a,ComboDataDetail as b where a.ComboDataIndex=b.ComboDataIndex and a.ComboUID='gmzy_IVUS_IVUSsj2' order by b.ComboValueOrder asc
2019-03-21 10:33:09: success7
2019-03-21 10:33:09: select b.ComboValue,a.ComboType from ComboData as a,ComboDataDetail as b where a.ComboDataIndex=b.ComboDataIndex and a.ComboUID='gmzy_OCT_OCTsj1' order by b.ComboValueOrder asc
2019-03-21 10:33:09: success12
2019-03-21 10:33:09: select b.ComboValue,a.ComboType from ComboData as a,ComboDataDetail as b where a.ComboDataIndex=b.ComboDataIndex and a.ComboUID='gmzy_OCT_OCTsj2' order by b.ComboValueOrder asc
2019-03-21 10:33:09: success7
2019-03-21 10:33:09: select b.ComboValue,a.ComboType from ComboData as a,ComboDataDetail as b where a.ComboDataIndex=b.ComboDataIndex and a.ComboUID='gmzy_jbxx_gmysx' order by b.ComboValueOrder asc
2019-03-21 10:33:09: success3
2019-03-21 10:33:09: select b.ComboValue,a.ComboType from ComboData as a,ComboDataDetail as b where a.ComboDataIndex=b.ComboDataIndex and a.ComboUID='gmzy_jbxx_jxgm' order by b.ComboValueOrder asc
2019-03-21 10:33:09: success5
2019-03-21 10:33:09: select b.ComboValue,a.ComboType from ComboData as a,ComboDataDetail as b where a.ComboDataIndex=b.ComboDataIndex and a.ComboUID='gmzy_jbxx_shzd' order by b.ComboValueOrder asc
2019-03-21 10:33:09: success3
2019-03-21 10:33:09: select b.ComboValue,a.ComboType from ComboData as a,ComboDataDetail as b where a.ComboDataIndex=b.ComboDataIndex and a.ComboUID='gmzy_jbxx_bhff' order by b.ComboValueOrder asc
2019-03-21 10:33:09: success5
2019-03-21 10:33:09: select b.ComboValue,a.ComboType from ComboData as a,ComboDataDetail as b where a.ComboDataIndex=b.ComboDataIndex and a.ComboUID='gmzy_jbxx_bfz' order by b.ComboValueOrder asc
2019-03-21 10:33:09: success3
2019-03-21 10:33:09: select b.ComboValue,a.ComboType from ComboData as a,ComboDataDetail as b where a.ComboDataIndex=b.ComboDataIndex and a.ComboUID='gmzy_jbxx_czxg' order by b.ComboValueOrder asc
2019-03-21 10:33:09: success2
2019-03-21 10:33:09: select b.ComboValue,a.ComboType from ComboData as a,ComboDataDetail as b where a.ComboDataIndex=b.ComboDataIndex and a.ComboUID='gmzy_jbxx_zhidong' order by b.ComboValueOrder asc
2019-03-21 10:33:09: success3
2019-03-21 10:33:09: select b.ComboValue,a.ComboType from ComboData as a,ComboDataDetail as b where a.ComboDataIndex=b.ComboDataIndex and a.ComboUID='gmzy_jbxx_cabgs' order by b.ComboValueOrder asc
2019-03-21 10:33:09: success2
2019-03-21 10:33:09: select b.ComboValue,a.ComboType from ComboData as a,ComboDataDetail as b where a.ComboDataIndex=b.ComboDataIndex and a.ComboUID='gmzy_xm_mtdx' order by b.ComboValueOrder asc
2019-03-21 10:33:09: success4
2019-03-21 10:33:09: select b.ComboValue,a.ComboType from ComboData as a,ComboDataDetail as b where a.ComboDataIndex=b.ComboDataIndex and a.ComboUID='gmzy_xm_jkxg' order by b.ComboValueOrder asc
2019-03-21 10:33:09: success2
2019-03-21 10:33:09: select  * from Coronary where AccessionNumber = 'DSA216'
2019-03-21 10:33:09: success1
2019-03-21 10:33:09: select *  from PACSPrint where AccessionNumber='DSA216' order by LesionName
2019-03-21 10:33:09: success5
2019-03-21 10:33:09: select *,(case xzcd when '区间' then  CAST(XzcdValue1 as varchar(4))+'-'+CAST(XzcdValue2 as varchar(4)) else  CAST(XzcdValue1 as varchar(4))  end ) as NewXzcd,(case Bbcd when '区间' then  CAST(BbcdValue1 as varchar(4))+'-'+CAST(BbcdValue2 as varchar(4)) else  CAST(BbcdValue1 as varchar(4))  end ) as NewBbcd   from CoronaryDetail where CoronaryIndex=13
2019-03-21 10:33:09: success2
2019-03-21 10:33:09: select DetailIndex,(Category+' '+EquipmentName+' '+EquipmentType+' '+Brand) as Equipment,number,sysfcg,cast(zxyl as varchar(12)) as zxyl,cast(zdyl as varchar(12)) as zdyl ,cast(sfsj as varchar(12)) as sfsj,bz from CoronaryEquipmentDetail  where CoronaryDetailIndex =91  and (Category like '%球囊%'  or Category like '%支架%' )  union  select DetailIndex,(Category + ' ' + EquipmentName + ' ' +EquipmentType + ' ' + Brand) as Equipment,number,sysfcg,zxyl='/ ',zdyl='/',sfsj='/',bz from CoronaryEquipmentDetail  where CoronaryDetailIndex = 91 and not (Category like '%球囊%')  and not (Category like '%支架%')  
2019-03-21 10:33:09: success2
2019-03-21 10:33:09: select * from CoronaryInterveneDetail where  CoronaryDetailIndex =91
2019-03-21 10:33:09: success1
2019-03-21 10:33:09: select * from CoronaryFFRDetail where  CoronaryDetailIndex =91
2019-03-21 10:33:09: success1
2019-03-21 10:33:09: select * from CoronaryIVUSDetail where  CoronaryDetailIndex =91
2019-03-21 10:33:09: success1
2019-03-21 10:33:09: select b.ComboValue,a.ComboType from ComboData as a,ComboDataDetail as b where a.ComboDataIndex=b.ComboDataIndex and a.ComboUID='gmzy_IVUS_IVUSsj1' order by b.ComboValueOrder asc
2019-03-21 10:33:09: success12
2019-03-21 10:33:09: select * from CoronaryOCTDetail where  CoronaryDetailIndex =91
2019-03-21 10:33:09: success1
2019-03-21 10:33:09: select * from CoronaryROTADetail where  CoronaryDetailIndex =91
2019-03-21 10:33:09: success1
2019-03-21 10:33:09: insert into StudyOperateList(UserCode,ModuleName,AccessionNumber,IPAddress,EnterDate,OperateType,SoftNodeID,SoftNodeName) values('cxc','冠脉造影','DSA216','192.168.0.104',GetDate(),'编辑','CIS03','3号导管室')
2019-03-21 10:33:09: success1
2019-03-21 10:33:09: select DetailIndex,(Category+' '+EquipmentName+' '+EquipmentType+' '+Brand) as Equipment,number,sysfcg,cast(zxyl as varchar(12)) as zxyl,cast(zdyl as varchar(12)) as zdyl ,cast(sfsj as varchar(12)) as sfsj,bz from CoronaryEquipmentDetail  where CoronaryDetailIndex =91  and (Category like '%球囊%'  or Category like '%支架%' )  union  select DetailIndex,(Category + ' ' + EquipmentName + ' ' +EquipmentType + ' ' + Brand) as Equipment,number,sysfcg,zxyl='/ ',zdyl='/',sfsj='/',bz from CoronaryEquipmentDetail  where CoronaryDetailIndex = 91 and not (Category like '%球囊%')  and not (Category like '%支架%')  
2019-03-21 10:33:09: success2
2019-03-21 10:33:09: select * from CoronaryInterveneDetail where  CoronaryDetailIndex =91
2019-03-21 10:33:09: success1
2019-03-21 10:33:09: select * from CoronaryFFRDetail where  CoronaryDetailIndex =91
2019-03-21 10:33:09: success1
2019-03-21 10:33:09: select * from CoronaryIVUSDetail where  CoronaryDetailIndex =91
2019-03-21 10:33:09: success1
2019-03-21 10:33:09: select b.ComboValue,a.ComboType from ComboData as a,ComboDataDetail as b where a.ComboDataIndex=b.ComboDataIndex and a.ComboUID='gmzy_IVUS_IVUSsj1' order by b.ComboValueOrder asc
2019-03-21 10:33:09: success12
2019-03-21 10:33:09: select * from CoronaryOCTDetail where  CoronaryDetailIndex =91
2019-03-21 10:33:09: success1
2019-03-21 10:33:09: select * from CoronaryROTADetail where  CoronaryDetailIndex =91
2019-03-21 10:33:09: success1
2019-03-21 10:33:14: start UpdateRecord
2019-03-21 10:33:14: Update Coronary set AccessionNumber=@AccessionNumber,gmysx=@gmysx,jxgm=@jxgm,czxg=@czxg,Cabgs=@Cabgs,gmjd=@gmjd,shzd=@shzd,bgsj=@bgsj,fsjl=@fsjl,bfz=@bfz,bhff=@bhff,zhidong=@zhidong,RecordCode=@RecordCode,RecordName=@RecordName,RecordDate=@RecordDate where CoronaryIndex=@CoronaryIndex
2019-03-21 10:33:14: success1
2019-03-21 10:33:16: update CISReport set status=1 where AccessionNumber='DSA216' and status=0
2019-03-21 10:33:16: success0
2019-03-21 10:33:19: select *,Preview='报告预览' from ReportTemplateHistory where TemplateName='正常冠脉造影报告' and AccessionNumber='DSA216'
2019-03-21 10:33:19: success0
2019-03-21 10:33:19: select a.*,b.*,CAST(PatientsDOB as  datetime) as Birthday from CISReport a,pub_patients b where a.PatientIndex=b.PatientsIndex and a.AccessionNumber='DSA216'
2019-03-21 10:33:19: success1
2019-03-21 10:33:19: select * from CisReportDetail where AccessionNumber='DSA216'
2019-03-21 10:33:19: success33
2019-03-21 10:33:19: select * from CisReportDetail where FieldAbbr like 'hsjrzljl_sq_%' and  AccessionNumber='DSA216'
2019-03-21 10:33:19: success7
2019-03-21 10:33:19: select * from CisReportDetail where FieldAbbr like 'hsjrzljl_SQ_sqzd%' and  AccessionNumber='DSA216'
2019-03-21 10:33:19: success0
2019-03-21 10:33:19: select * from CisReportDetail where FieldAbbr like 'hsjrzljl_sh_%' and  AccessionNumber='DSA216'
2019-03-21 10:33:19: success2
2019-03-21 10:33:19: select * from CisReportDetail where FieldGroup = 'yyjl' and  AccessionNumber='DSA216'
2019-03-21 10:33:19: success3
2019-03-21 10:33:19: select * from CisReportDetail where FieldAbbr like 'yyjl%' and  AccessionNumber='DSA216'
2019-03-21 10:33:19: success3
2019-03-21 10:33:19: select * from CisReportDetail where  FieldGroup='hlpg' and FieldAbbr like 'hlpg_xdjh%'  and AccessionNumber='DSA216' and (FieldText  like '%BP%' or FieldText  like '%HR%' or FieldText  like '%RR%' or FieldText  like '%SPO2%')
2019-03-21 10:33:19: success0
2019-03-21 10:33:20: select * from CisReportDetail where  FieldGroup='hlpg'  and AccessionNumber='DSA216' and (FieldText  like '%NRS%' )
2019-03-21 10:33:20: success1
2019-03-21 10:33:20: select * from CisEquipment where category like '%造影导管%' and AccessionNumber='DSA216'
2019-03-21 10:33:20: success1
2019-03-21 10:33:20: select * from Coronary where AccessionNumber='DSA216'
2019-03-21 10:33:20: success1
2019-03-21 10:33:20: select *,(case xzcd when '区间' then  CAST(XzcdValue1 as varchar(4))+'-'+CAST(XzcdValue2 as varchar(4)) else  CAST(XzcdValue1 as varchar(4))  end ) as NewXzcd from CoronaryDetail where CoronaryIndex=13
2019-03-21 10:33:20: success2
2019-03-21 10:33:20: select * from CisEquipment where  AccessionNumber='DSA216'
2019-03-21 10:33:20: success3
2019-03-21 10:33:20: select *  from PACSPrint where AccessionNumber='DSA216'
2019-03-21 10:33:20: success5
2019-03-21 10:33:27: update StudyOperateList set LeaveDate = Getdate() where  UserCode='cxc' and AccessionNumber='DSA216' and IPAddress='192.168.0.104' and  ModuleName = '报告模板'
2019-03-21 10:33:27: success18
2019-03-21 10:33:27: update StudyOperateList set LeaveDate = Getdate() where LeaveDate is null and  UserCode='cxc' and ModuleName='报告模板' and AccessionNumber='DSA216'
2019-03-21 10:33:27: success0
2019-03-21 10:33:27: insert into pub_LogInfo(UserCode,UserName,ModuleName,AccessionNumber,IPAddress,TimeStamp) values('cxc','陈希超','患者信息退出','DSA216','192.168.0.104',GetDate())
2019-03-21 10:33:27: success1
2019-03-21 10:33:28: update StudyOperateList set LeaveDate = Getdate() where LeaveDate is null and   UserCode='cxc' and AccessionNumber='DSA216' and IPAddress='192.168.0.104' and ModuleName='冠脉造影'
2019-03-21 10:33:28: success1
2019-03-21 10:33:28: update StudyOperateList set LeaveDate = Getdate() where LeaveDate is null and  UserCode='cxc' and ModuleName='冠脉造影' and AccessionNumber='DSA216'
2019-03-21 10:33:28: success0
2019-03-21 10:33:28: insert into pub_LogInfo(UserCode,UserName,ModuleName,AccessionNumber,IPAddress,TimeStamp) values('cxc','陈希超','患者信息退出','DSA216','192.168.0.104',GetDate())
2019-03-21 10:33:28: success1
2019-03-21 10:33:28: update StudyOperateList set LeaveDate = Getdate() where leaveDate is null and  UserCode='cxc' and IPAddress='192.168.0.104'
2019-03-21 10:33:28: success0
2019-03-21 10:33:54: connect init:203
2019-03-21 10:33:54: select UserCode, password, UserName,UserType FROM PUB_User where UserCode = 'cxc'
2019-03-21 10:33:54: success1
2019-03-21 10:33:55: insert into pub_LogInfo(UserCode,UserName,ModuleName,AccessionNumber,IPAddress,TimeStamp) values('cxc','陈希超','登录','','192.168.0.104',GetDate())
2019-03-21 10:33:55: success1
2019-03-21 10:33:56: select b.ComboValue,a.ComboType from ComboData as a,ComboDataDetail as b where a.ComboDataIndex=b.ComboDataIndex and a.ComboUID='ssjbxx_Lab'
2019-03-21 10:33:56: success6
2019-03-21 10:33:56: select UserName,UserType from pub_User 
2019-03-21 10:33:56: success32
2019-03-21 10:33:56: select a.StudyDate,b.PatientsName ,b.PatientsID,b.PatientsSex ,a.ExamineName ,a.ExamineDoctor ,a.accessionNumber ,a.Lab ,a.RegDate ,(case a.status when 0 then '未开始' when 1 then '进行中' when 2 then '已完成' end) as myStatus,a.ImportantItem from CISReport a,pub_patients b where a.PatientIndex=b.PatientsIndex and a.StudyDate between '2019-03-21 00:00:00' and '2019-03-21 23:59:59'
2019-03-21 10:33:56: success0
2019-03-21 10:34:02: select a.StudyDate,b.PatientsName ,b.PatientsID,b.PatientsSex ,a.ExamineName ,a.ExamineDoctor ,a.accessionNumber ,a.Lab ,a.RegDate ,(case a.status when 0 then '未开始' when 1 then '进行中' when 2 then '已完成' end) as myStatus,a.ImportantItem from CISReport a,pub_patients b where a.PatientIndex=b.PatientsIndex and a.StudyDate between '2019-02-21 00:00:00' and '2019-03-21 23:59:59'
2019-03-21 10:34:02: success42
2019-03-21 10:34:09: select c.*,p.*,CAST(p.PatientsDOB as  datetime) as Birthday from CISReport as c ,pub_patients as p  where c.patientIndex=p.PatientsIndex and c.AccessionNumber = 'DSA216'
2019-03-21 10:34:09: success1
2019-03-21 10:34:09: insert into pub_LogInfo(UserCode,UserName,ModuleName,AccessionNumber,IPAddress,TimeStamp) values('cxc','陈希超','患者信息','DSA216','192.168.0.104',GetDate())
2019-03-21 10:34:09: success1
2019-03-21 10:34:10: insert into pub_LogInfo(UserCode,UserName,ModuleName,AccessionNumber,IPAddress,TimeStamp) values('cxc','陈希超','护理评估','DSA216','192.168.0.104',GetDate())
2019-03-21 10:34:10: success1
2019-03-21 10:34:10: select * from pub_Dict where DictAbbr = 'hlpg' and DictLevel=1 and ParentDictcode>0 order by ParentDictCode asc,DictIndex asc 
2019-03-21 10:34:10: success1
2019-03-21 10:34:10: select * from pub_Dict order by ParentDictCode asc,DictIndex asc 
2019-03-21 10:34:10: success208
2019-03-21 10:34:10: select * from CisReport where status=2 and  AccessionNumber = 'DSA216'
2019-03-21 10:34:10: success0
2019-03-21 10:34:10: select m.*,p.UserCode from pub_Menu as m ,pub_userPrivilege as p where m.menucode = p.menucode and p.usercode = 'cxc' and m.MenuName='护理评估'
2019-03-21 10:34:10: success1
2019-03-21 10:34:10:  select * from studyOperateList where Leavedate is  null and OperateType = '编辑' and  AccessionNumber = 'DSA216' and ModuleName='护理评估' and IPAddress='192.168.0.104'
2019-03-21 10:34:10: success0
2019-03-21 10:34:10: insert into StudyOperateList(UserCode,ModuleName,AccessionNumber,IPAddress,EnterDate,OperateType,SoftNodeID,SoftNodeName) values('cxc','护理评估','DSA216','192.168.0.104',GetDate(),'编辑','CIS03','3号导管室')
2019-03-21 10:34:10: success1
2019-03-21 10:34:10: select *  from CISReportDetail where FieldAbbr like'hlpg%' and AccessionNumber='DSA216' order by RecordDate asc
2019-03-21 10:34:10: success19
2019-03-21 10:34:13: select * from CISReportDetail where DetailID = 624
2019-03-21 10:34:13: success1
2019-03-21 10:34:13: select Nurse+'|'+Tech+'|'+Physician from CISReport  where AccessionNumber = 'DSA216'
2019-03-21 10:34:13: success1
2019-03-21 10:34:17: select * from CISReportDetail where DetailID = 627
2019-03-21 10:34:17: success1
2019-03-21 10:34:17: select Nurse+'|'+Tech+'|'+Physician from CISReport  where AccessionNumber = 'DSA216'
2019-03-21 10:34:17: success1
2019-03-21 10:34:25: update  CISReportDetail set FieldText='BP|mmHg| |全套|BP80-120mmHgCO223次/分体温37度hr60次 修改',ModifyCode='001',ModifyDate='2019/2/22 15:03:58' where DetailID=627
2019-03-21 10:34:25: success1
2019-03-21 10:34:25: select *  from CISReportDetail where FieldAbbr like'hlpg%' and AccessionNumber='DSA216' order by RecordDate asc
2019-03-21 10:34:25: success19
2019-03-21 10:35:10: update StudyOperateList set LeaveDate = Getdate() where LeaveDate is null and   UserCode='cxc' and AccessionNumber='DSA216' and IPAddress='192.168.0.104' and ModuleName='护理评估'
2019-03-21 10:35:11: success1
2019-03-21 10:35:11: update StudyOperateList set LeaveDate = Getdate() where LeaveDate is null and  UserCode='cxc' and ModuleName='护理评估' and AccessionNumber='DSA216'
2019-03-21 10:35:11: success0
2019-03-21 10:35:11: insert into pub_LogInfo(UserCode,UserName,ModuleName,AccessionNumber,IPAddress,TimeStamp) values('cxc','陈希超','患者信息退出','DSA216','192.168.0.104',GetDate())
2019-03-21 10:35:11: success1
2019-03-21 10:35:11: update StudyOperateList set LeaveDate = Getdate() where leaveDate is null and  UserCode='cxc' and IPAddress='192.168.0.104'
2019-03-21 10:35:11: success0
2019-03-21 10:35:12: update StudyOperateList set LeaveDate = Getdate() where leaveDate is null and  UserCode='cxc' and IPAddress='192.168.0.104'
2019-03-21 10:35:12: success0
2019-03-21 10:45:20: select UserCode, password, UserName,UserType FROM PUB_User where UserCode = 'cxc'
