2019-03-20 22:50:17: connect init:41
2019-03-20 22:50:17: select UserCode, password, UserName,UserType FROM PUB_User where UserCode = 'cxc'
2019-03-20 22:50:17: success1
2019-03-20 22:50:17: insert into pub_LogInfo(UserCode,UserName,ModuleName,AccessionNumber,IPAddress,TimeStamp) values('cxc','陈希超','登录','','192.168.0.104',GetDate())
2019-03-20 22:50:17: success1
2019-03-20 22:50:18: select b.ComboValue,a.ComboType from ComboData as a,ComboDataDetail as b where a.ComboDataIndex=b.ComboDataIndex and a.ComboUID='ssjbxx_Lab'
2019-03-20 22:50:18: success6
2019-03-20 22:50:18: select UserName,UserType from pub_User 
2019-03-20 22:50:18: success32
2019-03-20 22:50:18: select a.StudyDate,b.PatientsName ,b.PatientsID,b.PatientsSex ,a.ExamineName ,a.ExamineDoctor ,a.accessionNumber ,a.Lab ,a.RegDate ,(case a.status when 0 then '未开始' when 1 then '进行中' when 2 then '已完成' end) as myStatus,a.ImportantItem from CISReport a,pub_patients b where a.PatientIndex=b.PatientsIndex and a.StudyDate between '2019-03-20 00:00:00' and '2019-03-20 23:59:59'
2019-03-20 22:50:18: success1
2019-03-20 22:50:20: select c.*,p.*,CAST(p.PatientsDOB as  datetime) as Birthday from CISReport as c ,pub_patients as p  where c.patientIndex=p.PatientsIndex and c.AccessionNumber = 'DSA112'
2019-03-20 22:50:20: success1
2019-03-20 22:50:20: insert into pub_LogInfo(UserCode,UserName,ModuleName,AccessionNumber,IPAddress,TimeStamp) values('cxc','陈希超','患者信息','DSA112','192.168.0.104',GetDate())
2019-03-20 22:50:20: success1
2019-03-20 22:50:22: insert into pub_LogInfo(UserCode,UserName,ModuleName,AccessionNumber,IPAddress,TimeStamp) values('cxc','陈希超','报告模板','DSA112','192.168.0.104',GetDate())
2019-03-20 22:50:22: success1
2019-03-20 22:50:22: select * from Cisreport where AccessionNumber='DSA112'
2019-03-20 22:50:22: success1
2019-03-20 22:50:22: select m.*,p.UserCode from pub_Menu as m,pub_userPrivilege as p where m.menucode = p.menucode and p.usercode = 'cxc' and m.MenuName='报告模板'
2019-03-20 22:50:22: success1
2019-03-20 22:50:22:  select * from studyOperateList where Leavedate is  null and OperateType = '编辑' and  AccessionNumber = 'DSA112' and ModuleName='报告模板'
2019-03-20 22:50:22: success0
2019-03-20 22:50:22: select *,del='删除模板',sign='模板签名',preview='打印预览' from ReportTemplate where AccessionNumber='DSA112'
2019-03-20 22:50:22: success0
2019-03-20 22:50:22: insert into StudyOperateList(UserCode,ModuleName,AccessionNumber,IPAddress,EnterDate,OperateType,SoftNodeID,SoftNodeName) values('cxc','报告模板','DSA112','192.168.0.104',GetDate(),'编辑','CIS03','3号导管室')
2019-03-20 22:50:22: success1
2019-03-20 22:50:24: update StudyOperateList set LeaveDate = Getdate() where  UserCode='cxc' and AccessionNumber='DSA112' and IPAddress='192.168.0.104' and  ModuleName = '报告模板'
2019-03-20 22:50:24: success1
2019-03-20 22:50:24: update StudyOperateList set LeaveDate = Getdate() where LeaveDate is null and  UserCode='cxc' and ModuleName='报告模板' and AccessionNumber='DSA112'
2019-03-20 22:50:24: success0
2019-03-20 22:50:24: insert into pub_LogInfo(UserCode,UserName,ModuleName,AccessionNumber,IPAddress,TimeStamp) values('cxc','陈希超','患者信息退出','DSA112','192.168.0.104',GetDate())
2019-03-20 22:50:24: success1
2019-03-20 22:50:26: update StudyOperateList set LeaveDate = Getdate() where leaveDate is null and  UserCode='cxc' and IPAddress='192.168.0.104'
2019-03-20 22:50:26: success0
2019-03-20 22:50:27: update StudyOperateList set LeaveDate = Getdate() where leaveDate is null and  UserCode='cxc' and IPAddress='192.168.0.104'
2019-03-20 22:50:27: success0
2019-03-20 22:50:30: select c.*,p.*,CAST(p.PatientsDOB as  datetime) as Birthday from CISReport as c ,pub_patients as p  where c.patientIndex=p.PatientsIndex and c.AccessionNumber = 'DSA112'
2019-03-20 22:50:30: success1
2019-03-20 22:50:30: insert into pub_LogInfo(UserCode,UserName,ModuleName,AccessionNumber,IPAddress,TimeStamp) values('cxc','陈希超','患者信息','DSA112','192.168.0.104',GetDate())
2019-03-20 22:50:30: success1
2019-03-20 22:50:31: insert into pub_LogInfo(UserCode,UserName,ModuleName,AccessionNumber,IPAddress,TimeStamp) values('cxc','陈希超','耗材记录','DSA112','192.168.0.104',GetDate())
2019-03-20 22:50:31: success1
2019-03-20 22:50:31: select *,cost=Number*price  from CISEquipment where  AccessionNumber='DSA112' order by RecordDate asc
2019-03-20 22:50:31: success5
2019-03-20 22:50:31: select *,cost=Number*price  from CISEquipment where  AccessionNumber='DSA112' order by RecordDate asc
2019-03-20 22:50:31: success5
2019-03-20 22:50:31: select * from CisReport where status=2 and  AccessionNumber = 'DSA112'
2019-03-20 22:50:31: success0
2019-03-20 22:50:31: select m.*,p.UserCode from pub_Menu as m, pub_userPrivilege as p where m.menucode = p.menucode and p.usercode = 'cxc' and m.MenuName='耗材记录'
2019-03-20 22:50:31: success1
2019-03-20 22:50:31:  select * from studyOperateList where Leavedate is  null and OperateType = '编辑' and  AccessionNumber = 'DSA112' and ModuleName='耗材记录' and IPAddress='192.168.0.104'
2019-03-20 22:50:31: success0
2019-03-20 22:50:31: insert into StudyOperateList(UserCode,ModuleName,AccessionNumber,IPAddress,EnterDate,OperateType,SoftNodeID,SoftNodeName) values('cxc','耗材记录','DSA112','192.168.0.104',GetDate(),'编辑','CIS03','3号导管室')
2019-03-20 22:50:31: success1
2019-03-20 22:50:32: insert into pub_LogInfo(UserCode,UserName,ModuleName,AccessionNumber,IPAddress,TimeStamp) values('cxc','陈希超','报告模板','DSA112','192.168.0.104',GetDate())
2019-03-20 22:50:32: success1
2019-03-20 22:50:33: select * from Cisreport where AccessionNumber='DSA112'
2019-03-20 22:50:33: success1
2019-03-20 22:50:33: select m.*,p.UserCode from pub_Menu as m,pub_userPrivilege as p where m.menucode = p.menucode and p.usercode = 'cxc' and m.MenuName='报告模板'
2019-03-20 22:50:33: success1
2019-03-20 22:50:33:  select * from studyOperateList where Leavedate is  null and OperateType = '编辑' and  AccessionNumber = 'DSA112' and ModuleName='报告模板'
2019-03-20 22:50:33: success0
2019-03-20 22:50:33: select *,del='删除模板',sign='模板签名',preview='打印预览' from ReportTemplate where AccessionNumber='DSA112'
2019-03-20 22:50:33: success0
2019-03-20 22:50:33: insert into StudyOperateList(UserCode,ModuleName,AccessionNumber,IPAddress,EnterDate,OperateType,SoftNodeID,SoftNodeName) values('cxc','报告模板','DSA112','192.168.0.104',GetDate(),'编辑','CIS03','3号导管室')
2019-03-20 22:50:33: success1
2019-03-20 22:50:35: Start Insert 
2019-03-20 22:50:35: Insert into ReportTemplate(RecordCode,RecordName,TemplateName,PdfFileName,AccessionNumber) Values(@RecordCode,@RecordName,@TemplateName,@PdfFileName,@AccessionNumber)
2019-03-20 22:50:35: success1
2019-03-20 22:50:35: select *,del='删除模板',sign='模板签名',preview='打印预览' from ReportTemplate where AccessionNumber='DSA112'
2019-03-20 22:50:35: success1
2019-03-20 22:50:35: select *,Preview='报告预览' from ReportTemplateHistory where TemplateName='正常冠脉造影报告' and AccessionNumber='DSA112'
2019-03-20 22:50:35: success0
2019-03-20 22:50:36: select *,Preview='报告预览' from ReportTemplateHistory where TemplateName='正常冠脉造影报告' and AccessionNumber='DSA112'
2019-03-20 22:50:36: success0
2019-03-20 22:50:36: select a.*,b.*,CAST(PatientsDOB as  datetime) as Birthday from CISReport a,pub_patients b where a.PatientIndex=b.PatientsIndex and a.AccessionNumber='DSA112'
2019-03-20 22:50:36: success1
2019-03-20 22:50:36: select * from CisReportDetail where AccessionNumber='DSA112'
2019-03-20 22:50:36: success17
2019-03-20 22:50:36: select * from CisReportDetail where FieldAbbr like 'hsjrzljl_sq_%' and  AccessionNumber='DSA112'
2019-03-20 22:50:36: success4
2019-03-20 22:50:36: select * from CisReportDetail where FieldAbbr like 'hsjrzljl_SQ_sqzd%' and  AccessionNumber='DSA112'
2019-03-20 22:50:36: success0
2019-03-20 22:50:36: select * from CisReportDetail where FieldAbbr like 'hsjrzljl_sh_%' and  AccessionNumber='DSA112'
2019-03-20 22:50:36: success1
2019-03-20 22:50:36: select * from CisReportDetail where FieldGroup = 'yyjl' and  AccessionNumber='DSA112'
2019-03-20 22:50:36: success5
2019-03-20 22:50:36: select * from CisReportDetail where FieldAbbr like 'yyjl%' and  AccessionNumber='DSA112'
2019-03-20 22:50:36: success5
2019-03-20 22:50:36: select * from CisReportDetail where  FieldGroup='hlpg' and FieldAbbr like 'hlpg_xdjh%'  and AccessionNumber='DSA112' and (FieldText  like '%BP%' or FieldText  like '%HR%' or FieldText  like '%RR%' or FieldText  like '%SPO2%')
2019-03-20 22:50:36: success1
2019-03-20 22:50:36: select * from CisReportDetail where  FieldGroup='hlpg'  and AccessionNumber='DSA112' and (FieldText  like '%NRS%' )
2019-03-20 22:50:36: success1
2019-03-20 22:50:36: select * from CisEquipment where category like '%造影导管%' and AccessionNumber='DSA112'
2019-03-20 22:50:36: success0
2019-03-20 22:50:36: select * from Coronary where AccessionNumber='DSA112'
2019-03-20 22:50:36: success1
2019-03-20 22:50:36: select *,(case xzcd when '区间' then  CAST(XzcdValue1 as varchar(4))+'-'+CAST(XzcdValue2 as varchar(4)) else  CAST(XzcdValue1 as varchar(4))  end ) as NewXzcd from CoronaryDetail where CoronaryIndex=64
2019-03-20 22:50:36: success2
2019-03-20 22:50:36: select * from CisEquipment where  AccessionNumber='DSA112'
2019-03-20 22:50:36: success5
2019-03-20 22:50:36: select *  from PACSPrint where AccessionNumber='DSA112'
2019-03-20 22:50:36: success3
2019-03-20 22:50:48: insert into pub_LogInfo(UserCode,UserName,ModuleName,AccessionNumber,IPAddress,TimeStamp) values('cxc','陈希超','手术日志','DSA112','192.168.0.104',GetDate())
2019-03-20 22:50:48: success1
2019-03-20 22:50:48: exec CreateReportInfoList 'DSA112'
2019-03-20 22:50:48: success29
2019-03-20 22:50:48: select *, (case InfoType when 'hlpg' then '护理评估' when 'hcjl' then '耗材记录' when 'hsjrzljl' then '护士介入治疗记录' when 'yyjl' then '用药记录' when 'ysjrzljl' then '医生介入治疗记录' else InfoType end )  as InfoTypeAlias  from ReportInfoList where  AccessionNumber='DSA112' order by RecordDate asc
2019-03-20 22:50:48: success29
2019-03-20 22:50:48: insert into pub_LogInfo(UserCode,UserName,ModuleName,AccessionNumber,IPAddress,TimeStamp) values('cxc','陈希超','冠脉造影','DSA112','192.168.0.104',GetDate())
2019-03-20 22:50:48: success1
2019-03-20 22:50:49: select b.ComboValue,a.ComboType from ComboData as a,ComboDataDetail as b where a.ComboDataIndex=b.ComboDataIndex and a.ComboUID='gmzy_jrzlqk_cyss' order by b.ComboValueOrder asc
2019-03-20 22:50:49: success9
2019-03-20 22:50:49: select b.ComboValue,a.ComboType from ComboData as a,ComboDataDetail as b where a.ComboDataIndex=b.ComboDataIndex and a.ComboUID='gmzy_jrzlqk_bwjr' order by b.ComboValueOrder asc
2019-03-20 22:50:49: success2
2019-03-20 22:50:49: select b.ComboValue,a.ComboType from ComboData as a,ComboDataDetail as b where a.ComboDataIndex=b.ComboDataIndex and a.ComboUID='gmzy_jrzlqk_zlhTIMI' order by b.ComboValueOrder asc
2019-03-20 22:50:49: success4
2019-03-20 22:50:49: select b.ComboValue,a.ComboType from ComboData as a,ComboDataDetail as b where a.ComboDataIndex=b.ComboDataIndex and a.ComboUID='gmzy_jrzlqk_zrzj' order by b.ComboValueOrder asc
2019-03-20 22:50:49: success8
2019-03-20 22:50:49: select b.ComboValue,a.ComboType from ComboData as a,ComboDataDetail as b where a.ComboDataIndex=b.ComboDataIndex and a.ComboUID='gmzy_jrzlqk_szbfz' order by b.ComboValueOrder asc
2019-03-20 22:50:49: success15
2019-03-20 22:50:49: select b.ComboValue,a.ComboType from ComboData as a,ComboDataDetail as b where a.ComboDataIndex=b.ComboDataIndex and a.ComboUID='gmzy_FFR_ty1' order by b.ComboValueOrder asc
2019-03-20 22:50:49: success9
2019-03-20 22:50:49: select b.ComboValue,a.ComboType from ComboData as a,ComboDataDetail as b where a.ComboDataIndex=b.ComboDataIndex and a.ComboUID='gmzy_FFR_ty2' order by b.ComboValueOrder asc
2019-03-20 22:50:49: success9
2019-03-20 22:50:49: select b.ComboValue,a.ComboType from ComboData as a,ComboDataDetail as b where a.ComboDataIndex=b.ComboDataIndex and a.ComboUID='gmzy_IVUS_IVUSsj1' order by b.ComboValueOrder asc
2019-03-20 22:50:49: success12
2019-03-20 22:50:49: select b.ComboValue,a.ComboType from ComboData as a,ComboDataDetail as b where a.ComboDataIndex=b.ComboDataIndex and a.ComboUID='gmzy_IVUS_IVUSsj2' order by b.ComboValueOrder asc
2019-03-20 22:50:49: success7
2019-03-20 22:50:49: select b.ComboValue,a.ComboType from ComboData as a,ComboDataDetail as b where a.ComboDataIndex=b.ComboDataIndex and a.ComboUID='gmzy_OCT_OCTsj1' order by b.ComboValueOrder asc
2019-03-20 22:50:49: success12
2019-03-20 22:50:49: select b.ComboValue,a.ComboType from ComboData as a,ComboDataDetail as b where a.ComboDataIndex=b.ComboDataIndex and a.ComboUID='gmzy_OCT_OCTsj2' order by b.ComboValueOrder asc
2019-03-20 22:50:49: success7
2019-03-20 22:50:49: select b.ComboValue,a.ComboType from ComboData as a,ComboDataDetail as b where a.ComboDataIndex=b.ComboDataIndex and a.ComboUID='gmzy_jbxx_gmysx' order by b.ComboValueOrder asc
2019-03-20 22:50:49: success3
2019-03-20 22:50:49: select b.ComboValue,a.ComboType from ComboData as a,ComboDataDetail as b where a.ComboDataIndex=b.ComboDataIndex and a.ComboUID='gmzy_jbxx_jxgm' order by b.ComboValueOrder asc
2019-03-20 22:50:49: success5
2019-03-20 22:50:49: select b.ComboValue,a.ComboType from ComboData as a,ComboDataDetail as b where a.ComboDataIndex=b.ComboDataIndex and a.ComboUID='gmzy_jbxx_shzd' order by b.ComboValueOrder asc
2019-03-20 22:50:49: success3
2019-03-20 22:50:49: select b.ComboValue,a.ComboType from ComboData as a,ComboDataDetail as b where a.ComboDataIndex=b.ComboDataIndex and a.ComboUID='gmzy_jbxx_bhff' order by b.ComboValueOrder asc
2019-03-20 22:50:49: success5
2019-03-20 22:50:49: select b.ComboValue,a.ComboType from ComboData as a,ComboDataDetail as b where a.ComboDataIndex=b.ComboDataIndex and a.ComboUID='gmzy_jbxx_bfz' order by b.ComboValueOrder asc
2019-03-20 22:50:49: success3
2019-03-20 22:50:49: select b.ComboValue,a.ComboType from ComboData as a,ComboDataDetail as b where a.ComboDataIndex=b.ComboDataIndex and a.ComboUID='gmzy_jbxx_czxg' order by b.ComboValueOrder asc
2019-03-20 22:50:49: success2
2019-03-20 22:50:49: select b.ComboValue,a.ComboType from ComboData as a,ComboDataDetail as b where a.ComboDataIndex=b.ComboDataIndex and a.ComboUID='gmzy_jbxx_zhidong' order by b.ComboValueOrder asc
2019-03-20 22:50:49: success3
2019-03-20 22:50:49: select b.ComboValue,a.ComboType from ComboData as a,ComboDataDetail as b where a.ComboDataIndex=b.ComboDataIndex and a.ComboUID='gmzy_jbxx_cabgs' order by b.ComboValueOrder asc
2019-03-20 22:50:49: success2
2019-03-20 22:50:49: select b.ComboValue,a.ComboType from ComboData as a,ComboDataDetail as b where a.ComboDataIndex=b.ComboDataIndex and a.ComboUID='gmzy_xm_mtdx' order by b.ComboValueOrder asc
2019-03-20 22:50:49: success4
2019-03-20 22:50:49: select b.ComboValue,a.ComboType from ComboData as a,ComboDataDetail as b where a.ComboDataIndex=b.ComboDataIndex and a.ComboUID='gmzy_xm_jkxg' order by b.ComboValueOrder asc
2019-03-20 22:50:49: success2
2019-03-20 22:50:49: select  * from Coronary where AccessionNumber = 'DSA112'
2019-03-20 22:50:49: success1
2019-03-20 22:50:49: select *  from PACSPrint where AccessionNumber='DSA112' order by LesionName
2019-03-20 22:50:49: success3
2019-03-20 22:50:49: select *,(case xzcd when '区间' then  CAST(XzcdValue1 as varchar(4))+'-'+CAST(XzcdValue2 as varchar(4)) else  CAST(XzcdValue1 as varchar(4))  end ) as NewXzcd,(case Bbcd when '区间' then  CAST(BbcdValue1 as varchar(4))+'-'+CAST(BbcdValue2 as varchar(4)) else  CAST(BbcdValue1 as varchar(4))  end ) as NewBbcd   from CoronaryDetail where CoronaryIndex=64
2019-03-20 22:50:49: success2
2019-03-20 22:50:49: select DetailIndex,(Category+' '+EquipmentName+' '+EquipmentType+' '+Brand) as Equipment,number,sysfcg,cast(zxyl as varchar(12)) as zxyl,cast(zdyl as varchar(12)) as zdyl ,cast(sfsj as varchar(12)) as sfsj,bz from CoronaryEquipmentDetail  where CoronaryDetailIndex =137  and (Category like '%球囊%'  or Category like '%支架%' )  union  select DetailIndex,(Category + ' ' + EquipmentName + ' ' +EquipmentType + ' ' + Brand) as Equipment,number,sysfcg,zxyl='/ ',zdyl='/',sfsj='/',bz from CoronaryEquipmentDetail  where CoronaryDetailIndex = 137 and not (Category like '%球囊%')  and not (Category like '%支架%')  
2019-03-20 22:50:49: success0
2019-03-20 22:50:49: select * from CoronaryInterveneDetail where  CoronaryDetailIndex =137
2019-03-20 22:50:49: success0
2019-03-20 22:50:49: select * from CoronaryIVUSDetail where  CoronaryDetailIndex =137
2019-03-20 22:50:49: success0
2019-03-20 22:50:49: select b.ComboValue,a.ComboType from ComboData as a,ComboDataDetail as b where a.ComboDataIndex=b.ComboDataIndex and a.ComboUID='gmzy_IVUS_IVUSsj1' order by b.ComboValueOrder asc
2019-03-20 22:50:49: success12
2019-03-20 22:50:49: select * from CoronaryROTADetail where  CoronaryDetailIndex =137
2019-03-20 22:50:49: success2
2019-03-20 22:50:49: insert into StudyOperateList(UserCode,ModuleName,AccessionNumber,IPAddress,EnterDate,OperateType,SoftNodeID,SoftNodeName) values('cxc','冠脉造影','DSA112','192.168.0.104',GetDate(),'编辑','CIS03','3号导管室')
2019-03-20 22:50:49: success1
2019-03-20 22:50:49: select DetailIndex,(Category+' '+EquipmentName+' '+EquipmentType+' '+Brand) as Equipment,number,sysfcg,cast(zxyl as varchar(12)) as zxyl,cast(zdyl as varchar(12)) as zdyl ,cast(sfsj as varchar(12)) as sfsj,bz from CoronaryEquipmentDetail  where CoronaryDetailIndex =137  and (Category like '%球囊%'  or Category like '%支架%' )  union  select DetailIndex,(Category + ' ' + EquipmentName + ' ' +EquipmentType + ' ' + Brand) as Equipment,number,sysfcg,zxyl='/ ',zdyl='/',sfsj='/',bz from CoronaryEquipmentDetail  where CoronaryDetailIndex = 137 and not (Category like '%球囊%')  and not (Category like '%支架%')  
2019-03-20 22:50:49: success0
2019-03-20 22:50:49: select * from CoronaryInterveneDetail where  CoronaryDetailIndex =137
2019-03-20 22:50:49: success0
2019-03-20 22:50:49: select * from CoronaryIVUSDetail where  CoronaryDetailIndex =137
2019-03-20 22:50:49: success0
2019-03-20 22:50:49: select b.ComboValue,a.ComboType from ComboData as a,ComboDataDetail as b where a.ComboDataIndex=b.ComboDataIndex and a.ComboUID='gmzy_IVUS_IVUSsj1' order by b.ComboValueOrder asc
2019-03-20 22:50:49: success12
2019-03-20 22:50:49: select * from CoronaryROTADetail where  CoronaryDetailIndex =137
2019-03-20 22:50:49: success2
2019-03-20 22:50:49: select DetailIndex,(Category+' '+EquipmentName+' '+EquipmentType+' '+Brand) as Equipment,number,sysfcg,cast(zxyl as varchar(12)) as zxyl,cast(zdyl as varchar(12)) as zdyl ,cast(sfsj as varchar(12)) as sfsj,bz from CoronaryEquipmentDetail  where CoronaryDetailIndex =137  and (Category like '%球囊%'  or Category like '%支架%' )  union  select DetailIndex,(Category + ' ' + EquipmentName + ' ' +EquipmentType + ' ' + Brand) as Equipment,number,sysfcg,zxyl='/ ',zdyl='/',sfsj='/',bz from CoronaryEquipmentDetail  where CoronaryDetailIndex = 137 and not (Category like '%球囊%')  and not (Category like '%支架%')  
2019-03-20 22:50:49: success0
2019-03-20 22:50:49: select * from CoronaryInterveneDetail where  CoronaryDetailIndex =137
2019-03-20 22:50:49: success0
2019-03-20 22:50:49: select * from CoronaryIVUSDetail where  CoronaryDetailIndex =137
2019-03-20 22:50:49: success0
2019-03-20 22:50:49: select b.ComboValue,a.ComboType from ComboData as a,ComboDataDetail as b where a.ComboDataIndex=b.ComboDataIndex and a.ComboUID='gmzy_IVUS_IVUSsj1' order by b.ComboValueOrder asc
2019-03-20 22:50:49: success12
2019-03-20 22:50:49: select * from CoronaryROTADetail where  CoronaryDetailIndex =137
2019-03-20 22:50:49: success2
2019-03-20 22:51:03: Start Insert 
2019-03-20 22:51:03: Insert into CoronaryROTADetail(mtdx,zs,jkxg,CoronaryDetailIndex,RecordCode,RecordName,RecordDate) Values(@mtdx,@zs,@jkxg,@CoronaryDetailIndex,@RecordCode,@RecordName,@RecordDate)
2019-03-20 22:51:03: success1
2019-03-20 22:51:03: select * from CoronaryROTADetail where CoronaryDetailIndex=137
2019-03-20 22:51:03: success3
2019-03-20 22:51:08: start UpdateRecord
2019-03-20 22:51:08: Update CoronaryROTADetail set mtdx=@mtdx,zs=@zs,jkxg=@jkxg,CoronaryDetailIndex=@CoronaryDetailIndex,RecordCode=@RecordCode,RecordName=@RecordName,RecordDate=@RecordDate where DetailIndex=@DetailIndex
2019-03-20 22:51:08: success1
2019-03-20 22:51:08: select * from CoronaryROTADetail where CoronaryDetailIndex=137
2019-03-20 22:51:08: success3
2019-03-20 22:51:10: select *,cost=Number*price  from CISEquipment where  AccessionNumber='DSA112' order by RecordDate asc
2019-03-20 22:51:10: success5
2019-03-20 22:51:11: update StudyOperateList set LeaveDate = Getdate() where LeaveDate is null and   UserCode='cxc' and AccessionNumber='DSA112' and IPAddress='192.168.0.104' and ModuleName='耗材记录'
2019-03-20 22:51:11: success1
2019-03-20 22:51:11: update StudyOperateList set LeaveDate = Getdate() where LeaveDate is null and  UserCode='cxc' and ModuleName='耗材记录' and AccessionNumber='DSA112'
2019-03-20 22:51:11: success0
2019-03-20 22:51:11: exec CreateReportInfoList 'DSA112'
2019-03-20 22:51:11: success59
2019-03-20 22:51:11: select *, (case InfoType when 'hlpg' then '护理评估' when 'hcjl' then '耗材记录' when 'hsjrzljl' then '护士介入治疗记录' when 'yyjl' then '用药记录' when 'ysjrzljl' then '医生介入治疗记录' else InfoType end )  as InfoTypeAlias  from ReportInfoList where  AccessionNumber='DSA112' order by RecordDate asc
2019-03-20 22:51:11: success30
2019-03-20 22:51:11: insert into pub_LogInfo(UserCode,UserName,ModuleName,AccessionNumber,IPAddress,TimeStamp) values('cxc','陈希超','患者信息退出','DSA112','192.168.0.104',GetDate())
2019-03-20 22:51:11: success1
2019-03-20 22:51:11: update StudyOperateList set LeaveDate = Getdate() where LeaveDate is null and   UserCode='cxc' and AccessionNumber='DSA112' and IPAddress='192.168.0.104' and ModuleName='冠脉造影'
2019-03-20 22:51:11: success1
2019-03-20 22:51:11: update StudyOperateList set LeaveDate = Getdate() where LeaveDate is null and  UserCode='cxc' and ModuleName='冠脉造影' and AccessionNumber='DSA112'
2019-03-20 22:51:11: success0
2019-03-20 22:51:11: insert into pub_LogInfo(UserCode,UserName,ModuleName,AccessionNumber,IPAddress,TimeStamp) values('cxc','陈希超','患者信息退出','DSA112','192.168.0.104',GetDate())
2019-03-20 22:51:11: success1
2019-03-20 22:51:11: update StudyOperateList set LeaveDate = Getdate() where leaveDate is null and  UserCode='cxc' and IPAddress='192.168.0.104'
2019-03-20 22:51:11: success1
2019-03-20 22:51:12: update StudyOperateList set LeaveDate = Getdate() where leaveDate is null and  UserCode='cxc' and IPAddress='192.168.0.104'
2019-03-20 22:51:12: success0
